<?xml version="1.0" encoding="UTF-8"?>
<testsuites name="Test Suite Mobile" time="399.348" tests="12" failures="0" errors="0">
   <testsuite name="Test Suite Mobile" tests="12" failures="0" errors="0" time="399.348" skipped="0" timestamp="2023-04-01 13:58:01" hostname="asus - LAPTOP-LUVALEJ3" id="Test Suites/Mobile/Test Suite Mobile">
      <properties>
         <property name="deviceName" value="emulator-5554 (AOSP on IA Emulator - Android 9)"/>
         <property name="devicePlatform" value=""/>
         <property name="logFolder" value="D:\\JOB SEEKER\\SURPLUS\\Automation Script\\Reports\\20230401_135741\\Mobile\\Test Suite Mobile\\20230401_135741"/>
         <property name="logFiles" value="D:\\JOB SEEKER\\SURPLUS\\Automation Script\\Reports\\20230401_135741\\Mobile\\Test Suite Mobile\\20230401_135741\\appium.log, D:\\JOB SEEKER\\SURPLUS\\Automation Script\\Reports\\20230401_135741\\Mobile\\Test Suite Mobile\\20230401_135741\\execution0.log"/>
         <property name="attachments" value=""/>
         <property name="hostName" value="asus - LAPTOP-LUVALEJ3"/>
         <property name="os" value="Windows 10 64bit"/>
         <property name="appiumServerStatus" value="{&quot;value&quot;:{&quot;build&quot;:{&quot;version&quot;:&quot;1.22.3&quot;}},&quot;sessionId&quot;:null,&quot;status&quot;:0}"/>
         <property name="katalonVersion" value="8.4.0.208"/>
         <property name="deviceOS" value="Android"/>
         <property name="appiumVersion" value="1.22.3"/>
         <property name="deviceModel" value="AOSP on IA Emulator"/>
         <property name="hostAddress" value="172.20.10.3"/>
         <property name="deviceManufacturer" value="Google"/>
         <property name="deviceId" value="emulator-5554"/>
         <property name="deviceName" value="emulator-5554 (AOSP on IA Emulator - Android 9)"/>
         <property name="deviceOSVersion" value="9"/>
      </properties>
      <testcase name="Test Cases/Mobile - Register" time="55.045" classname="Test Cases/Mobile - Register" status="PASSED">
         <system-out><![CDATA[2023-04-01 13:58:02 - [TEST_CASE][PASSED] - Test Cases/Mobile - Register: Test Cases/Mobile - Register

2023-04-01 13:58:04 - [TEST_STEP][PASSED] - faker = new com.github.javafaker.Faker(): null

2023-04-01 13:58:04 - [TEST_STEP][PASSED] - firstName = name().firstName(): null

2023-04-01 13:58:04 - [TEST_STEP][PASSED] - name = firstName: null

2023-04-01 13:58:05 - [TEST_STEP][PASSED] - email = surplusKeywords.RandomEmail.getEmail("emailUser", "gmail.com"): surplusKeywords.RandomEmail.getEmail is PASSED

2023-04-01 13:58:06 - [MESSAGE][PASSED] - surplusKeywords.RandomEmail.getEmail is PASSED

2023-04-01 13:58:06 - [TEST_STEP][PASSED] - email = email: null

2023-04-01 13:58:06 - [TEST_STEP][PASSED] - out.println(email): null

2023-04-01 13:58:06 - [TEST_STEP][PASSED] - currentRelativePath = Paths.get(""): null

2023-04-01 13:58:06 - [TEST_STEP][PASSED] - s = toAbsolutePath().toString(): null

2023-04-01 13:58:06 - [TEST_STEP][PASSED] - out.println("Current absolute path is: " + s): null

2023-04-01 13:58:06 - [TEST_STEP][PASSED] - s = s + "\Data Files\APK Android\SampleAndroidApp-LoginTes_4.0_Apkpure.apk": null

2023-04-01 13:58:06 - [TEST_STEP][PASSED] - out.println("Current absolute path is: " + s): null

2023-04-01 13:58:06 - [TEST_STEP][PASSED] - startApplication(s, false): Started app at: 'D:\JOB SEEKER\SURPLUS\Automation Script\Data Files\APK Android\SampleAndroidApp-LoginTes_4.0_Apkpure.apk'

2023-04-01 13:58:09 - [MESSAGE][INFO] - Detected NodeJS location: "C:\Program Files\nodejs\node.exe"

2023-04-01 13:58:17 - [MESSAGE][INFO] - Appium server started on port 55,940

2023-04-01 13:58:44 - [MESSAGE][PASSED] - Started app at: 'D:\JOB SEEKER\SURPLUS\Automation Script\Data Files\APK Android\SampleAndroidApp-LoginTes_4.0_Apkpure.apk'

2023-04-01 13:58:44 - [TEST_STEP][PASSED] - delay(5, STOP_ON_FAILURE): Delayed 5 second(s)

2023-04-01 13:58:49 - [MESSAGE][PASSED] - Delayed 5 second(s)

2023-04-01 13:58:49 - [TEST_STEP][PASSED] - tap(findTestObject("MOBILE OBJECT/Register/lbl_createAccount"), 10): Tapped on element 'Object Repository/MOBILE OBJECT/Register/lbl_createAccount'

2023-04-01 13:58:50 - [MESSAGE][PASSED] - Tapped on element 'Object Repository/MOBILE OBJECT/Register/lbl_createAccount'

2023-04-01 13:58:50 - [TEST_STEP][PASSED] - setText(findTestObject("MOBILE OBJECT/Register/txt_add_name"), name, 10): Text 'Robbie' has been set to element 'Object Repository/MOBILE OBJECT/Register/txt_add_name'

2023-04-01 13:58:52 - [MESSAGE][PASSED] - Text 'Robbie' has been set to element 'Object Repository/MOBILE OBJECT/Register/txt_add_name'

2023-04-01 13:58:52 - [TEST_STEP][PASSED] - setText(findTestObject("MOBILE OBJECT/Register/txt_add_email"), email, 10): Text 'emailUser79@gmail.com' has been set to element 'Object Repository/MOBILE OBJECT/Register/txt_add_email'

2023-04-01 13:58:53 - [MESSAGE][PASSED] - Text 'emailUser79@gmail.com' has been set to element 'Object Repository/MOBILE OBJECT/Register/txt_add_email'

2023-04-01 13:58:53 - [TEST_STEP][PASSED] - setEncryptedText(findTestObject("MOBILE OBJECT/Register/txt_add_password"), "7ZTatM+q3vAyZQd2ps7zRg==", 10): Encrypted text '7ZTatM+q3vAyZQd2ps7zRg==' has been set to element 'Object Repository/MOBILE OBJECT/Register/txt_add_password'

2023-04-01 13:58:55 - [MESSAGE][PASSED] - Encrypted text '7ZTatM+q3vAyZQd2ps7zRg==' has been set to element 'Object Repository/MOBILE OBJECT/Register/txt_add_password'

2023-04-01 13:58:55 - [TEST_STEP][PASSED] - setEncryptedText(findTestObject("MOBILE OBJECT/Register/txt_add_confirmPassword"), "7ZTatM+q3vAyZQd2ps7zRg==", 10): Encrypted text '7ZTatM+q3vAyZQd2ps7zRg==' has been set to element 'Object Repository/MOBILE OBJECT/Register/txt_add_confirmPassword'

2023-04-01 13:58:56 - [MESSAGE][PASSED] - Encrypted text '7ZTatM+q3vAyZQd2ps7zRg==' has been set to element 'Object Repository/MOBILE OBJECT/Register/txt_add_confirmPassword'

2023-04-01 13:58:56 - [TEST_STEP][PASSED] - tap(findTestObject("MOBILE OBJECT/Register/btn_register"), 10): Tapped on element 'Object Repository/MOBILE OBJECT/Register/btn_register'

2023-04-01 13:58:57 - [MESSAGE][PASSED] - Tapped on element 'Object Repository/MOBILE OBJECT/Register/btn_register'

2023-04-01 13:58:57 - [TEST_STEP][PASSED] - pressBack(): Press back button successfully

2023-04-01 13:58:57 - [MESSAGE][PASSED] - Press back button successfully]]></system-out>
         <system-err><![CDATA[]]></system-err>
      </testcase>
      <testcase name="Test Cases/Negative Case Mobile - Register - Email has been taken" time="28.666" classname="Test Cases/Negative Case Mobile - Register - Email has been taken" status="PASSED">
         <system-out><![CDATA[2023-04-01 13:58:57 - [TEST_CASE][PASSED] - Test Cases/Negative Case Mobile - Register - Email has been taken: Test Cases/Negative Case Mobile - Register - Email has been taken

2023-04-01 13:58:58 - [TEST_STEP][PASSED] - faker = new com.github.javafaker.Faker(): null

2023-04-01 13:58:58 - [TEST_STEP][PASSED] - firstName = name().firstName(): null

2023-04-01 13:58:58 - [TEST_STEP][PASSED] - name = firstName: null

2023-04-01 13:58:58 - [TEST_STEP][PASSED] - currentRelativePath = Paths.get(""): null

2023-04-01 13:58:58 - [TEST_STEP][PASSED] - s = toAbsolutePath().toString(): null

2023-04-01 13:58:58 - [TEST_STEP][PASSED] - out.println("Current absolute path is: " + s): null

2023-04-01 13:58:58 - [TEST_STEP][PASSED] - s = s + "\Data Files\APK Android\SampleAndroidApp-LoginTes_4.0_Apkpure.apk": null

2023-04-01 13:58:58 - [TEST_STEP][PASSED] - out.println("Current absolute path is: " + s): null

2023-04-01 13:58:58 - [TEST_STEP][PASSED] - startApplication(s, false): Started app at: 'D:\JOB SEEKER\SURPLUS\Automation Script\Data Files\APK Android\SampleAndroidApp-LoginTes_4.0_Apkpure.apk'

2023-04-01 13:59:12 - [MESSAGE][PASSED] - Started app at: 'D:\JOB SEEKER\SURPLUS\Automation Script\Data Files\APK Android\SampleAndroidApp-LoginTes_4.0_Apkpure.apk'

2023-04-01 13:59:12 - [TEST_STEP][PASSED] - delay(5, STOP_ON_FAILURE): Delayed 5 second(s)

2023-04-01 13:59:17 - [MESSAGE][PASSED] - Delayed 5 second(s)

2023-04-01 13:59:17 - [TEST_STEP][PASSED] - tap(findTestObject("MOBILE OBJECT/Register/lbl_createAccount"), 10): Tapped on element 'Object Repository/MOBILE OBJECT/Register/lbl_createAccount'

2023-04-01 13:59:19 - [MESSAGE][PASSED] - Tapped on element 'Object Repository/MOBILE OBJECT/Register/lbl_createAccount'

2023-04-01 13:59:19 - [TEST_STEP][PASSED] - setText(findTestObject("MOBILE OBJECT/Register/txt_add_name"), firstName, 10): Text 'Marhta' has been set to element 'Object Repository/MOBILE OBJECT/Register/txt_add_name'

2023-04-01 13:59:21 - [MESSAGE][PASSED] - Text 'Marhta' has been set to element 'Object Repository/MOBILE OBJECT/Register/txt_add_name'

2023-04-01 13:59:21 - [TEST_STEP][PASSED] - setText(findTestObject("MOBILE OBJECT/Register/txt_add_email"), "sopigp@gmail.com", 10): Text 'sopigp@gmail.com' has been set to element 'Object Repository/MOBILE OBJECT/Register/txt_add_email'

2023-04-01 13:59:22 - [MESSAGE][PASSED] - Text 'sopigp@gmail.com' has been set to element 'Object Repository/MOBILE OBJECT/Register/txt_add_email'

2023-04-01 13:59:22 - [TEST_STEP][PASSED] - setEncryptedText(findTestObject("MOBILE OBJECT/Register/txt_add_password"), "7ZTatM+q3vAyZQd2ps7zRg==", 10): Encrypted text '7ZTatM+q3vAyZQd2ps7zRg==' has been set to element 'Object Repository/MOBILE OBJECT/Register/txt_add_password'

2023-04-01 13:59:23 - [MESSAGE][PASSED] - Encrypted text '7ZTatM+q3vAyZQd2ps7zRg==' has been set to element 'Object Repository/MOBILE OBJECT/Register/txt_add_password'

2023-04-01 13:59:23 - [TEST_STEP][PASSED] - setEncryptedText(findTestObject("MOBILE OBJECT/Register/txt_add_confirmPassword"), "7ZTatM+q3vAyZQd2ps7zRg==", 10): Encrypted text '7ZTatM+q3vAyZQd2ps7zRg==' has been set to element 'Object Repository/MOBILE OBJECT/Register/txt_add_confirmPassword'

2023-04-01 13:59:25 - [MESSAGE][PASSED] - Encrypted text '7ZTatM+q3vAyZQd2ps7zRg==' has been set to element 'Object Repository/MOBILE OBJECT/Register/txt_add_confirmPassword'

2023-04-01 13:59:25 - [TEST_STEP][PASSED] - tap(findTestObject("MOBILE OBJECT/Register/btn_register"), 10): Tapped on element 'Object Repository/MOBILE OBJECT/Register/btn_register'

2023-04-01 13:59:25 - [MESSAGE][PASSED] - Tapped on element 'Object Repository/MOBILE OBJECT/Register/btn_register'

2023-04-01 13:59:25 - [TEST_STEP][PASSED] - pressBack(): Press back button successfully

2023-04-01 13:59:26 - [MESSAGE][PASSED] - Press back button successfully]]></system-out>
         <system-err><![CDATA[]]></system-err>
      </testcase>
      <testcase name="Test Cases/Negative Case Mobile - Register - Empty Value" time="55.653" classname="Test Cases/Negative Case Mobile - Register - Empty Value" status="PASSED">
         <system-out><![CDATA[2023-04-01 13:59:26 - [TEST_CASE][PASSED] - Test Cases/Negative Case Mobile - Register - Empty Value: Test Cases/Negative Case Mobile - Register - Empty Value

2023-04-01 13:59:27 - [TEST_STEP][PASSED] - faker = new com.github.javafaker.Faker(): null

2023-04-01 13:59:27 - [TEST_STEP][PASSED] - firstName = name().firstName(): null

2023-04-01 13:59:27 - [TEST_STEP][PASSED] - name = firstName: null

2023-04-01 13:59:27 - [TEST_STEP][PASSED] - email = surplusKeywords.RandomEmail.getEmail("emailUser", "gmail.com"): surplusKeywords.RandomEmail.getEmail is PASSED

2023-04-01 13:59:27 - [MESSAGE][PASSED] - surplusKeywords.RandomEmail.getEmail is PASSED

2023-04-01 13:59:27 - [TEST_STEP][PASSED] - email = email: null

2023-04-01 13:59:27 - [TEST_STEP][PASSED] - out.println(email): null

2023-04-01 13:59:27 - [TEST_STEP][PASSED] - currentRelativePath = Paths.get(""): null

2023-04-01 13:59:27 - [TEST_STEP][PASSED] - s = toAbsolutePath().toString(): null

2023-04-01 13:59:27 - [TEST_STEP][PASSED] - out.println("Current absolute path is: " + s): null

2023-04-01 13:59:27 - [TEST_STEP][PASSED] - s = s + "\Data Files\APK Android\SampleAndroidApp-LoginTes_4.0_Apkpure.apk": null

2023-04-01 13:59:27 - [TEST_STEP][PASSED] - out.println("Current absolute path is: " + s): null

2023-04-01 13:59:27 - [TEST_STEP][PASSED] - startApplication(s, false): Started app at: 'D:\JOB SEEKER\SURPLUS\Automation Script\Data Files\APK Android\SampleAndroidApp-LoginTes_4.0_Apkpure.apk'

2023-04-01 13:59:41 - [MESSAGE][PASSED] - Started app at: 'D:\JOB SEEKER\SURPLUS\Automation Script\Data Files\APK Android\SampleAndroidApp-LoginTes_4.0_Apkpure.apk'

2023-04-01 13:59:41 - [TEST_STEP][PASSED] - delay(5, STOP_ON_FAILURE): Delayed 5 second(s)

2023-04-01 13:59:46 - [MESSAGE][PASSED] - Delayed 5 second(s)

2023-04-01 13:59:46 - [TEST_STEP][PASSED] - tap(findTestObject("MOBILE OBJECT/Register/lbl_createAccount"), 10): Tapped on element 'Object Repository/MOBILE OBJECT/Register/lbl_createAccount'

2023-04-01 13:59:47 - [MESSAGE][PASSED] - Tapped on element 'Object Repository/MOBILE OBJECT/Register/lbl_createAccount'

2023-04-01 13:59:47 - [TEST_STEP][PASSED] - setText(findTestObject("MOBILE OBJECT/Register/txt_add_name"), "", 0): Text '' has been set to element 'Object Repository/MOBILE OBJECT/Register/txt_add_name'

2023-04-01 13:59:47 - [MESSAGE][WARNING] - Timeout '0' is invalid. Using default page load timeout: '30'

2023-04-01 13:59:49 - [MESSAGE][PASSED] - Text '' has been set to element 'Object Repository/MOBILE OBJECT/Register/txt_add_name'

2023-04-01 13:59:49 - [TEST_STEP][PASSED] - setText(findTestObject("MOBILE OBJECT/Register/txt_add_email"), "", 0): Text '' has been set to element 'Object Repository/MOBILE OBJECT/Register/txt_add_email'

2023-04-01 13:59:49 - [MESSAGE][WARNING] - Timeout '0' is invalid. Using default page load timeout: '30'

2023-04-01 13:59:50 - [MESSAGE][PASSED] - Text '' has been set to element 'Object Repository/MOBILE OBJECT/Register/txt_add_email'

2023-04-01 13:59:50 - [TEST_STEP][PASSED] - setText(findTestObject("MOBILE OBJECT/Register/txt_add_password"), "", 0): Text '' has been set to element 'Object Repository/MOBILE OBJECT/Register/txt_add_password'

2023-04-01 13:59:51 - [MESSAGE][WARNING] - Timeout '0' is invalid. Using default page load timeout: '30'

2023-04-01 13:59:52 - [MESSAGE][PASSED] - Text '' has been set to element 'Object Repository/MOBILE OBJECT/Register/txt_add_password'

2023-04-01 13:59:52 - [TEST_STEP][PASSED] - setText(findTestObject("MOBILE OBJECT/Register/txt_add_confirmPassword"), "", 0): Text '' has been set to element 'Object Repository/MOBILE OBJECT/Register/txt_add_confirmPassword'

2023-04-01 13:59:52 - [MESSAGE][WARNING] - Timeout '0' is invalid. Using default page load timeout: '30'

2023-04-01 13:59:53 - [MESSAGE][PASSED] - Text '' has been set to element 'Object Repository/MOBILE OBJECT/Register/txt_add_confirmPassword'

2023-04-01 13:59:53 - [TEST_STEP][PASSED] - tap(findTestObject("MOBILE OBJECT/Register/btn_register"), 10): Tapped on element 'Object Repository/MOBILE OBJECT/Register/btn_register'

2023-04-01 13:59:54 - [MESSAGE][PASSED] - Tapped on element 'Object Repository/MOBILE OBJECT/Register/btn_register'

2023-04-01 13:59:54 - [TEST_STEP][PASSED] - verifyElementVisible(findTestObject("MOBILE OBJECT/Register/errorMessage_name"), 10): Element 'Object Repository/MOBILE OBJECT/Register/errorMessage_name' is visible

2023-04-01 13:59:55 - [MESSAGE][PASSED] - Element 'Object Repository/MOBILE OBJECT/Register/errorMessage_name' is visible

2023-04-01 13:59:55 - [TEST_STEP][PASSED] - errorMessageName = getText(findTestObject("MOBILE OBJECT/Register/errorMessage_name"), 10): Text of element 'Object Repository/MOBILE OBJECT/Register/errorMessage_name' is: 'Enter Full Name'

2023-04-01 13:59:55 - [MESSAGE][PASSED] - Text of element 'Object Repository/MOBILE OBJECT/Register/errorMessage_name' is: 'Enter Full Name'

2023-04-01 13:59:55 - [TEST_STEP][PASSED] - verifyMatch(errorMessageName, "Enter Full Name", false): Actual text 'Enter Full Name' and expected text 'Enter Full Name' are matched 

2023-04-01 13:59:55 - [MESSAGE][PASSED] - Actual text 'Enter Full Name' and expected text 'Enter Full Name' are matched 

2023-04-01 13:59:55 - [TEST_STEP][PASSED] - pressBack(): Press back button successfully

2023-04-01 13:59:55 - [MESSAGE][PASSED] - Press back button successfully

2023-04-01 13:59:55 - [TEST_STEP][PASSED] - tap(findTestObject("MOBILE OBJECT/Register/lbl_createAccount"), 10): Tapped on element 'Object Repository/MOBILE OBJECT/Register/lbl_createAccount'

2023-04-01 13:59:56 - [MESSAGE][PASSED] - Tapped on element 'Object Repository/MOBILE OBJECT/Register/lbl_createAccount'

2023-04-01 13:59:56 - [TEST_STEP][PASSED] - setText(findTestObject("MOBILE OBJECT/Register/txt_add_name"), firstName, 10): Text 'Roland' has been set to element 'Object Repository/MOBILE OBJECT/Register/txt_add_name'

2023-04-01 13:59:58 - [MESSAGE][PASSED] - Text 'Roland' has been set to element 'Object Repository/MOBILE OBJECT/Register/txt_add_name'

2023-04-01 13:59:58 - [TEST_STEP][PASSED] - setText(findTestObject("MOBILE OBJECT/Register/txt_add_email"), "", 0): Text '' has been set to element 'Object Repository/MOBILE OBJECT/Register/txt_add_email'

2023-04-01 13:59:58 - [MESSAGE][WARNING] - Timeout '0' is invalid. Using default page load timeout: '30'

2023-04-01 14:00:00 - [MESSAGE][PASSED] - Text '' has been set to element 'Object Repository/MOBILE OBJECT/Register/txt_add_email'

2023-04-01 14:00:00 - [TEST_STEP][PASSED] - setText(findTestObject("MOBILE OBJECT/Register/txt_add_password"), "", 0): Text '' has been set to element 'Object Repository/MOBILE OBJECT/Register/txt_add_password'

2023-04-01 14:00:00 - [MESSAGE][WARNING] - Timeout '0' is invalid. Using default page load timeout: '30'

2023-04-01 14:00:01 - [MESSAGE][PASSED] - Text '' has been set to element 'Object Repository/MOBILE OBJECT/Register/txt_add_password'

2023-04-01 14:00:01 - [TEST_STEP][PASSED] - setText(findTestObject("MOBILE OBJECT/Register/txt_add_confirmPassword"), "", 0): Text '' has been set to element 'Object Repository/MOBILE OBJECT/Register/txt_add_confirmPassword'

2023-04-01 14:00:01 - [MESSAGE][WARNING] - Timeout '0' is invalid. Using default page load timeout: '30'

2023-04-01 14:00:02 - [MESSAGE][PASSED] - Text '' has been set to element 'Object Repository/MOBILE OBJECT/Register/txt_add_confirmPassword'

2023-04-01 14:00:02 - [TEST_STEP][PASSED] - tap(findTestObject("MOBILE OBJECT/Register/btn_register"), 10): Tapped on element 'Object Repository/MOBILE OBJECT/Register/btn_register'

2023-04-01 14:00:03 - [MESSAGE][PASSED] - Tapped on element 'Object Repository/MOBILE OBJECT/Register/btn_register'

2023-04-01 14:00:03 - [TEST_STEP][PASSED] - verifyElementVisible(findTestObject("MOBILE OBJECT/Register/errorMessage_email"), 10): Element 'Object Repository/MOBILE OBJECT/Register/errorMessage_email' is visible

2023-04-01 14:00:04 - [MESSAGE][PASSED] - Element 'Object Repository/MOBILE OBJECT/Register/errorMessage_email' is visible

2023-04-01 14:00:04 - [TEST_STEP][PASSED] - errorMessageEmail = getText(findTestObject("MOBILE OBJECT/Register/errorMessage_email"), 10): Text of element 'Object Repository/MOBILE OBJECT/Register/errorMessage_email' is: 'Enter Valid Email'

2023-04-01 14:00:04 - [MESSAGE][PASSED] - Text of element 'Object Repository/MOBILE OBJECT/Register/errorMessage_email' is: 'Enter Valid Email'

2023-04-01 14:00:04 - [TEST_STEP][PASSED] - verifyMatch(errorMessageEmail, "Enter Valid Email", false): Actual text 'Enter Valid Email' and expected text 'Enter Valid Email' are matched 

2023-04-01 14:00:04 - [MESSAGE][PASSED] - Actual text 'Enter Valid Email' and expected text 'Enter Valid Email' are matched 

2023-04-01 14:00:04 - [TEST_STEP][PASSED] - pressBack(): Press back button successfully

2023-04-01 14:00:05 - [MESSAGE][PASSED] - Press back button successfully

2023-04-01 14:00:05 - [TEST_STEP][PASSED] - tap(findTestObject("MOBILE OBJECT/Register/lbl_createAccount"), 10): Tapped on element 'Object Repository/MOBILE OBJECT/Register/lbl_createAccount'

2023-04-01 14:00:06 - [MESSAGE][PASSED] - Tapped on element 'Object Repository/MOBILE OBJECT/Register/lbl_createAccount'

2023-04-01 14:00:06 - [TEST_STEP][PASSED] - setText(findTestObject("MOBILE OBJECT/Register/txt_add_name"), firstName, 10): Text 'Roland' has been set to element 'Object Repository/MOBILE OBJECT/Register/txt_add_name'

2023-04-01 14:00:08 - [MESSAGE][PASSED] - Text 'Roland' has been set to element 'Object Repository/MOBILE OBJECT/Register/txt_add_name'

2023-04-01 14:00:08 - [TEST_STEP][PASSED] - setText(findTestObject("MOBILE OBJECT/Register/txt_add_email"), email, 10): Text 'emailUser307@gmail.com' has been set to element 'Object Repository/MOBILE OBJECT/Register/txt_add_email'

2023-04-01 14:00:09 - [MESSAGE][PASSED] - Text 'emailUser307@gmail.com' has been set to element 'Object Repository/MOBILE OBJECT/Register/txt_add_email'

2023-04-01 14:00:09 - [TEST_STEP][PASSED] - setText(findTestObject("MOBILE OBJECT/Register/txt_add_password"), "", 0): Text '' has been set to element 'Object Repository/MOBILE OBJECT/Register/txt_add_password'

2023-04-01 14:00:09 - [MESSAGE][WARNING] - Timeout '0' is invalid. Using default page load timeout: '30'

2023-04-01 14:00:10 - [MESSAGE][PASSED] - Text '' has been set to element 'Object Repository/MOBILE OBJECT/Register/txt_add_password'

2023-04-01 14:00:10 - [TEST_STEP][PASSED] - setText(findTestObject("MOBILE OBJECT/Register/txt_add_confirmPassword"), "", 0): Text '' has been set to element 'Object Repository/MOBILE OBJECT/Register/txt_add_confirmPassword'

2023-04-01 14:00:10 - [MESSAGE][WARNING] - Timeout '0' is invalid. Using default page load timeout: '30'

2023-04-01 14:00:11 - [MESSAGE][PASSED] - Text '' has been set to element 'Object Repository/MOBILE OBJECT/Register/txt_add_confirmPassword'

2023-04-01 14:00:11 - [TEST_STEP][PASSED] - tap(findTestObject("MOBILE OBJECT/Register/btn_register"), 10): Tapped on element 'Object Repository/MOBILE OBJECT/Register/btn_register'

2023-04-01 14:00:12 - [MESSAGE][PASSED] - Tapped on element 'Object Repository/MOBILE OBJECT/Register/btn_register'

2023-04-01 14:00:12 - [TEST_STEP][PASSED] - verifyElementVisible(findTestObject("MOBILE OBJECT/Register/errorMessage_password"), 10): Element 'Object Repository/MOBILE OBJECT/Register/errorMessage_password' is visible

2023-04-01 14:00:13 - [MESSAGE][PASSED] - Element 'Object Repository/MOBILE OBJECT/Register/errorMessage_password' is visible

2023-04-01 14:00:13 - [TEST_STEP][PASSED] - errorMessagePassword = getText(findTestObject("MOBILE OBJECT/Register/errorMessage_password"), 10): Text of element 'Object Repository/MOBILE OBJECT/Register/errorMessage_password' is: 'Enter Password'

2023-04-01 14:00:13 - [MESSAGE][PASSED] - Text of element 'Object Repository/MOBILE OBJECT/Register/errorMessage_password' is: 'Enter Password'

2023-04-01 14:00:13 - [TEST_STEP][PASSED] - verifyMatch(errorMessagePassword, "Enter Password", false): Actual text 'Enter Password' and expected text 'Enter Password' are matched 

2023-04-01 14:00:13 - [MESSAGE][PASSED] - Actual text 'Enter Password' and expected text 'Enter Password' are matched 

2023-04-01 14:00:13 - [TEST_STEP][PASSED] - pressBack(): Press back button successfully

2023-04-01 14:00:13 - [MESSAGE][PASSED] - Press back button successfully

2023-04-01 14:00:13 - [TEST_STEP][PASSED] - tap(findTestObject("MOBILE OBJECT/Register/lbl_createAccount"), 10): Tapped on element 'Object Repository/MOBILE OBJECT/Register/lbl_createAccount'

2023-04-01 14:00:15 - [MESSAGE][PASSED] - Tapped on element 'Object Repository/MOBILE OBJECT/Register/lbl_createAccount'

2023-04-01 14:00:15 - [TEST_STEP][PASSED] - setText(findTestObject("MOBILE OBJECT/Register/txt_add_name"), firstName, 10): Text 'Roland' has been set to element 'Object Repository/MOBILE OBJECT/Register/txt_add_name'

2023-04-01 14:00:16 - [MESSAGE][PASSED] - Text 'Roland' has been set to element 'Object Repository/MOBILE OBJECT/Register/txt_add_name'

2023-04-01 14:00:16 - [TEST_STEP][PASSED] - setText(findTestObject("MOBILE OBJECT/Register/txt_add_email"), email, 10): Text 'emailUser307@gmail.com' has been set to element 'Object Repository/MOBILE OBJECT/Register/txt_add_email'

2023-04-01 14:00:17 - [MESSAGE][PASSED] - Text 'emailUser307@gmail.com' has been set to element 'Object Repository/MOBILE OBJECT/Register/txt_add_email'

2023-04-01 14:00:17 - [TEST_STEP][PASSED] - setEncryptedText(findTestObject("MOBILE OBJECT/Register/txt_add_password"), "7ZTatM+q3vAyZQd2ps7zRg==", 10): Encrypted text '7ZTatM+q3vAyZQd2ps7zRg==' has been set to element 'Object Repository/MOBILE OBJECT/Register/txt_add_password'

2023-04-01 14:00:19 - [MESSAGE][PASSED] - Encrypted text '7ZTatM+q3vAyZQd2ps7zRg==' has been set to element 'Object Repository/MOBILE OBJECT/Register/txt_add_password'

2023-04-01 14:00:19 - [TEST_STEP][PASSED] - setText(findTestObject("MOBILE OBJECT/Register/txt_add_confirmPassword"), "", 0): Text '' has been set to element 'Object Repository/MOBILE OBJECT/Register/txt_add_confirmPassword'

2023-04-01 14:00:19 - [MESSAGE][WARNING] - Timeout '0' is invalid. Using default page load timeout: '30'

2023-04-01 14:00:20 - [MESSAGE][PASSED] - Text '' has been set to element 'Object Repository/MOBILE OBJECT/Register/txt_add_confirmPassword'

2023-04-01 14:00:20 - [TEST_STEP][PASSED] - tap(findTestObject("MOBILE OBJECT/Register/btn_register"), 10): Tapped on element 'Object Repository/MOBILE OBJECT/Register/btn_register'

2023-04-01 14:00:20 - [MESSAGE][PASSED] - Tapped on element 'Object Repository/MOBILE OBJECT/Register/btn_register'

2023-04-01 14:00:20 - [TEST_STEP][PASSED] - verifyElementVisible(findTestObject("MOBILE OBJECT/Register/errorMessage_confirmPassword"), 10): Element 'Object Repository/MOBILE OBJECT/Register/errorMessage_confirmPassword' is visible

2023-04-01 14:00:21 - [MESSAGE][PASSED] - Element 'Object Repository/MOBILE OBJECT/Register/errorMessage_confirmPassword' is visible

2023-04-01 14:00:21 - [TEST_STEP][PASSED] - errorMessageConfirmPassword = getText(findTestObject("MOBILE OBJECT/Register/errorMessage_confirmPassword"), 10): Text of element 'Object Repository/MOBILE OBJECT/Register/errorMessage_confirmPassword' is: 'Password Does Not Matches'

2023-04-01 14:00:22 - [MESSAGE][PASSED] - Text of element 'Object Repository/MOBILE OBJECT/Register/errorMessage_confirmPassword' is: 'Password Does Not Matches'

2023-04-01 14:00:22 - [TEST_STEP][PASSED] - verifyMatch(errorMessageConfirmPassword, "Password Does Not Matches", false): Actual text 'Password Does Not Matches' and expected text 'Password Does Not Matches' are matched 

2023-04-01 14:00:22 - [MESSAGE][PASSED] - Actual text 'Password Does Not Matches' and expected text 'Password Does Not Matches' are matched 

2023-04-01 14:00:22 - [TEST_STEP][PASSED] - pressBack(): Press back button successfully

2023-04-01 14:00:22 - [MESSAGE][PASSED] - Press back button successfully]]></system-out>
         <system-err><![CDATA[]]></system-err>
      </testcase>
      <testcase name="Test Cases/Negative Case Mobile - Register - Invalid Email" time="29.792" classname="Test Cases/Negative Case Mobile - Register - Invalid Email" status="PASSED">
         <system-out><![CDATA[2023-04-01 14:00:22 - [TEST_CASE][PASSED] - Test Cases/Negative Case Mobile - Register - Invalid Email: Test Cases/Negative Case Mobile - Register - Invalid Email

2023-04-01 14:00:23 - [TEST_STEP][PASSED] - faker = new com.github.javafaker.Faker(): null

2023-04-01 14:00:23 - [TEST_STEP][PASSED] - firstName = name().firstName(): null

2023-04-01 14:00:23 - [TEST_STEP][PASSED] - name = firstName: null

2023-04-01 14:00:23 - [TEST_STEP][PASSED] - email = surplusKeywords.RandomEmail.getEmail("emailUser", "gmail.com"): surplusKeywords.RandomEmail.getEmail is PASSED

2023-04-01 14:00:23 - [MESSAGE][PASSED] - surplusKeywords.RandomEmail.getEmail is PASSED

2023-04-01 14:00:23 - [TEST_STEP][PASSED] - email = email: null

2023-04-01 14:00:23 - [TEST_STEP][PASSED] - out.println(email): null

2023-04-01 14:00:23 - [TEST_STEP][PASSED] - currentRelativePath = Paths.get(""): null

2023-04-01 14:00:23 - [TEST_STEP][PASSED] - s = toAbsolutePath().toString(): null

2023-04-01 14:00:23 - [TEST_STEP][PASSED] - out.println("Current absolute path is: " + s): null

2023-04-01 14:00:23 - [TEST_STEP][PASSED] - s = s + "\Data Files\APK Android\SampleAndroidApp-LoginTes_4.0_Apkpure.apk": null

2023-04-01 14:00:23 - [TEST_STEP][PASSED] - out.println("Current absolute path is: " + s): null

2023-04-01 14:00:23 - [TEST_STEP][PASSED] - startApplication(s, false): Started app at: 'D:\JOB SEEKER\SURPLUS\Automation Script\Data Files\APK Android\SampleAndroidApp-LoginTes_4.0_Apkpure.apk'

2023-04-01 14:00:37 - [MESSAGE][PASSED] - Started app at: 'D:\JOB SEEKER\SURPLUS\Automation Script\Data Files\APK Android\SampleAndroidApp-LoginTes_4.0_Apkpure.apk'

2023-04-01 14:00:37 - [TEST_STEP][PASSED] - delay(5, STOP_ON_FAILURE): Delayed 5 second(s)

2023-04-01 14:00:42 - [MESSAGE][PASSED] - Delayed 5 second(s)

2023-04-01 14:00:42 - [TEST_STEP][PASSED] - tap(findTestObject("MOBILE OBJECT/Register/lbl_createAccount"), 10): Tapped on element 'Object Repository/MOBILE OBJECT/Register/lbl_createAccount'

2023-04-01 14:00:43 - [MESSAGE][PASSED] - Tapped on element 'Object Repository/MOBILE OBJECT/Register/lbl_createAccount'

2023-04-01 14:00:43 - [TEST_STEP][PASSED] - setText(findTestObject("MOBILE OBJECT/Register/txt_add_name"), firstName, 10): Text 'Jermaine' has been set to element 'Object Repository/MOBILE OBJECT/Register/txt_add_name'

2023-04-01 14:00:45 - [MESSAGE][PASSED] - Text 'Jermaine' has been set to element 'Object Repository/MOBILE OBJECT/Register/txt_add_name'

2023-04-01 14:00:45 - [TEST_STEP][PASSED] - setText(findTestObject("MOBILE OBJECT/Register/txt_add_email"), "sopigp.com", 10): Text 'sopigp.com' has been set to element 'Object Repository/MOBILE OBJECT/Register/txt_add_email'

2023-04-01 14:00:46 - [MESSAGE][PASSED] - Text 'sopigp.com' has been set to element 'Object Repository/MOBILE OBJECT/Register/txt_add_email'

2023-04-01 14:00:46 - [TEST_STEP][PASSED] - setEncryptedText(findTestObject("MOBILE OBJECT/Register/txt_add_password"), "7ZTatM+q3vAyZQd2ps7zRg==", 10): Encrypted text '7ZTatM+q3vAyZQd2ps7zRg==' has been set to element 'Object Repository/MOBILE OBJECT/Register/txt_add_password'

2023-04-01 14:00:47 - [MESSAGE][PASSED] - Encrypted text '7ZTatM+q3vAyZQd2ps7zRg==' has been set to element 'Object Repository/MOBILE OBJECT/Register/txt_add_password'

2023-04-01 14:00:47 - [TEST_STEP][PASSED] - setEncryptedText(findTestObject("MOBILE OBJECT/Register/txt_add_confirmPassword"), "7ZTatM+q3vAyZQd2ps7zRg==", 10): Encrypted text '7ZTatM+q3vAyZQd2ps7zRg==' has been set to element 'Object Repository/MOBILE OBJECT/Register/txt_add_confirmPassword'

2023-04-01 14:00:49 - [MESSAGE][PASSED] - Encrypted text '7ZTatM+q3vAyZQd2ps7zRg==' has been set to element 'Object Repository/MOBILE OBJECT/Register/txt_add_confirmPassword'

2023-04-01 14:00:49 - [TEST_STEP][PASSED] - tap(findTestObject("MOBILE OBJECT/Register/btn_register"), 10): Tapped on element 'Object Repository/MOBILE OBJECT/Register/btn_register'

2023-04-01 14:00:49 - [MESSAGE][PASSED] - Tapped on element 'Object Repository/MOBILE OBJECT/Register/btn_register'

2023-04-01 14:00:49 - [TEST_STEP][PASSED] - verifyElementVisible(findTestObject("MOBILE OBJECT/Register/errorMessage_email"), 10): Element 'Object Repository/MOBILE OBJECT/Register/errorMessage_email' is visible

2023-04-01 14:00:51 - [MESSAGE][PASSED] - Element 'Object Repository/MOBILE OBJECT/Register/errorMessage_email' is visible

2023-04-01 14:00:51 - [TEST_STEP][PASSED] - errorMessageEmail = getText(findTestObject("MOBILE OBJECT/Register/errorMessage_email"), 10): Text of element 'Object Repository/MOBILE OBJECT/Register/errorMessage_email' is: 'Enter Valid Email'

2023-04-01 14:00:51 - [MESSAGE][PASSED] - Text of element 'Object Repository/MOBILE OBJECT/Register/errorMessage_email' is: 'Enter Valid Email'

2023-04-01 14:00:51 - [TEST_STEP][PASSED] - verifyMatch(errorMessageEmail, "Enter Valid Email", false): Actual text 'Enter Valid Email' and expected text 'Enter Valid Email' are matched 

2023-04-01 14:00:51 - [MESSAGE][PASSED] - Actual text 'Enter Valid Email' and expected text 'Enter Valid Email' are matched 

2023-04-01 14:00:51 - [TEST_STEP][PASSED] - pressBack(): Press back button successfully

2023-04-01 14:00:52 - [MESSAGE][PASSED] - Press back button successfully]]></system-out>
         <system-err><![CDATA[]]></system-err>
      </testcase>
      <testcase name="Test Cases/Negative Case Mobile - Register - Max Characters" time="27.883" classname="Test Cases/Negative Case Mobile - Register - Max Characters" status="PASSED">
         <system-out><![CDATA[2023-04-01 14:00:52 - [TEST_CASE][PASSED] - Test Cases/Negative Case Mobile - Register - Max Characters: Test Cases/Negative Case Mobile - Register - Max Characters

2023-04-01 14:00:53 - [TEST_STEP][PASSED] - randomStringName = RandomStringUtils.randomAlphabetic(100): null

2023-04-01 14:00:53 - [TEST_STEP][PASSED] - faker = new com.github.javafaker.Faker(): null

2023-04-01 14:00:53 - [TEST_STEP][PASSED] - firstName = name().firstName(): null

2023-04-01 14:00:53 - [TEST_STEP][PASSED] - name = firstName: null

2023-04-01 14:00:53 - [TEST_STEP][PASSED] - email = surplusKeywords.RandomEmail.getEmail("emailUser", "gmail.com"): surplusKeywords.RandomEmail.getEmail is PASSED

2023-04-01 14:00:53 - [MESSAGE][PASSED] - surplusKeywords.RandomEmail.getEmail is PASSED

2023-04-01 14:00:53 - [TEST_STEP][PASSED] - email = email: null

2023-04-01 14:00:53 - [TEST_STEP][PASSED] - out.println(email): null

2023-04-01 14:00:53 - [TEST_STEP][PASSED] - currentRelativePath = Paths.get(""): null

2023-04-01 14:00:53 - [TEST_STEP][PASSED] - s = toAbsolutePath().toString(): null

2023-04-01 14:00:53 - [TEST_STEP][PASSED] - out.println("Current absolute path is: " + s): null

2023-04-01 14:00:53 - [TEST_STEP][PASSED] - s = s + "\Data Files\APK Android\SampleAndroidApp-LoginTes_4.0_Apkpure.apk": null

2023-04-01 14:00:53 - [TEST_STEP][PASSED] - out.println("Current absolute path is: " + s): null

2023-04-01 14:00:53 - [TEST_STEP][PASSED] - startApplication(s, false): Started app at: 'D:\JOB SEEKER\SURPLUS\Automation Script\Data Files\APK Android\SampleAndroidApp-LoginTes_4.0_Apkpure.apk'

2023-04-01 14:01:06 - [MESSAGE][PASSED] - Started app at: 'D:\JOB SEEKER\SURPLUS\Automation Script\Data Files\APK Android\SampleAndroidApp-LoginTes_4.0_Apkpure.apk'

2023-04-01 14:01:06 - [TEST_STEP][PASSED] - delay(5, STOP_ON_FAILURE): Delayed 5 second(s)

2023-04-01 14:01:11 - [MESSAGE][PASSED] - Delayed 5 second(s)

2023-04-01 14:01:11 - [TEST_STEP][PASSED] - tap(findTestObject("MOBILE OBJECT/Register/lbl_createAccount"), 10): Tapped on element 'Object Repository/MOBILE OBJECT/Register/lbl_createAccount'

2023-04-01 14:01:12 - [MESSAGE][PASSED] - Tapped on element 'Object Repository/MOBILE OBJECT/Register/lbl_createAccount'

2023-04-01 14:01:12 - [TEST_STEP][PASSED] - setText(findTestObject("MOBILE OBJECT/Register/txt_add_name"), randomStringName, 10): Text 'aaGRwBeJucDJKybEgtrXOizWvxhgtndxZFgPuDJZMDKtIPPNnurMKYcNHzVnOGDAYwVMUlhWUKahbVtrzYIwpangjYKfNSCfmXNp' has been set to element 'Object Repository/MOBILE OBJECT/Register/txt_add_name'

2023-04-01 14:01:14 - [MESSAGE][PASSED] - Text 'aaGRwBeJucDJKybEgtrXOizWvxhgtndxZFgPuDJZMDKtIPPNnurMKYcNHzVnOGDAYwVMUlhWUKahbVtrzYIwpangjYKfNSCfmXNp' has been set to element 'Object Repository/MOBILE OBJECT/Register/txt_add_name'

2023-04-01 14:01:14 - [TEST_STEP][PASSED] - setText(findTestObject("MOBILE OBJECT/Register/txt_add_email"), email, 10): Text 'emailUser529@gmail.com' has been set to element 'Object Repository/MOBILE OBJECT/Register/txt_add_email'

2023-04-01 14:01:15 - [MESSAGE][PASSED] - Text 'emailUser529@gmail.com' has been set to element 'Object Repository/MOBILE OBJECT/Register/txt_add_email'

2023-04-01 14:01:15 - [TEST_STEP][PASSED] - setEncryptedText(findTestObject("MOBILE OBJECT/Register/txt_add_password"), "7ZTatM+q3vAyZQd2ps7zRg==", 10): Encrypted text '7ZTatM+q3vAyZQd2ps7zRg==' has been set to element 'Object Repository/MOBILE OBJECT/Register/txt_add_password'

2023-04-01 14:01:17 - [MESSAGE][PASSED] - Encrypted text '7ZTatM+q3vAyZQd2ps7zRg==' has been set to element 'Object Repository/MOBILE OBJECT/Register/txt_add_password'

2023-04-01 14:01:17 - [TEST_STEP][PASSED] - setEncryptedText(findTestObject("MOBILE OBJECT/Register/txt_add_confirmPassword"), "7ZTatM+q3vAyZQd2ps7zRg==", 10): Encrypted text '7ZTatM+q3vAyZQd2ps7zRg==' has been set to element 'Object Repository/MOBILE OBJECT/Register/txt_add_confirmPassword'

2023-04-01 14:01:18 - [MESSAGE][PASSED] - Encrypted text '7ZTatM+q3vAyZQd2ps7zRg==' has been set to element 'Object Repository/MOBILE OBJECT/Register/txt_add_confirmPassword'

2023-04-01 14:01:18 - [TEST_STEP][PASSED] - tap(findTestObject("MOBILE OBJECT/Register/btn_register"), 10): Tapped on element 'Object Repository/MOBILE OBJECT/Register/btn_register'

2023-04-01 14:01:19 - [MESSAGE][PASSED] - Tapped on element 'Object Repository/MOBILE OBJECT/Register/btn_register'

2023-04-01 14:01:19 - [TEST_STEP][PASSED] - pressBack(): Press back button successfully

2023-04-01 14:01:20 - [MESSAGE][PASSED] - Press back button successfully]]></system-out>
         <system-err><![CDATA[]]></system-err>
      </testcase>
      <testcase name="Test Cases/Negative Case Mobile - Register - Min Characters" time="33.529" classname="Test Cases/Negative Case Mobile - Register - Min Characters" status="PASSED">
         <system-out><![CDATA[2023-04-01 14:01:20 - [TEST_CASE][PASSED] - Test Cases/Negative Case Mobile - Register - Min Characters: Test Cases/Negative Case Mobile - Register - Min Characters

2023-04-01 14:01:21 - [TEST_STEP][PASSED] - currentRelativePath = Paths.get(""): null

2023-04-01 14:01:21 - [TEST_STEP][PASSED] - s = toAbsolutePath().toString(): null

2023-04-01 14:01:21 - [TEST_STEP][PASSED] - out.println("Current absolute path is: " + s): null

2023-04-01 14:01:21 - [TEST_STEP][PASSED] - s = s + "\Data Files\APK Android\SampleAndroidApp-LoginTes_4.0_Apkpure.apk": null

2023-04-01 14:01:21 - [TEST_STEP][PASSED] - out.println("Current absolute path is: " + s): null

2023-04-01 14:01:21 - [TEST_STEP][PASSED] - startApplication(s, false): Started app at: 'D:\JOB SEEKER\SURPLUS\Automation Script\Data Files\APK Android\SampleAndroidApp-LoginTes_4.0_Apkpure.apk'

2023-04-01 14:01:35 - [MESSAGE][PASSED] - Started app at: 'D:\JOB SEEKER\SURPLUS\Automation Script\Data Files\APK Android\SampleAndroidApp-LoginTes_4.0_Apkpure.apk'

2023-04-01 14:01:35 - [TEST_STEP][PASSED] - delay(5, STOP_ON_FAILURE): Delayed 5 second(s)

2023-04-01 14:01:40 - [MESSAGE][PASSED] - Delayed 5 second(s)

2023-04-01 14:01:40 - [TEST_STEP][PASSED] - tap(findTestObject("MOBILE OBJECT/Register/lbl_createAccount"), 10): Tapped on element 'Object Repository/MOBILE OBJECT/Register/lbl_createAccount'

2023-04-01 14:01:43 - [MESSAGE][PASSED] - Tapped on element 'Object Repository/MOBILE OBJECT/Register/lbl_createAccount'

2023-04-01 14:01:43 - [TEST_STEP][PASSED] - setText(findTestObject("MOBILE OBJECT/Register/txt_add_name"), "a", 10): Text 'a' has been set to element 'Object Repository/MOBILE OBJECT/Register/txt_add_name'

2023-04-01 14:01:47 - [MESSAGE][PASSED] - Text 'a' has been set to element 'Object Repository/MOBILE OBJECT/Register/txt_add_name'

2023-04-01 14:01:47 - [TEST_STEP][PASSED] - setText(findTestObject("MOBILE OBJECT/Register/txt_add_email"), "a@gmail.com", 10): Text 'a@gmail.com' has been set to element 'Object Repository/MOBILE OBJECT/Register/txt_add_email'

2023-04-01 14:01:49 - [MESSAGE][PASSED] - Text 'a@gmail.com' has been set to element 'Object Repository/MOBILE OBJECT/Register/txt_add_email'

2023-04-01 14:01:49 - [TEST_STEP][PASSED] - setEncryptedText(findTestObject("MOBILE OBJECT/Register/txt_add_password"), "J7R4ejOak4Y=", 10): Encrypted text 'J7R4ejOak4Y=' has been set to element 'Object Repository/MOBILE OBJECT/Register/txt_add_password'

2023-04-01 14:01:50 - [MESSAGE][PASSED] - Encrypted text 'J7R4ejOak4Y=' has been set to element 'Object Repository/MOBILE OBJECT/Register/txt_add_password'

2023-04-01 14:01:50 - [TEST_STEP][PASSED] - setEncryptedText(findTestObject("MOBILE OBJECT/Register/txt_add_confirmPassword"), "J7R4ejOak4Y=", 10): Encrypted text 'J7R4ejOak4Y=' has been set to element 'Object Repository/MOBILE OBJECT/Register/txt_add_confirmPassword'

2023-04-01 14:01:51 - [MESSAGE][PASSED] - Encrypted text 'J7R4ejOak4Y=' has been set to element 'Object Repository/MOBILE OBJECT/Register/txt_add_confirmPassword'

2023-04-01 14:01:51 - [TEST_STEP][PASSED] - tap(findTestObject("MOBILE OBJECT/Register/btn_register"), 10): Tapped on element 'Object Repository/MOBILE OBJECT/Register/btn_register'

2023-04-01 14:01:52 - [MESSAGE][PASSED] - Tapped on element 'Object Repository/MOBILE OBJECT/Register/btn_register'

2023-04-01 14:01:52 - [TEST_STEP][PASSED] - pressBack(): Press back button successfully

2023-04-01 14:01:53 - [MESSAGE][PASSED] - Press back button successfully]]></system-out>
         <system-err><![CDATA[]]></system-err>
      </testcase>
      <testcase name="Test Cases/Negative Case Mobile - Register - Password Does Not Matches" time="34.181" classname="Test Cases/Negative Case Mobile - Register - Password Does Not Matches" status="PASSED">
         <system-out><![CDATA[2023-04-01 14:01:53 - [TEST_CASE][PASSED] - Test Cases/Negative Case Mobile - Register - Password Does Not Matches: Test Cases/Negative Case Mobile - Register - Password Does Not Matches

2023-04-01 14:01:55 - [TEST_STEP][PASSED] - faker = new com.github.javafaker.Faker(): null

2023-04-01 14:01:55 - [TEST_STEP][PASSED] - firstName = name().firstName(): null

2023-04-01 14:01:55 - [TEST_STEP][PASSED] - name = firstName: null

2023-04-01 14:01:55 - [TEST_STEP][PASSED] - email = surplusKeywords.RandomEmail.getEmail("emailUser", "gmail.com"): surplusKeywords.RandomEmail.getEmail is PASSED

2023-04-01 14:01:55 - [MESSAGE][PASSED] - surplusKeywords.RandomEmail.getEmail is PASSED

2023-04-01 14:01:55 - [TEST_STEP][PASSED] - email = email: null

2023-04-01 14:01:55 - [TEST_STEP][PASSED] - out.println(email): null

2023-04-01 14:01:55 - [TEST_STEP][PASSED] - currentRelativePath = Paths.get(""): null

2023-04-01 14:01:55 - [TEST_STEP][PASSED] - s = toAbsolutePath().toString(): null

2023-04-01 14:01:55 - [TEST_STEP][PASSED] - out.println("Current absolute path is: " + s): null

2023-04-01 14:01:55 - [TEST_STEP][PASSED] - s = s + "\Data Files\APK Android\SampleAndroidApp-LoginTes_4.0_Apkpure.apk": null

2023-04-01 14:01:55 - [TEST_STEP][PASSED] - out.println("Current absolute path is: " + s): null

2023-04-01 14:01:55 - [TEST_STEP][PASSED] - startApplication(s, false): Started app at: 'D:\JOB SEEKER\SURPLUS\Automation Script\Data Files\APK Android\SampleAndroidApp-LoginTes_4.0_Apkpure.apk'

2023-04-01 14:02:12 - [MESSAGE][PASSED] - Started app at: 'D:\JOB SEEKER\SURPLUS\Automation Script\Data Files\APK Android\SampleAndroidApp-LoginTes_4.0_Apkpure.apk'

2023-04-01 14:02:12 - [TEST_STEP][PASSED] - delay(5, STOP_ON_FAILURE): Delayed 5 second(s)

2023-04-01 14:02:17 - [MESSAGE][PASSED] - Delayed 5 second(s)

2023-04-01 14:02:17 - [TEST_STEP][PASSED] - tap(findTestObject("MOBILE OBJECT/Register/lbl_createAccount"), 10): Tapped on element 'Object Repository/MOBILE OBJECT/Register/lbl_createAccount'

2023-04-01 14:02:19 - [MESSAGE][PASSED] - Tapped on element 'Object Repository/MOBILE OBJECT/Register/lbl_createAccount'

2023-04-01 14:02:19 - [TEST_STEP][PASSED] - setText(findTestObject("MOBILE OBJECT/Register/txt_add_name"), firstName, 10): Text 'Lavern' has been set to element 'Object Repository/MOBILE OBJECT/Register/txt_add_name'

2023-04-01 14:02:21 - [MESSAGE][PASSED] - Text 'Lavern' has been set to element 'Object Repository/MOBILE OBJECT/Register/txt_add_name'

2023-04-01 14:02:21 - [TEST_STEP][PASSED] - setText(findTestObject("MOBILE OBJECT/Register/txt_add_email"), email, 10): Text 'emailUser794@gmail.com' has been set to element 'Object Repository/MOBILE OBJECT/Register/txt_add_email'

2023-04-01 14:02:22 - [MESSAGE][PASSED] - Text 'emailUser794@gmail.com' has been set to element 'Object Repository/MOBILE OBJECT/Register/txt_add_email'

2023-04-01 14:02:22 - [TEST_STEP][PASSED] - setEncryptedText(findTestObject("MOBILE OBJECT/Register/txt_add_password"), "7ZTatM+q3vAyZQd2ps7zRg==", 10): Encrypted text '7ZTatM+q3vAyZQd2ps7zRg==' has been set to element 'Object Repository/MOBILE OBJECT/Register/txt_add_password'

2023-04-01 14:02:23 - [MESSAGE][PASSED] - Encrypted text '7ZTatM+q3vAyZQd2ps7zRg==' has been set to element 'Object Repository/MOBILE OBJECT/Register/txt_add_password'

2023-04-01 14:02:23 - [TEST_STEP][PASSED] - setEncryptedText(findTestObject("MOBILE OBJECT/Register/txt_add_confirmPassword"), "7ZTatM+q3vBgFR2tafRiBEjvq10dNwjr", 10): Encrypted text '7ZTatM+q3vBgFR2tafRiBEjvq10dNwjr' has been set to element 'Object Repository/MOBILE OBJECT/Register/txt_add_confirmPassword'

2023-04-01 14:02:25 - [MESSAGE][PASSED] - Encrypted text '7ZTatM+q3vBgFR2tafRiBEjvq10dNwjr' has been set to element 'Object Repository/MOBILE OBJECT/Register/txt_add_confirmPassword'

2023-04-01 14:02:25 - [TEST_STEP][PASSED] - tap(findTestObject("MOBILE OBJECT/Register/btn_register"), 10): Tapped on element 'Object Repository/MOBILE OBJECT/Register/btn_register'

2023-04-01 14:02:26 - [MESSAGE][PASSED] - Tapped on element 'Object Repository/MOBILE OBJECT/Register/btn_register'

2023-04-01 14:02:26 - [TEST_STEP][PASSED] - verifyElementVisible(findTestObject("MOBILE OBJECT/Register/errorMessage_confirmPassword"), 10): Element 'Object Repository/MOBILE OBJECT/Register/errorMessage_confirmPassword' is visible

2023-04-01 14:02:27 - [MESSAGE][PASSED] - Element 'Object Repository/MOBILE OBJECT/Register/errorMessage_confirmPassword' is visible

2023-04-01 14:02:27 - [TEST_STEP][PASSED] - errorMessageConfirmPassword = getText(findTestObject("MOBILE OBJECT/Register/errorMessage_confirmPassword"), 10): Text of element 'Object Repository/MOBILE OBJECT/Register/errorMessage_confirmPassword' is: 'Password Does Not Matches'

2023-04-01 14:02:27 - [MESSAGE][PASSED] - Text of element 'Object Repository/MOBILE OBJECT/Register/errorMessage_confirmPassword' is: 'Password Does Not Matches'

2023-04-01 14:02:27 - [TEST_STEP][PASSED] - verifyMatch(errorMessageConfirmPassword, "Password Does Not Matches", false): Actual text 'Password Does Not Matches' and expected text 'Password Does Not Matches' are matched 

2023-04-01 14:02:27 - [MESSAGE][PASSED] - Actual text 'Password Does Not Matches' and expected text 'Password Does Not Matches' are matched 

2023-04-01 14:02:27 - [TEST_STEP][PASSED] - pressBack(): Press back button successfully

2023-04-01 14:02:27 - [MESSAGE][PASSED] - Press back button successfully]]></system-out>
         <system-err><![CDATA[]]></system-err>
      </testcase>
      <testcase name="Test Cases/Mobile - Login" time="25.134" classname="Test Cases/Mobile - Login" status="PASSED">
         <system-out><![CDATA[2023-04-01 14:02:27 - [TEST_CASE][PASSED] - Test Cases/Mobile - Login: Test Cases/Mobile - Login

2023-04-01 14:02:29 - [TEST_STEP][PASSED] - faker = new com.github.javafaker.Faker(): null

2023-04-01 14:02:29 - [TEST_STEP][PASSED] - firstName = name().firstName(): null

2023-04-01 14:02:29 - [TEST_STEP][PASSED] - name = firstName: null

2023-04-01 14:02:29 - [TEST_STEP][PASSED] - email = surplusKeywords.RandomEmail.getEmail("emailUser", "gmail.com"): surplusKeywords.RandomEmail.getEmail is PASSED

2023-04-01 14:02:29 - [MESSAGE][PASSED] - surplusKeywords.RandomEmail.getEmail is PASSED

2023-04-01 14:02:29 - [TEST_STEP][PASSED] - email = email: null

2023-04-01 14:02:29 - [TEST_STEP][PASSED] - out.println(email): null

2023-04-01 14:02:29 - [TEST_STEP][PASSED] - currentRelativePath = Paths.get(""): null

2023-04-01 14:02:29 - [TEST_STEP][PASSED] - s = toAbsolutePath().toString(): null

2023-04-01 14:02:29 - [TEST_STEP][PASSED] - out.println("Current absolute path is: " + s): null

2023-04-01 14:02:29 - [TEST_STEP][PASSED] - s = s + "\Data Files\APK Android\SampleAndroidApp-LoginTes_4.0_Apkpure.apk": null

2023-04-01 14:02:29 - [TEST_STEP][PASSED] - out.println("Current absolute path is: " + s): null

2023-04-01 14:02:29 - [TEST_STEP][PASSED] - startApplication(s, false): Started app at: 'D:\JOB SEEKER\SURPLUS\Automation Script\Data Files\APK Android\SampleAndroidApp-LoginTes_4.0_Apkpure.apk'

2023-04-01 14:02:44 - [MESSAGE][PASSED] - Started app at: 'D:\JOB SEEKER\SURPLUS\Automation Script\Data Files\APK Android\SampleAndroidApp-LoginTes_4.0_Apkpure.apk'

2023-04-01 14:02:44 - [TEST_STEP][PASSED] - delay(5, STOP_ON_FAILURE): Delayed 5 second(s)

2023-04-01 14:02:49 - [MESSAGE][PASSED] - Delayed 5 second(s)

2023-04-01 14:02:49 - [TEST_STEP][PASSED] - setText(findTestObject("MOBILE OBJECT/Register/txt_add_email"), email_real_mobile, 10): Text 'sopigp@gmail.com' has been set to element 'Object Repository/MOBILE OBJECT/Register/txt_add_email'

2023-04-01 14:02:50 - [MESSAGE][PASSED] - Text 'sopigp@gmail.com' has been set to element 'Object Repository/MOBILE OBJECT/Register/txt_add_email'

2023-04-01 14:02:50 - [TEST_STEP][PASSED] - setEncryptedText(findTestObject("MOBILE OBJECT/Register/txt_add_password"), "7ZTatM+q3vAyZQd2ps7zRg==", 10): Encrypted text '7ZTatM+q3vAyZQd2ps7zRg==' has been set to element 'Object Repository/MOBILE OBJECT/Register/txt_add_password'

2023-04-01 14:02:52 - [MESSAGE][PASSED] - Encrypted text '7ZTatM+q3vAyZQd2ps7zRg==' has been set to element 'Object Repository/MOBILE OBJECT/Register/txt_add_password'

2023-04-01 14:02:52 - [TEST_STEP][PASSED] - tap(findTestObject("MOBILE OBJECT/Login/btn_login"), 10): Tapped on element 'Object Repository/MOBILE OBJECT/Login/btn_login'

2023-04-01 14:02:52 - [MESSAGE][PASSED] - Tapped on element 'Object Repository/MOBILE OBJECT/Login/btn_login']]></system-out>
         <system-err><![CDATA[]]></system-err>
      </testcase>
      <testcase name="Test Cases/Mobile - Login - Empty Value" time="34.97" classname="Test Cases/Mobile - Login - Empty Value" status="PASSED">
         <system-out><![CDATA[2023-04-01 14:02:52 - [TEST_CASE][PASSED] - Test Cases/Mobile - Login - Empty Value: Test Cases/Mobile - Login - Empty Value

2023-04-01 14:02:54 - [TEST_STEP][PASSED] - currentRelativePath = Paths.get(""): null

2023-04-01 14:02:54 - [TEST_STEP][PASSED] - s = toAbsolutePath().toString(): null

2023-04-01 14:02:54 - [TEST_STEP][PASSED] - out.println("Current absolute path is: " + s): null

2023-04-01 14:02:54 - [TEST_STEP][PASSED] - s = s + "\Data Files\APK Android\SampleAndroidApp-LoginTes_4.0_Apkpure.apk": null

2023-04-01 14:02:54 - [TEST_STEP][PASSED] - out.println("Current absolute path is: " + s): null

2023-04-01 14:02:54 - [TEST_STEP][PASSED] - startApplication(s, false): Started app at: 'D:\JOB SEEKER\SURPLUS\Automation Script\Data Files\APK Android\SampleAndroidApp-LoginTes_4.0_Apkpure.apk'

2023-04-01 14:03:13 - [MESSAGE][PASSED] - Started app at: 'D:\JOB SEEKER\SURPLUS\Automation Script\Data Files\APK Android\SampleAndroidApp-LoginTes_4.0_Apkpure.apk'

2023-04-01 14:03:13 - [TEST_STEP][PASSED] - delay(5, STOP_ON_FAILURE): Delayed 5 second(s)

2023-04-01 14:03:18 - [MESSAGE][PASSED] - Delayed 5 second(s)

2023-04-01 14:03:18 - [TEST_STEP][PASSED] - setText(findTestObject("MOBILE OBJECT/Register/txt_add_email"), "", 10): Text '' has been set to element 'Object Repository/MOBILE OBJECT/Register/txt_add_email'

2023-04-01 14:03:19 - [MESSAGE][PASSED] - Text '' has been set to element 'Object Repository/MOBILE OBJECT/Register/txt_add_email'

2023-04-01 14:03:19 - [TEST_STEP][PASSED] - setEncryptedText(findTestObject("MOBILE OBJECT/Register/txt_add_password"), "7ZTatM+q3vAyZQd2ps7zRg==", 10): Encrypted text '7ZTatM+q3vAyZQd2ps7zRg==' has been set to element 'Object Repository/MOBILE OBJECT/Register/txt_add_password'

2023-04-01 14:03:21 - [MESSAGE][PASSED] - Encrypted text '7ZTatM+q3vAyZQd2ps7zRg==' has been set to element 'Object Repository/MOBILE OBJECT/Register/txt_add_password'

2023-04-01 14:03:21 - [TEST_STEP][PASSED] - tap(findTestObject("MOBILE OBJECT/Login/btn_login"), 10): Tapped on element 'Object Repository/MOBILE OBJECT/Login/btn_login'

2023-04-01 14:03:21 - [MESSAGE][PASSED] - Tapped on element 'Object Repository/MOBILE OBJECT/Login/btn_login'

2023-04-01 14:03:21 - [TEST_STEP][PASSED] - verifyElementVisible(findTestObject("MOBILE OBJECT/Login/errorMassage_email"), 10): Element 'Object Repository/MOBILE OBJECT/Login/errorMassage_email' is visible

2023-04-01 14:03:22 - [MESSAGE][PASSED] - Element 'Object Repository/MOBILE OBJECT/Login/errorMassage_email' is visible

2023-04-01 14:03:22 - [TEST_STEP][PASSED] - errorMessageEmail = getText(findTestObject("MOBILE OBJECT/Login/errorMassage_email"), 10): Text of element 'Object Repository/MOBILE OBJECT/Login/errorMassage_email' is: 'Enter Valid Email'

2023-04-01 14:03:23 - [MESSAGE][PASSED] - Text of element 'Object Repository/MOBILE OBJECT/Login/errorMassage_email' is: 'Enter Valid Email'

2023-04-01 14:03:23 - [TEST_STEP][PASSED] - verifyMatch(errorMessageEmail, "Enter Valid Email", false): Actual text 'Enter Valid Email' and expected text 'Enter Valid Email' are matched 

2023-04-01 14:03:23 - [MESSAGE][PASSED] - Actual text 'Enter Valid Email' and expected text 'Enter Valid Email' are matched 

2023-04-01 14:03:23 - [TEST_STEP][PASSED] - setText(findTestObject("MOBILE OBJECT/Register/txt_add_email"), "sopigp@gmail.com", 10): Text 'sopigp@gmail.com' has been set to element 'Object Repository/MOBILE OBJECT/Register/txt_add_email'

2023-04-01 14:03:24 - [MESSAGE][PASSED] - Text 'sopigp@gmail.com' has been set to element 'Object Repository/MOBILE OBJECT/Register/txt_add_email'

2023-04-01 14:03:24 - [TEST_STEP][PASSED] - setEncryptedText(findTestObject("MOBILE OBJECT/Register/txt_add_password"), "", 10): Encrypted text '' has been set to element 'Object Repository/MOBILE OBJECT/Register/txt_add_password'

2023-04-01 14:03:25 - [MESSAGE][PASSED] - Encrypted text '' has been set to element 'Object Repository/MOBILE OBJECT/Register/txt_add_password'

2023-04-01 14:03:25 - [TEST_STEP][PASSED] - tap(findTestObject("MOBILE OBJECT/Login/btn_login"), 10): Tapped on element 'Object Repository/MOBILE OBJECT/Login/btn_login'

2023-04-01 14:03:26 - [MESSAGE][PASSED] - Tapped on element 'Object Repository/MOBILE OBJECT/Login/btn_login'

2023-04-01 14:03:26 - [TEST_STEP][PASSED] - verifyElementVisible(findTestObject("MOBILE OBJECT/Login/errorMessage_password"), 10): Element 'Object Repository/MOBILE OBJECT/Login/errorMessage_password' is visible

2023-04-01 14:03:27 - [MESSAGE][PASSED] - Element 'Object Repository/MOBILE OBJECT/Login/errorMessage_password' is visible

2023-04-01 14:03:27 - [TEST_STEP][PASSED] - errorMessagePassword = getText(findTestObject("MOBILE OBJECT/Login/errorMessage_password"), 10): Text of element 'Object Repository/MOBILE OBJECT/Login/errorMessage_password' is: 'Enter Valid Email'

2023-04-01 14:03:27 - [MESSAGE][PASSED] - Text of element 'Object Repository/MOBILE OBJECT/Login/errorMessage_password' is: 'Enter Valid Email'

2023-04-01 14:03:27 - [TEST_STEP][PASSED] - verifyMatch(errorMessagePassword, "Enter Valid Email", false): Actual text 'Enter Valid Email' and expected text 'Enter Valid Email' are matched 

2023-04-01 14:03:27 - [MESSAGE][PASSED] - Actual text 'Enter Valid Email' and expected text 'Enter Valid Email' are matched]]></system-out>
         <system-err><![CDATA[]]></system-err>
      </testcase>
      <testcase name="Test Cases/Mobile - Login - Invalid Email" time="25.835" classname="Test Cases/Mobile - Login - Invalid Email" status="PASSED">
         <system-out><![CDATA[2023-04-01 14:03:27 - [TEST_CASE][PASSED] - Test Cases/Mobile - Login - Invalid Email: Test Cases/Mobile - Login - Invalid Email

2023-04-01 14:03:28 - [TEST_STEP][PASSED] - currentRelativePath = Paths.get(""): null

2023-04-01 14:03:28 - [TEST_STEP][PASSED] - s = toAbsolutePath().toString(): null

2023-04-01 14:03:28 - [TEST_STEP][PASSED] - out.println("Current absolute path is: " + s): null

2023-04-01 14:03:28 - [TEST_STEP][PASSED] - s = s + "\Data Files\APK Android\SampleAndroidApp-LoginTes_4.0_Apkpure.apk": null

2023-04-01 14:03:28 - [TEST_STEP][PASSED] - out.println("Current absolute path is: " + s): null

2023-04-01 14:03:28 - [TEST_STEP][PASSED] - startApplication(s, false): Started app at: 'D:\JOB SEEKER\SURPLUS\Automation Script\Data Files\APK Android\SampleAndroidApp-LoginTes_4.0_Apkpure.apk'

2023-04-01 14:03:43 - [MESSAGE][PASSED] - Started app at: 'D:\JOB SEEKER\SURPLUS\Automation Script\Data Files\APK Android\SampleAndroidApp-LoginTes_4.0_Apkpure.apk'

2023-04-01 14:03:43 - [TEST_STEP][PASSED] - delay(5, STOP_ON_FAILURE): Delayed 5 second(s)

2023-04-01 14:03:48 - [MESSAGE][PASSED] - Delayed 5 second(s)

2023-04-01 14:03:48 - [TEST_STEP][PASSED] - setText(findTestObject("MOBILE OBJECT/Register/txt_add_email"), "sopi.com", 10): Text 'sopi.com' has been set to element 'Object Repository/MOBILE OBJECT/Register/txt_add_email'

2023-04-01 14:03:50 - [MESSAGE][PASSED] - Text 'sopi.com' has been set to element 'Object Repository/MOBILE OBJECT/Register/txt_add_email'

2023-04-01 14:03:50 - [TEST_STEP][PASSED] - setEncryptedText(findTestObject("MOBILE OBJECT/Register/txt_add_password"), "7ZTatM+q3vAyZQd2ps7zRg==", 10): Encrypted text '7ZTatM+q3vAyZQd2ps7zRg==' has been set to element 'Object Repository/MOBILE OBJECT/Register/txt_add_password'

2023-04-01 14:03:51 - [MESSAGE][PASSED] - Encrypted text '7ZTatM+q3vAyZQd2ps7zRg==' has been set to element 'Object Repository/MOBILE OBJECT/Register/txt_add_password'

2023-04-01 14:03:51 - [TEST_STEP][PASSED] - tap(findTestObject("MOBILE OBJECT/Login/btn_login"), 10): Tapped on element 'Object Repository/MOBILE OBJECT/Login/btn_login'

2023-04-01 14:03:52 - [MESSAGE][PASSED] - Tapped on element 'Object Repository/MOBILE OBJECT/Login/btn_login'

2023-04-01 14:03:52 - [TEST_STEP][PASSED] - verifyElementVisible(findTestObject("MOBILE OBJECT/Login/errorMassage_email"), 10): Element 'Object Repository/MOBILE OBJECT/Login/errorMassage_email' is visible

2023-04-01 14:03:53 - [MESSAGE][PASSED] - Element 'Object Repository/MOBILE OBJECT/Login/errorMassage_email' is visible

2023-04-01 14:03:53 - [TEST_STEP][PASSED] - errorMessageEmail = getText(findTestObject("MOBILE OBJECT/Login/errorMassage_email"), 10): Text of element 'Object Repository/MOBILE OBJECT/Login/errorMassage_email' is: 'Enter Valid Email'

2023-04-01 14:03:53 - [MESSAGE][PASSED] - Text of element 'Object Repository/MOBILE OBJECT/Login/errorMassage_email' is: 'Enter Valid Email'

2023-04-01 14:03:53 - [TEST_STEP][PASSED] - verifyMatch(errorMessageEmail, "Enter Valid Email", false): Actual text 'Enter Valid Email' and expected text 'Enter Valid Email' are matched 

2023-04-01 14:03:53 - [MESSAGE][PASSED] - Actual text 'Enter Valid Email' and expected text 'Enter Valid Email' are matched]]></system-out>
         <system-err><![CDATA[]]></system-err>
      </testcase>
      <testcase name="Test Cases/Mobile - Login - Wrong Password" time="23.972" classname="Test Cases/Mobile - Login - Wrong Password" status="PASSED">
         <system-out><![CDATA[2023-04-01 14:03:53 - [TEST_CASE][PASSED] - Test Cases/Mobile - Login - Wrong Password: Test Cases/Mobile - Login - Wrong Password

2023-04-01 14:03:54 - [TEST_STEP][PASSED] - currentRelativePath = Paths.get(""): null

2023-04-01 14:03:54 - [TEST_STEP][PASSED] - s = toAbsolutePath().toString(): null

2023-04-01 14:03:54 - [TEST_STEP][PASSED] - out.println("Current absolute path is: " + s): null

2023-04-01 14:03:54 - [TEST_STEP][PASSED] - s = s + "\Data Files\APK Android\SampleAndroidApp-LoginTes_4.0_Apkpure.apk": null

2023-04-01 14:03:54 - [TEST_STEP][PASSED] - out.println("Current absolute path is: " + s): null

2023-04-01 14:03:54 - [TEST_STEP][PASSED] - startApplication(s, false): Started app at: 'D:\JOB SEEKER\SURPLUS\Automation Script\Data Files\APK Android\SampleAndroidApp-LoginTes_4.0_Apkpure.apk'

2023-04-01 14:04:08 - [MESSAGE][PASSED] - Started app at: 'D:\JOB SEEKER\SURPLUS\Automation Script\Data Files\APK Android\SampleAndroidApp-LoginTes_4.0_Apkpure.apk'

2023-04-01 14:04:08 - [TEST_STEP][PASSED] - delay(5, STOP_ON_FAILURE): Delayed 5 second(s)

2023-04-01 14:04:13 - [MESSAGE][PASSED] - Delayed 5 second(s)

2023-04-01 14:04:13 - [TEST_STEP][PASSED] - setText(findTestObject("MOBILE OBJECT/Register/txt_add_email"), "sopigp@gmail.com", 10): Text 'sopigp@gmail.com' has been set to element 'Object Repository/MOBILE OBJECT/Register/txt_add_email'

2023-04-01 14:04:15 - [MESSAGE][PASSED] - Text 'sopigp@gmail.com' has been set to element 'Object Repository/MOBILE OBJECT/Register/txt_add_email'

2023-04-01 14:04:15 - [TEST_STEP][PASSED] - setEncryptedText(findTestObject("MOBILE OBJECT/Register/txt_add_password"), "7ZTatM+q3vAi+bI5S4PYCw==", 10): Encrypted text '7ZTatM+q3vAi+bI5S4PYCw==' has been set to element 'Object Repository/MOBILE OBJECT/Register/txt_add_password'

2023-04-01 14:04:16 - [MESSAGE][PASSED] - Encrypted text '7ZTatM+q3vAi+bI5S4PYCw==' has been set to element 'Object Repository/MOBILE OBJECT/Register/txt_add_password'

2023-04-01 14:04:16 - [TEST_STEP][PASSED] - tap(findTestObject("MOBILE OBJECT/Login/btn_login"), 10): Tapped on element 'Object Repository/MOBILE OBJECT/Login/btn_login'

2023-04-01 14:04:17 - [MESSAGE][PASSED] - Tapped on element 'Object Repository/MOBILE OBJECT/Login/btn_login']]></system-out>
         <system-err><![CDATA[]]></system-err>
      </testcase>
      <testcase name="Test Cases/Mobile - Login - Email not yet registered" time="23.502" classname="Test Cases/Mobile - Login - Email not yet registered" status="PASSED">
         <system-out><![CDATA[2023-04-01 14:04:17 - [TEST_CASE][PASSED] - Test Cases/Mobile - Login - Email not yet registered: Test Cases/Mobile - Login - Email not yet registered

2023-04-01 14:04:18 - [TEST_STEP][PASSED] - faker = new com.github.javafaker.Faker(): null

2023-04-01 14:04:18 - [TEST_STEP][PASSED] - email = surplusKeywords.RandomEmail.getEmail("emailUser", "gmail.com"): surplusKeywords.RandomEmail.getEmail is PASSED

2023-04-01 14:04:18 - [MESSAGE][PASSED] - surplusKeywords.RandomEmail.getEmail is PASSED

2023-04-01 14:04:18 - [TEST_STEP][PASSED] - email = email: null

2023-04-01 14:04:18 - [TEST_STEP][PASSED] - out.println(email): null

2023-04-01 14:04:18 - [TEST_STEP][PASSED] - currentRelativePath = Paths.get(""): null

2023-04-01 14:04:18 - [TEST_STEP][PASSED] - s = toAbsolutePath().toString(): null

2023-04-01 14:04:18 - [TEST_STEP][PASSED] - out.println("Current absolute path is: " + s): null

2023-04-01 14:04:18 - [TEST_STEP][PASSED] - s = s + "\Data Files\APK Android\SampleAndroidApp-LoginTes_4.0_Apkpure.apk": null

2023-04-01 14:04:18 - [TEST_STEP][PASSED] - out.println("Current absolute path is: " + s): null

2023-04-01 14:04:18 - [TEST_STEP][PASSED] - startApplication(s, false): Started app at: 'D:\JOB SEEKER\SURPLUS\Automation Script\Data Files\APK Android\SampleAndroidApp-LoginTes_4.0_Apkpure.apk'

2023-04-01 14:04:32 - [MESSAGE][PASSED] - Started app at: 'D:\JOB SEEKER\SURPLUS\Automation Script\Data Files\APK Android\SampleAndroidApp-LoginTes_4.0_Apkpure.apk'

2023-04-01 14:04:32 - [TEST_STEP][PASSED] - delay(5, STOP_ON_FAILURE): Delayed 5 second(s)

2023-04-01 14:04:37 - [MESSAGE][PASSED] - Delayed 5 second(s)

2023-04-01 14:04:37 - [TEST_STEP][PASSED] - setText(findTestObject("MOBILE OBJECT/Register/txt_add_email"), email, 10): Text 'emailUser718@gmail.com' has been set to element 'Object Repository/MOBILE OBJECT/Register/txt_add_email'

2023-04-01 14:04:39 - [MESSAGE][PASSED] - Text 'emailUser718@gmail.com' has been set to element 'Object Repository/MOBILE OBJECT/Register/txt_add_email'

2023-04-01 14:04:39 - [TEST_STEP][PASSED] - setEncryptedText(findTestObject("MOBILE OBJECT/Register/txt_add_password"), "7ZTatM+q3vAyZQd2ps7zRg==", 10): Encrypted text '7ZTatM+q3vAyZQd2ps7zRg==' has been set to element 'Object Repository/MOBILE OBJECT/Register/txt_add_password'

2023-04-01 14:04:40 - [MESSAGE][PASSED] - Encrypted text '7ZTatM+q3vAyZQd2ps7zRg==' has been set to element 'Object Repository/MOBILE OBJECT/Register/txt_add_password'

2023-04-01 14:04:40 - [TEST_STEP][PASSED] - tap(findTestObject("MOBILE OBJECT/Login/btn_login"), 10): Tapped on element 'Object Repository/MOBILE OBJECT/Login/btn_login'

2023-04-01 14:04:41 - [MESSAGE][PASSED] - Tapped on element 'Object Repository/MOBILE OBJECT/Login/btn_login']]></system-out>
         <system-err><![CDATA[]]></system-err>
      </testcase>
      <system-out><![CDATA[2023-04-01 13:58:01 - [TEST_SUITE][PASSED] - Test Suite Mobile: Test Cases/Mobile - Login - Email not yet registered]]></system-out>
      <system-err><![CDATA[]]></system-err>
   </testsuite>
</testsuites>
