<?xml version="1.0" encoding="UTF-8"?>
<testsuites name="Test Suite Mobile" time="265.847" tests="6" failures="0" errors="0">
   <testsuite name="Test Suite Mobile" tests="6" failures="0" errors="0" time="265.847" skipped="0" timestamp="2023-04-01 11:27:38" hostname="asus - LAPTOP-LUVALEJ3" id="Test Suites/Mobile/Test Suite Mobile">
      <properties>
         <property name="deviceName" value="emulator-5554 (AOSP on IA Emulator - Android 9)"/>
         <property name="devicePlatform" value=""/>
         <property name="logFolder" value="D:\\JOB SEEKER\\SURPLUS\\Automation Script\\Reports\\20230401_112721\\Mobile\\Test Suite Mobile\\20230401_112721"/>
         <property name="logFiles" value="D:\\JOB SEEKER\\SURPLUS\\Automation Script\\Reports\\20230401_112721\\Mobile\\Test Suite Mobile\\20230401_112721\\appium.log, D:\\JOB SEEKER\\SURPLUS\\Automation Script\\Reports\\20230401_112721\\Mobile\\Test Suite Mobile\\20230401_112721\\execution0.log"/>
         <property name="attachments" value=""/>
         <property name="hostName" value="asus - LAPTOP-LUVALEJ3"/>
         <property name="os" value="Windows 10 64bit"/>
         <property name="appiumServerStatus" value="{&quot;value&quot;:{&quot;build&quot;:{&quot;version&quot;:&quot;1.22.3&quot;}},&quot;sessionId&quot;:null,&quot;status&quot;:0}"/>
         <property name="katalonVersion" value="8.4.0.208"/>
         <property name="deviceOS" value="Android"/>
         <property name="appiumVersion" value="1.22.3"/>
         <property name="deviceModel" value="AOSP on IA Emulator"/>
         <property name="hostAddress" value="192.168.1.5"/>
         <property name="deviceManufacturer" value="Google"/>
         <property name="deviceId" value="emulator-5554"/>
         <property name="deviceName" value="emulator-5554 (AOSP on IA Emulator - Android 9)"/>
         <property name="deviceOSVersion" value="9"/>
      </properties>
      <testcase name="Test Cases/Negative Case Mobile - Register - Email has been taken" time="57.7" classname="Test Cases/Negative Case Mobile - Register - Email has been taken" status="PASSED">
         <system-out><![CDATA[2023-04-01 11:27:38 - [TEST_CASE][PASSED] - Test Cases/Negative Case Mobile - Register - Email has been taken: Test Cases/Negative Case Mobile - Register - Email has been taken

2023-04-01 11:27:39 - [TEST_STEP][PASSED] - faker = new com.github.javafaker.Faker(): null

2023-04-01 11:27:40 - [TEST_STEP][PASSED] - firstName = name().firstName(): null

2023-04-01 11:27:40 - [TEST_STEP][PASSED] - name = firstName: null

2023-04-01 11:27:41 - [TEST_STEP][PASSED] - currentRelativePath = Paths.get(""): null

2023-04-01 11:27:41 - [TEST_STEP][PASSED] - s = toAbsolutePath().toString(): null

2023-04-01 11:27:41 - [TEST_STEP][PASSED] - out.println("Current absolute path is: " + s): null

2023-04-01 11:27:41 - [TEST_STEP][PASSED] - s = s + "\Data Files\APK Android\SampleAndroidApp-LoginTes_4.0_Apkpure.apk": null

2023-04-01 11:27:41 - [TEST_STEP][PASSED] - out.println("Current absolute path is: " + s): null

2023-04-01 11:27:41 - [TEST_STEP][PASSED] - startApplication(s, false): Started app at: 'D:\JOB SEEKER\SURPLUS\Automation Script\Data Files\APK Android\SampleAndroidApp-LoginTes_4.0_Apkpure.apk'

2023-04-01 11:27:42 - [MESSAGE][INFO] - Detected NodeJS location: "C:\Program Files\nodejs\node.exe"

2023-04-01 11:27:48 - [MESSAGE][INFO] - Appium server started on port 59,389

2023-04-01 11:28:20 - [MESSAGE][PASSED] - Started app at: 'D:\JOB SEEKER\SURPLUS\Automation Script\Data Files\APK Android\SampleAndroidApp-LoginTes_4.0_Apkpure.apk'

2023-04-01 11:28:20 - [TEST_STEP][PASSED] - delay(5, STOP_ON_FAILURE): Delayed 5 second(s)

2023-04-01 11:28:25 - [MESSAGE][PASSED] - Delayed 5 second(s)

2023-04-01 11:28:25 - [TEST_STEP][PASSED] - tap(findTestObject("MOBILE OBJECT/Register/lbl_createAccount"), 10): Tapped on element 'Object Repository/MOBILE OBJECT/Register/lbl_createAccount'

2023-04-01 11:28:28 - [MESSAGE][PASSED] - Tapped on element 'Object Repository/MOBILE OBJECT/Register/lbl_createAccount'

2023-04-01 11:28:28 - [TEST_STEP][PASSED] - setText(findTestObject("MOBILE OBJECT/Register/txt_add_name"), firstName, 10): Text 'Elba' has been set to element 'Object Repository/MOBILE OBJECT/Register/txt_add_name'

2023-04-01 11:28:30 - [MESSAGE][PASSED] - Text 'Elba' has been set to element 'Object Repository/MOBILE OBJECT/Register/txt_add_name'

2023-04-01 11:28:30 - [TEST_STEP][PASSED] - setText(findTestObject("MOBILE OBJECT/Register/txt_add_email"), "sopigp@gmail.com", 10): Text 'sopigp@gmail.com' has been set to element 'Object Repository/MOBILE OBJECT/Register/txt_add_email'

2023-04-01 11:28:31 - [MESSAGE][PASSED] - Text 'sopigp@gmail.com' has been set to element 'Object Repository/MOBILE OBJECT/Register/txt_add_email'

2023-04-01 11:28:31 - [TEST_STEP][PASSED] - setEncryptedText(findTestObject("MOBILE OBJECT/Register/txt_add_password"), "7ZTatM+q3vAyZQd2ps7zRg==", 10): Encrypted text '7ZTatM+q3vAyZQd2ps7zRg==' has been set to element 'Object Repository/MOBILE OBJECT/Register/txt_add_password'

2023-04-01 11:28:33 - [MESSAGE][PASSED] - Encrypted text '7ZTatM+q3vAyZQd2ps7zRg==' has been set to element 'Object Repository/MOBILE OBJECT/Register/txt_add_password'

2023-04-01 11:28:33 - [TEST_STEP][PASSED] - setEncryptedText(findTestObject("MOBILE OBJECT/Register/txt_add_confirmPassword"), "7ZTatM+q3vAyZQd2ps7zRg==", 10): Encrypted text '7ZTatM+q3vAyZQd2ps7zRg==' has been set to element 'Object Repository/MOBILE OBJECT/Register/txt_add_confirmPassword'

2023-04-01 11:28:34 - [MESSAGE][PASSED] - Encrypted text '7ZTatM+q3vAyZQd2ps7zRg==' has been set to element 'Object Repository/MOBILE OBJECT/Register/txt_add_confirmPassword'

2023-04-01 11:28:34 - [TEST_STEP][PASSED] - tap(findTestObject("MOBILE OBJECT/Register/btn_register"), 10): Tapped on element 'Object Repository/MOBILE OBJECT/Register/btn_register'

2023-04-01 11:28:35 - [MESSAGE][PASSED] - Tapped on element 'Object Repository/MOBILE OBJECT/Register/btn_register'

2023-04-01 11:28:35 - [TEST_STEP][PASSED] - pressBack(): Press back button successfully

2023-04-01 11:28:36 - [MESSAGE][PASSED] - Press back button successfully]]></system-out>
         <system-err><![CDATA[]]></system-err>
      </testcase>
      <testcase name="Test Cases/Negative Case Mobile - Register - Empty Value" time="67.126" classname="Test Cases/Negative Case Mobile - Register - Empty Value" status="PASSED">
         <system-out><![CDATA[2023-04-01 11:28:36 - [TEST_CASE][PASSED] - Test Cases/Negative Case Mobile - Register - Empty Value: Test Cases/Negative Case Mobile - Register - Empty Value

2023-04-01 11:28:37 - [TEST_STEP][PASSED] - faker = new com.github.javafaker.Faker(): null

2023-04-01 11:28:37 - [TEST_STEP][PASSED] - firstName = name().firstName(): null

2023-04-01 11:28:37 - [TEST_STEP][PASSED] - name = firstName: null

2023-04-01 11:28:37 - [TEST_STEP][PASSED] - email = surplusKeywords.RandomEmail.getEmail("emailUser", "gmail.com"): surplusKeywords.RandomEmail.getEmail is PASSED

2023-04-01 11:28:37 - [MESSAGE][PASSED] - surplusKeywords.RandomEmail.getEmail is PASSED

2023-04-01 11:28:37 - [TEST_STEP][PASSED] - email = email: null

2023-04-01 11:28:37 - [TEST_STEP][PASSED] - out.println(email): null

2023-04-01 11:28:37 - [TEST_STEP][PASSED] - currentRelativePath = Paths.get(""): null

2023-04-01 11:28:37 - [TEST_STEP][PASSED] - s = toAbsolutePath().toString(): null

2023-04-01 11:28:37 - [TEST_STEP][PASSED] - out.println("Current absolute path is: " + s): null

2023-04-01 11:28:37 - [TEST_STEP][PASSED] - s = s + "\Data Files\APK Android\SampleAndroidApp-LoginTes_4.0_Apkpure.apk": null

2023-04-01 11:28:37 - [TEST_STEP][PASSED] - out.println("Current absolute path is: " + s): null

2023-04-01 11:28:37 - [TEST_STEP][PASSED] - startApplication(s, false): Started app at: 'D:\JOB SEEKER\SURPLUS\Automation Script\Data Files\APK Android\SampleAndroidApp-LoginTes_4.0_Apkpure.apk'

2023-04-01 11:28:54 - [MESSAGE][PASSED] - Started app at: 'D:\JOB SEEKER\SURPLUS\Automation Script\Data Files\APK Android\SampleAndroidApp-LoginTes_4.0_Apkpure.apk'

2023-04-01 11:28:54 - [TEST_STEP][PASSED] - delay(5, STOP_ON_FAILURE): Delayed 5 second(s)

2023-04-01 11:28:59 - [MESSAGE][PASSED] - Delayed 5 second(s)

2023-04-01 11:28:59 - [TEST_STEP][PASSED] - tap(findTestObject("MOBILE OBJECT/Register/lbl_createAccount"), 10): Tapped on element 'Object Repository/MOBILE OBJECT/Register/lbl_createAccount'

2023-04-01 11:29:02 - [MESSAGE][PASSED] - Tapped on element 'Object Repository/MOBILE OBJECT/Register/lbl_createAccount'

2023-04-01 11:29:02 - [TEST_STEP][PASSED] - setText(findTestObject("MOBILE OBJECT/Register/txt_add_name"), "", 0): Text '' has been set to element 'Object Repository/MOBILE OBJECT/Register/txt_add_name'

2023-04-01 11:29:02 - [MESSAGE][WARNING] - Timeout '0' is invalid. Using default page load timeout: '30'

2023-04-01 11:29:04 - [MESSAGE][PASSED] - Text '' has been set to element 'Object Repository/MOBILE OBJECT/Register/txt_add_name'

2023-04-01 11:29:04 - [TEST_STEP][PASSED] - setText(findTestObject("MOBILE OBJECT/Register/txt_add_email"), "", 0): Text '' has been set to element 'Object Repository/MOBILE OBJECT/Register/txt_add_email'

2023-04-01 11:29:04 - [MESSAGE][WARNING] - Timeout '0' is invalid. Using default page load timeout: '30'

2023-04-01 11:29:05 - [MESSAGE][PASSED] - Text '' has been set to element 'Object Repository/MOBILE OBJECT/Register/txt_add_email'

2023-04-01 11:29:05 - [TEST_STEP][PASSED] - setText(findTestObject("MOBILE OBJECT/Register/txt_add_password"), "", 0): Text '' has been set to element 'Object Repository/MOBILE OBJECT/Register/txt_add_password'

2023-04-01 11:29:06 - [MESSAGE][WARNING] - Timeout '0' is invalid. Using default page load timeout: '30'

2023-04-01 11:29:07 - [MESSAGE][PASSED] - Text '' has been set to element 'Object Repository/MOBILE OBJECT/Register/txt_add_password'

2023-04-01 11:29:07 - [TEST_STEP][PASSED] - setText(findTestObject("MOBILE OBJECT/Register/txt_add_confirmPassword"), "", 0): Text '' has been set to element 'Object Repository/MOBILE OBJECT/Register/txt_add_confirmPassword'

2023-04-01 11:29:07 - [MESSAGE][WARNING] - Timeout '0' is invalid. Using default page load timeout: '30'

2023-04-01 11:29:08 - [MESSAGE][PASSED] - Text '' has been set to element 'Object Repository/MOBILE OBJECT/Register/txt_add_confirmPassword'

2023-04-01 11:29:08 - [TEST_STEP][PASSED] - tap(findTestObject("MOBILE OBJECT/Register/btn_register"), 10): Tapped on element 'Object Repository/MOBILE OBJECT/Register/btn_register'

2023-04-01 11:29:09 - [MESSAGE][PASSED] - Tapped on element 'Object Repository/MOBILE OBJECT/Register/btn_register'

2023-04-01 11:29:09 - [TEST_STEP][PASSED] - verifyElementVisible(findTestObject("MOBILE OBJECT/errorMessage_name"), 10): Element 'Object Repository/MOBILE OBJECT/errorMessage_name' is visible

2023-04-01 11:29:11 - [MESSAGE][PASSED] - Element 'Object Repository/MOBILE OBJECT/errorMessage_name' is visible

2023-04-01 11:29:11 - [TEST_STEP][PASSED] - errorMessageName = getText(findTestObject("MOBILE OBJECT/errorMessage_name"), 10): Text of element 'Object Repository/MOBILE OBJECT/errorMessage_name' is: 'Enter Full Name'

2023-04-01 11:29:11 - [MESSAGE][PASSED] - Text of element 'Object Repository/MOBILE OBJECT/errorMessage_name' is: 'Enter Full Name'

2023-04-01 11:29:11 - [TEST_STEP][PASSED] - verifyMatch(errorMessageName, "Enter Full Name", false): Actual text 'Enter Full Name' and expected text 'Enter Full Name' are matched 

2023-04-01 11:29:11 - [MESSAGE][PASSED] - Actual text 'Enter Full Name' and expected text 'Enter Full Name' are matched 

2023-04-01 11:29:11 - [TEST_STEP][PASSED] - pressBack(): Press back button successfully

2023-04-01 11:29:11 - [MESSAGE][PASSED] - Press back button successfully

2023-04-01 11:29:11 - [TEST_STEP][PASSED] - tap(findTestObject("MOBILE OBJECT/Register/lbl_createAccount"), 10): Tapped on element 'Object Repository/MOBILE OBJECT/Register/lbl_createAccount'

2023-04-01 11:29:13 - [MESSAGE][PASSED] - Tapped on element 'Object Repository/MOBILE OBJECT/Register/lbl_createAccount'

2023-04-01 11:29:13 - [TEST_STEP][PASSED] - setText(findTestObject("MOBILE OBJECT/Register/txt_add_name"), firstName, 10): Text 'Tobias' has been set to element 'Object Repository/MOBILE OBJECT/Register/txt_add_name'

2023-04-01 11:29:16 - [MESSAGE][PASSED] - Text 'Tobias' has been set to element 'Object Repository/MOBILE OBJECT/Register/txt_add_name'

2023-04-01 11:29:16 - [TEST_STEP][PASSED] - setText(findTestObject("MOBILE OBJECT/Register/txt_add_email"), "", 0): Text '' has been set to element 'Object Repository/MOBILE OBJECT/Register/txt_add_email'

2023-04-01 11:29:16 - [MESSAGE][WARNING] - Timeout '0' is invalid. Using default page load timeout: '30'

2023-04-01 11:29:17 - [MESSAGE][PASSED] - Text '' has been set to element 'Object Repository/MOBILE OBJECT/Register/txt_add_email'

2023-04-01 11:29:17 - [TEST_STEP][PASSED] - setText(findTestObject("MOBILE OBJECT/Register/txt_add_password"), "", 0): Text '' has been set to element 'Object Repository/MOBILE OBJECT/Register/txt_add_password'

2023-04-01 11:29:17 - [MESSAGE][WARNING] - Timeout '0' is invalid. Using default page load timeout: '30'

2023-04-01 11:29:19 - [MESSAGE][PASSED] - Text '' has been set to element 'Object Repository/MOBILE OBJECT/Register/txt_add_password'

2023-04-01 11:29:19 - [TEST_STEP][PASSED] - setText(findTestObject("MOBILE OBJECT/Register/txt_add_confirmPassword"), "", 0): Text '' has been set to element 'Object Repository/MOBILE OBJECT/Register/txt_add_confirmPassword'

2023-04-01 11:29:19 - [MESSAGE][WARNING] - Timeout '0' is invalid. Using default page load timeout: '30'

2023-04-01 11:29:20 - [MESSAGE][PASSED] - Text '' has been set to element 'Object Repository/MOBILE OBJECT/Register/txt_add_confirmPassword'

2023-04-01 11:29:20 - [TEST_STEP][PASSED] - tap(findTestObject("MOBILE OBJECT/Register/btn_register"), 10): Tapped on element 'Object Repository/MOBILE OBJECT/Register/btn_register'

2023-04-01 11:29:21 - [MESSAGE][PASSED] - Tapped on element 'Object Repository/MOBILE OBJECT/Register/btn_register'

2023-04-01 11:29:21 - [TEST_STEP][PASSED] - verifyElementVisible(findTestObject("MOBILE OBJECT/errorMessage_email"), 10): Element 'Object Repository/MOBILE OBJECT/errorMessage_email' is visible

2023-04-01 11:29:22 - [MESSAGE][PASSED] - Element 'Object Repository/MOBILE OBJECT/errorMessage_email' is visible

2023-04-01 11:29:22 - [TEST_STEP][PASSED] - errorMessageEmail = getText(findTestObject("MOBILE OBJECT/errorMessage_email"), 10): Text of element 'Object Repository/MOBILE OBJECT/errorMessage_email' is: 'Enter Valid Email'

2023-04-01 11:29:23 - [MESSAGE][PASSED] - Text of element 'Object Repository/MOBILE OBJECT/errorMessage_email' is: 'Enter Valid Email'

2023-04-01 11:29:23 - [TEST_STEP][PASSED] - verifyMatch(errorMessageEmail, "Enter Valid Email", false): Actual text 'Enter Valid Email' and expected text 'Enter Valid Email' are matched 

2023-04-01 11:29:23 - [MESSAGE][PASSED] - Actual text 'Enter Valid Email' and expected text 'Enter Valid Email' are matched 

2023-04-01 11:29:23 - [TEST_STEP][PASSED] - pressBack(): Press back button successfully

2023-04-01 11:29:23 - [MESSAGE][PASSED] - Press back button successfully

2023-04-01 11:29:23 - [TEST_STEP][PASSED] - tap(findTestObject("MOBILE OBJECT/Register/lbl_createAccount"), 10): Tapped on element 'Object Repository/MOBILE OBJECT/Register/lbl_createAccount'

2023-04-01 11:29:24 - [MESSAGE][PASSED] - Tapped on element 'Object Repository/MOBILE OBJECT/Register/lbl_createAccount'

2023-04-01 11:29:24 - [TEST_STEP][PASSED] - setText(findTestObject("MOBILE OBJECT/Register/txt_add_name"), firstName, 10): Text 'Tobias' has been set to element 'Object Repository/MOBILE OBJECT/Register/txt_add_name'

2023-04-01 11:29:26 - [MESSAGE][PASSED] - Text 'Tobias' has been set to element 'Object Repository/MOBILE OBJECT/Register/txt_add_name'

2023-04-01 11:29:26 - [TEST_STEP][PASSED] - setText(findTestObject("MOBILE OBJECT/Register/txt_add_email"), email, 10): Text 'emailUser72@gmail.com' has been set to element 'Object Repository/MOBILE OBJECT/Register/txt_add_email'

2023-04-01 11:29:28 - [MESSAGE][PASSED] - Text 'emailUser72@gmail.com' has been set to element 'Object Repository/MOBILE OBJECT/Register/txt_add_email'

2023-04-01 11:29:28 - [TEST_STEP][PASSED] - setText(findTestObject("MOBILE OBJECT/Register/txt_add_password"), "", 0): Text '' has been set to element 'Object Repository/MOBILE OBJECT/Register/txt_add_password'

2023-04-01 11:29:28 - [MESSAGE][WARNING] - Timeout '0' is invalid. Using default page load timeout: '30'

2023-04-01 11:29:29 - [MESSAGE][PASSED] - Text '' has been set to element 'Object Repository/MOBILE OBJECT/Register/txt_add_password'

2023-04-01 11:29:29 - [TEST_STEP][PASSED] - setText(findTestObject("MOBILE OBJECT/Register/txt_add_confirmPassword"), "", 0): Text '' has been set to element 'Object Repository/MOBILE OBJECT/Register/txt_add_confirmPassword'

2023-04-01 11:29:29 - [MESSAGE][WARNING] - Timeout '0' is invalid. Using default page load timeout: '30'

2023-04-01 11:29:30 - [MESSAGE][PASSED] - Text '' has been set to element 'Object Repository/MOBILE OBJECT/Register/txt_add_confirmPassword'

2023-04-01 11:29:30 - [TEST_STEP][PASSED] - tap(findTestObject("MOBILE OBJECT/Register/btn_register"), 10): Tapped on element 'Object Repository/MOBILE OBJECT/Register/btn_register'

2023-04-01 11:29:31 - [MESSAGE][PASSED] - Tapped on element 'Object Repository/MOBILE OBJECT/Register/btn_register'

2023-04-01 11:29:31 - [TEST_STEP][PASSED] - verifyElementVisible(findTestObject("MOBILE OBJECT/errorMessage_password"), 10): Element 'Object Repository/MOBILE OBJECT/errorMessage_password' is visible

2023-04-01 11:29:32 - [MESSAGE][PASSED] - Element 'Object Repository/MOBILE OBJECT/errorMessage_password' is visible

2023-04-01 11:29:32 - [TEST_STEP][PASSED] - errorMessagePassword = getText(findTestObject("MOBILE OBJECT/errorMessage_password"), 10): Text of element 'Object Repository/MOBILE OBJECT/errorMessage_password' is: 'Enter Password'

2023-04-01 11:29:33 - [MESSAGE][PASSED] - Text of element 'Object Repository/MOBILE OBJECT/errorMessage_password' is: 'Enter Password'

2023-04-01 11:29:33 - [TEST_STEP][PASSED] - verifyMatch(errorMessagePassword, "Enter Password", false): Actual text 'Enter Password' and expected text 'Enter Password' are matched 

2023-04-01 11:29:33 - [MESSAGE][PASSED] - Actual text 'Enter Password' and expected text 'Enter Password' are matched 

2023-04-01 11:29:33 - [TEST_STEP][PASSED] - pressBack(): Press back button successfully

2023-04-01 11:29:33 - [MESSAGE][PASSED] - Press back button successfully

2023-04-01 11:29:33 - [TEST_STEP][PASSED] - tap(findTestObject("MOBILE OBJECT/Register/lbl_createAccount"), 10): Tapped on element 'Object Repository/MOBILE OBJECT/Register/lbl_createAccount'

2023-04-01 11:29:34 - [MESSAGE][PASSED] - Tapped on element 'Object Repository/MOBILE OBJECT/Register/lbl_createAccount'

2023-04-01 11:29:34 - [TEST_STEP][PASSED] - setText(findTestObject("MOBILE OBJECT/Register/txt_add_name"), firstName, 10): Text 'Tobias' has been set to element 'Object Repository/MOBILE OBJECT/Register/txt_add_name'

2023-04-01 11:29:36 - [MESSAGE][PASSED] - Text 'Tobias' has been set to element 'Object Repository/MOBILE OBJECT/Register/txt_add_name'

2023-04-01 11:29:36 - [TEST_STEP][PASSED] - setText(findTestObject("MOBILE OBJECT/Register/txt_add_email"), email, 10): Text 'emailUser72@gmail.com' has been set to element 'Object Repository/MOBILE OBJECT/Register/txt_add_email'

2023-04-01 11:29:38 - [MESSAGE][PASSED] - Text 'emailUser72@gmail.com' has been set to element 'Object Repository/MOBILE OBJECT/Register/txt_add_email'

2023-04-01 11:29:38 - [TEST_STEP][PASSED] - setEncryptedText(findTestObject("MOBILE OBJECT/Register/txt_add_password"), "7ZTatM+q3vAyZQd2ps7zRg==", 10): Encrypted text '7ZTatM+q3vAyZQd2ps7zRg==' has been set to element 'Object Repository/MOBILE OBJECT/Register/txt_add_password'

2023-04-01 11:29:39 - [MESSAGE][PASSED] - Encrypted text '7ZTatM+q3vAyZQd2ps7zRg==' has been set to element 'Object Repository/MOBILE OBJECT/Register/txt_add_password'

2023-04-01 11:29:39 - [TEST_STEP][PASSED] - setText(findTestObject("MOBILE OBJECT/Register/txt_add_confirmPassword"), "", 0): Text '' has been set to element 'Object Repository/MOBILE OBJECT/Register/txt_add_confirmPassword'

2023-04-01 11:29:39 - [MESSAGE][WARNING] - Timeout '0' is invalid. Using default page load timeout: '30'

2023-04-01 11:29:41 - [MESSAGE][PASSED] - Text '' has been set to element 'Object Repository/MOBILE OBJECT/Register/txt_add_confirmPassword'

2023-04-01 11:29:41 - [TEST_STEP][PASSED] - tap(findTestObject("MOBILE OBJECT/Register/btn_register"), 10): Tapped on element 'Object Repository/MOBILE OBJECT/Register/btn_register'

2023-04-01 11:29:41 - [MESSAGE][PASSED] - Tapped on element 'Object Repository/MOBILE OBJECT/Register/btn_register'

2023-04-01 11:29:41 - [TEST_STEP][PASSED] - verifyElementVisible(findTestObject("MOBILE OBJECT/errorMessage_confirmPassword"), 10): Element 'Object Repository/MOBILE OBJECT/errorMessage_confirmPassword' is visible

2023-04-01 11:29:43 - [MESSAGE][PASSED] - Element 'Object Repository/MOBILE OBJECT/errorMessage_confirmPassword' is visible

2023-04-01 11:29:43 - [TEST_STEP][PASSED] - errorMessageConfirmPassword = getText(findTestObject("MOBILE OBJECT/errorMessage_confirmPassword"), 10): Text of element 'Object Repository/MOBILE OBJECT/errorMessage_confirmPassword' is: 'Password Does Not Matches'

2023-04-01 11:29:43 - [MESSAGE][PASSED] - Text of element 'Object Repository/MOBILE OBJECT/errorMessage_confirmPassword' is: 'Password Does Not Matches'

2023-04-01 11:29:43 - [TEST_STEP][PASSED] - verifyMatch(errorMessageConfirmPassword, "Password Does Not Matches", false): Actual text 'Password Does Not Matches' and expected text 'Password Does Not Matches' are matched 

2023-04-01 11:29:43 - [MESSAGE][PASSED] - Actual text 'Password Does Not Matches' and expected text 'Password Does Not Matches' are matched 

2023-04-01 11:29:43 - [TEST_STEP][PASSED] - pressBack(): Press back button successfully

2023-04-01 11:29:43 - [MESSAGE][PASSED] - Press back button successfully]]></system-out>
         <system-err><![CDATA[]]></system-err>
      </testcase>
      <testcase name="Test Cases/Negative Case Mobile - Register - Invalid Email" time="33.609" classname="Test Cases/Negative Case Mobile - Register - Invalid Email" status="PASSED">
         <system-out><![CDATA[2023-04-01 11:29:43 - [TEST_CASE][PASSED] - Test Cases/Negative Case Mobile - Register - Invalid Email: Test Cases/Negative Case Mobile - Register - Invalid Email

2023-04-01 11:29:44 - [TEST_STEP][PASSED] - faker = new com.github.javafaker.Faker(): null

2023-04-01 11:29:44 - [TEST_STEP][PASSED] - firstName = name().firstName(): null

2023-04-01 11:29:44 - [TEST_STEP][PASSED] - name = firstName: null

2023-04-01 11:29:44 - [TEST_STEP][PASSED] - email = surplusKeywords.RandomEmail.getEmail("emailUser", "gmail.com"): surplusKeywords.RandomEmail.getEmail is PASSED

2023-04-01 11:29:44 - [MESSAGE][PASSED] - surplusKeywords.RandomEmail.getEmail is PASSED

2023-04-01 11:29:44 - [TEST_STEP][PASSED] - email = email: null

2023-04-01 11:29:44 - [TEST_STEP][PASSED] - out.println(email): null

2023-04-01 11:29:44 - [TEST_STEP][PASSED] - currentRelativePath = Paths.get(""): null

2023-04-01 11:29:44 - [TEST_STEP][PASSED] - s = toAbsolutePath().toString(): null

2023-04-01 11:29:44 - [TEST_STEP][PASSED] - out.println("Current absolute path is: " + s): null

2023-04-01 11:29:44 - [TEST_STEP][PASSED] - s = s + "\Data Files\APK Android\SampleAndroidApp-LoginTes_4.0_Apkpure.apk": null

2023-04-01 11:29:44 - [TEST_STEP][PASSED] - out.println("Current absolute path is: " + s): null

2023-04-01 11:29:44 - [TEST_STEP][PASSED] - startApplication(s, false): Started app at: 'D:\JOB SEEKER\SURPLUS\Automation Script\Data Files\APK Android\SampleAndroidApp-LoginTes_4.0_Apkpure.apk'

2023-04-01 11:30:00 - [MESSAGE][PASSED] - Started app at: 'D:\JOB SEEKER\SURPLUS\Automation Script\Data Files\APK Android\SampleAndroidApp-LoginTes_4.0_Apkpure.apk'

2023-04-01 11:30:00 - [TEST_STEP][PASSED] - delay(5, STOP_ON_FAILURE): Delayed 5 second(s)

2023-04-01 11:30:05 - [MESSAGE][PASSED] - Delayed 5 second(s)

2023-04-01 11:30:05 - [TEST_STEP][PASSED] - tap(findTestObject("MOBILE OBJECT/Register/lbl_createAccount"), 10): Tapped on element 'Object Repository/MOBILE OBJECT/Register/lbl_createAccount'

2023-04-01 11:30:07 - [MESSAGE][PASSED] - Tapped on element 'Object Repository/MOBILE OBJECT/Register/lbl_createAccount'

2023-04-01 11:30:07 - [TEST_STEP][PASSED] - setText(findTestObject("MOBILE OBJECT/Register/txt_add_name"), firstName, 10): Text 'Odell' has been set to element 'Object Repository/MOBILE OBJECT/Register/txt_add_name'

2023-04-01 11:30:09 - [MESSAGE][PASSED] - Text 'Odell' has been set to element 'Object Repository/MOBILE OBJECT/Register/txt_add_name'

2023-04-01 11:30:09 - [TEST_STEP][PASSED] - setText(findTestObject("MOBILE OBJECT/Register/txt_add_email"), "sopigp.com", 10): Text 'sopigp.com' has been set to element 'Object Repository/MOBILE OBJECT/Register/txt_add_email'

2023-04-01 11:30:11 - [MESSAGE][PASSED] - Text 'sopigp.com' has been set to element 'Object Repository/MOBILE OBJECT/Register/txt_add_email'

2023-04-01 11:30:11 - [TEST_STEP][PASSED] - setEncryptedText(findTestObject("MOBILE OBJECT/Register/txt_add_password"), "7ZTatM+q3vAyZQd2ps7zRg==", 10): Encrypted text '7ZTatM+q3vAyZQd2ps7zRg==' has been set to element 'Object Repository/MOBILE OBJECT/Register/txt_add_password'

2023-04-01 11:30:12 - [MESSAGE][PASSED] - Encrypted text '7ZTatM+q3vAyZQd2ps7zRg==' has been set to element 'Object Repository/MOBILE OBJECT/Register/txt_add_password'

2023-04-01 11:30:12 - [TEST_STEP][PASSED] - setEncryptedText(findTestObject("MOBILE OBJECT/Register/txt_add_confirmPassword"), "7ZTatM+q3vAyZQd2ps7zRg==", 10): Encrypted text '7ZTatM+q3vAyZQd2ps7zRg==' has been set to element 'Object Repository/MOBILE OBJECT/Register/txt_add_confirmPassword'

2023-04-01 11:30:14 - [MESSAGE][PASSED] - Encrypted text '7ZTatM+q3vAyZQd2ps7zRg==' has been set to element 'Object Repository/MOBILE OBJECT/Register/txt_add_confirmPassword'

2023-04-01 11:30:14 - [TEST_STEP][PASSED] - tap(findTestObject("MOBILE OBJECT/Register/btn_register"), 10): Tapped on element 'Object Repository/MOBILE OBJECT/Register/btn_register'

2023-04-01 11:30:15 - [MESSAGE][PASSED] - Tapped on element 'Object Repository/MOBILE OBJECT/Register/btn_register'

2023-04-01 11:30:15 - [TEST_STEP][PASSED] - verifyElementVisible(findTestObject("MOBILE OBJECT/errorMessage_email"), 10): Element 'Object Repository/MOBILE OBJECT/errorMessage_email' is visible

2023-04-01 11:30:16 - [MESSAGE][PASSED] - Element 'Object Repository/MOBILE OBJECT/errorMessage_email' is visible

2023-04-01 11:30:16 - [TEST_STEP][PASSED] - errorMessageEmail = getText(findTestObject("MOBILE OBJECT/errorMessage_email"), 10): Text of element 'Object Repository/MOBILE OBJECT/errorMessage_email' is: 'Enter Valid Email'

2023-04-01 11:30:16 - [MESSAGE][PASSED] - Text of element 'Object Repository/MOBILE OBJECT/errorMessage_email' is: 'Enter Valid Email'

2023-04-01 11:30:16 - [TEST_STEP][PASSED] - verifyMatch(errorMessageEmail, "Enter Valid Email", false): Actual text 'Enter Valid Email' and expected text 'Enter Valid Email' are matched 

2023-04-01 11:30:16 - [MESSAGE][PASSED] - Actual text 'Enter Valid Email' and expected text 'Enter Valid Email' are matched 

2023-04-01 11:30:16 - [TEST_STEP][PASSED] - pressBack(): Press back button successfully

2023-04-01 11:30:17 - [MESSAGE][PASSED] - Press back button successfully]]></system-out>
         <system-err><![CDATA[]]></system-err>
      </testcase>
      <testcase name="Test Cases/Negative Case Mobile - Register - Max Characters" time="34.267" classname="Test Cases/Negative Case Mobile - Register - Max Characters" status="PASSED">
         <system-out><![CDATA[2023-04-01 11:30:17 - [TEST_CASE][PASSED] - Test Cases/Negative Case Mobile - Register - Max Characters: Test Cases/Negative Case Mobile - Register - Max Characters

2023-04-01 11:30:18 - [TEST_STEP][PASSED] - randomStringName = RandomStringUtils.randomAlphabetic(100): null

2023-04-01 11:30:18 - [TEST_STEP][PASSED] - faker = new com.github.javafaker.Faker(): null

2023-04-01 11:30:18 - [TEST_STEP][PASSED] - firstName = name().firstName(): null

2023-04-01 11:30:18 - [TEST_STEP][PASSED] - name = firstName: null

2023-04-01 11:30:18 - [TEST_STEP][PASSED] - email = surplusKeywords.RandomEmail.getEmail("emailUser", "gmail.com"): surplusKeywords.RandomEmail.getEmail is PASSED

2023-04-01 11:30:18 - [MESSAGE][PASSED] - surplusKeywords.RandomEmail.getEmail is PASSED

2023-04-01 11:30:18 - [TEST_STEP][PASSED] - email = email: null

2023-04-01 11:30:18 - [TEST_STEP][PASSED] - out.println(email): null

2023-04-01 11:30:18 - [TEST_STEP][PASSED] - currentRelativePath = Paths.get(""): null

2023-04-01 11:30:18 - [TEST_STEP][PASSED] - s = toAbsolutePath().toString(): null

2023-04-01 11:30:18 - [TEST_STEP][PASSED] - out.println("Current absolute path is: " + s): null

2023-04-01 11:30:18 - [TEST_STEP][PASSED] - s = s + "\Data Files\APK Android\SampleAndroidApp-LoginTes_4.0_Apkpure.apk": null

2023-04-01 11:30:18 - [TEST_STEP][PASSED] - out.println("Current absolute path is: " + s): null

2023-04-01 11:30:18 - [TEST_STEP][PASSED] - startApplication(s, false): Started app at: 'D:\JOB SEEKER\SURPLUS\Automation Script\Data Files\APK Android\SampleAndroidApp-LoginTes_4.0_Apkpure.apk'

2023-04-01 11:30:34 - [MESSAGE][PASSED] - Started app at: 'D:\JOB SEEKER\SURPLUS\Automation Script\Data Files\APK Android\SampleAndroidApp-LoginTes_4.0_Apkpure.apk'

2023-04-01 11:30:34 - [TEST_STEP][PASSED] - delay(5, STOP_ON_FAILURE): Delayed 5 second(s)

2023-04-01 11:30:39 - [MESSAGE][PASSED] - Delayed 5 second(s)

2023-04-01 11:30:39 - [TEST_STEP][PASSED] - tap(findTestObject("MOBILE OBJECT/Register/lbl_createAccount"), 10): Tapped on element 'Object Repository/MOBILE OBJECT/Register/lbl_createAccount'

2023-04-01 11:30:42 - [MESSAGE][PASSED] - Tapped on element 'Object Repository/MOBILE OBJECT/Register/lbl_createAccount'

2023-04-01 11:30:42 - [TEST_STEP][PASSED] - setText(findTestObject("MOBILE OBJECT/Register/txt_add_name"), randomStringName, 10): Text 'euukltYThpIutSRiXIAcoabLrRCxeaWNodykARkbFliJdgLIWrHofhNZdoJxYeZZUzreEjzNDHuSfeCUDSCtxMptVZkqWPZBwCCq' has been set to element 'Object Repository/MOBILE OBJECT/Register/txt_add_name'

2023-04-01 11:30:44 - [MESSAGE][PASSED] - Text 'euukltYThpIutSRiXIAcoabLrRCxeaWNodykARkbFliJdgLIWrHofhNZdoJxYeZZUzreEjzNDHuSfeCUDSCtxMptVZkqWPZBwCCq' has been set to element 'Object Repository/MOBILE OBJECT/Register/txt_add_name'

2023-04-01 11:30:44 - [TEST_STEP][PASSED] - setText(findTestObject("MOBILE OBJECT/Register/txt_add_email"), email, 10): Text 'emailUser924@gmail.com' has been set to element 'Object Repository/MOBILE OBJECT/Register/txt_add_email'

2023-04-01 11:30:46 - [MESSAGE][PASSED] - Text 'emailUser924@gmail.com' has been set to element 'Object Repository/MOBILE OBJECT/Register/txt_add_email'

2023-04-01 11:30:46 - [TEST_STEP][PASSED] - setEncryptedText(findTestObject("MOBILE OBJECT/Register/txt_add_password"), "7ZTatM+q3vAyZQd2ps7zRg==", 10): Encrypted text '7ZTatM+q3vAyZQd2ps7zRg==' has been set to element 'Object Repository/MOBILE OBJECT/Register/txt_add_password'

2023-04-01 11:30:47 - [MESSAGE][PASSED] - Encrypted text '7ZTatM+q3vAyZQd2ps7zRg==' has been set to element 'Object Repository/MOBILE OBJECT/Register/txt_add_password'

2023-04-01 11:30:47 - [TEST_STEP][PASSED] - setEncryptedText(findTestObject("MOBILE OBJECT/Register/txt_add_confirmPassword"), "7ZTatM+q3vAyZQd2ps7zRg==", 10): Encrypted text '7ZTatM+q3vAyZQd2ps7zRg==' has been set to element 'Object Repository/MOBILE OBJECT/Register/txt_add_confirmPassword'

2023-04-01 11:30:49 - [MESSAGE][PASSED] - Encrypted text '7ZTatM+q3vAyZQd2ps7zRg==' has been set to element 'Object Repository/MOBILE OBJECT/Register/txt_add_confirmPassword'

2023-04-01 11:30:49 - [TEST_STEP][PASSED] - tap(findTestObject("MOBILE OBJECT/Register/btn_register"), 10): Tapped on element 'Object Repository/MOBILE OBJECT/Register/btn_register'

2023-04-01 11:30:50 - [MESSAGE][PASSED] - Tapped on element 'Object Repository/MOBILE OBJECT/Register/btn_register'

2023-04-01 11:30:50 - [TEST_STEP][PASSED] - pressBack(): Press back button successfully

2023-04-01 11:30:51 - [MESSAGE][PASSED] - Press back button successfully]]></system-out>
         <system-err><![CDATA[]]></system-err>
      </testcase>
      <testcase name="Test Cases/Negative Case Mobile - Register - Min Characters" time="32.994" classname="Test Cases/Negative Case Mobile - Register - Min Characters" status="PASSED">
         <system-out><![CDATA[2023-04-01 11:30:51 - [TEST_CASE][PASSED] - Test Cases/Negative Case Mobile - Register - Min Characters: Test Cases/Negative Case Mobile - Register - Min Characters

2023-04-01 11:30:52 - [TEST_STEP][PASSED] - currentRelativePath = Paths.get(""): null

2023-04-01 11:30:52 - [TEST_STEP][PASSED] - s = toAbsolutePath().toString(): null

2023-04-01 11:30:52 - [TEST_STEP][PASSED] - out.println("Current absolute path is: " + s): null

2023-04-01 11:30:52 - [TEST_STEP][PASSED] - s = s + "\Data Files\APK Android\SampleAndroidApp-LoginTes_4.0_Apkpure.apk": null

2023-04-01 11:30:52 - [TEST_STEP][PASSED] - out.println("Current absolute path is: " + s): null

2023-04-01 11:30:52 - [TEST_STEP][PASSED] - startApplication(s, false): Started app at: 'D:\JOB SEEKER\SURPLUS\Automation Script\Data Files\APK Android\SampleAndroidApp-LoginTes_4.0_Apkpure.apk'

2023-04-01 11:31:07 - [MESSAGE][PASSED] - Started app at: 'D:\JOB SEEKER\SURPLUS\Automation Script\Data Files\APK Android\SampleAndroidApp-LoginTes_4.0_Apkpure.apk'

2023-04-01 11:31:07 - [TEST_STEP][PASSED] - delay(5, STOP_ON_FAILURE): Delayed 5 second(s)

2023-04-01 11:31:12 - [MESSAGE][PASSED] - Delayed 5 second(s)

2023-04-01 11:31:12 - [TEST_STEP][PASSED] - tap(findTestObject("MOBILE OBJECT/Register/lbl_createAccount"), 10): Tapped on element 'Object Repository/MOBILE OBJECT/Register/lbl_createAccount'

2023-04-01 11:31:15 - [MESSAGE][PASSED] - Tapped on element 'Object Repository/MOBILE OBJECT/Register/lbl_createAccount'

2023-04-01 11:31:15 - [TEST_STEP][PASSED] - setText(findTestObject("MOBILE OBJECT/Register/txt_add_name"), "a", 10): Text 'a' has been set to element 'Object Repository/MOBILE OBJECT/Register/txt_add_name'

2023-04-01 11:31:17 - [MESSAGE][PASSED] - Text 'a' has been set to element 'Object Repository/MOBILE OBJECT/Register/txt_add_name'

2023-04-01 11:31:17 - [TEST_STEP][PASSED] - setText(findTestObject("MOBILE OBJECT/Register/txt_add_email"), "a@gmail.com", 10): Text 'a@gmail.com' has been set to element 'Object Repository/MOBILE OBJECT/Register/txt_add_email'

2023-04-01 11:31:19 - [MESSAGE][PASSED] - Text 'a@gmail.com' has been set to element 'Object Repository/MOBILE OBJECT/Register/txt_add_email'

2023-04-01 11:31:19 - [TEST_STEP][PASSED] - setEncryptedText(findTestObject("MOBILE OBJECT/Register/txt_add_password"), "J7R4ejOak4Y=", 10): Encrypted text 'J7R4ejOak4Y=' has been set to element 'Object Repository/MOBILE OBJECT/Register/txt_add_password'

2023-04-01 11:31:21 - [MESSAGE][PASSED] - Encrypted text 'J7R4ejOak4Y=' has been set to element 'Object Repository/MOBILE OBJECT/Register/txt_add_password'

2023-04-01 11:31:21 - [TEST_STEP][PASSED] - setEncryptedText(findTestObject("MOBILE OBJECT/Register/txt_add_confirmPassword"), "J7R4ejOak4Y=", 10): Encrypted text 'J7R4ejOak4Y=' has been set to element 'Object Repository/MOBILE OBJECT/Register/txt_add_confirmPassword'

2023-04-01 11:31:22 - [MESSAGE][PASSED] - Encrypted text 'J7R4ejOak4Y=' has been set to element 'Object Repository/MOBILE OBJECT/Register/txt_add_confirmPassword'

2023-04-01 11:31:22 - [TEST_STEP][PASSED] - tap(findTestObject("MOBILE OBJECT/Register/btn_register"), 10): Tapped on element 'Object Repository/MOBILE OBJECT/Register/btn_register'

2023-04-01 11:31:23 - [MESSAGE][PASSED] - Tapped on element 'Object Repository/MOBILE OBJECT/Register/btn_register'

2023-04-01 11:31:23 - [TEST_STEP][PASSED] - pressBack(): Press back button successfully

2023-04-01 11:31:24 - [MESSAGE][PASSED] - Press back button successfully]]></system-out>
         <system-err><![CDATA[]]></system-err>
      </testcase>
      <testcase name="Test Cases/Negative Case Mobile - Register - Password Does Not Matches" time="39.589" classname="Test Cases/Negative Case Mobile - Register - Password Does Not Matches" status="PASSED">
         <system-out><![CDATA[2023-04-01 11:31:24 - [TEST_CASE][PASSED] - Test Cases/Negative Case Mobile - Register - Password Does Not Matches: Test Cases/Negative Case Mobile - Register - Password Does Not Matches

2023-04-01 11:31:25 - [TEST_STEP][PASSED] - faker = new com.github.javafaker.Faker(): null

2023-04-01 11:31:25 - [TEST_STEP][PASSED] - firstName = name().firstName(): null

2023-04-01 11:31:25 - [TEST_STEP][PASSED] - name = firstName: null

2023-04-01 11:31:25 - [TEST_STEP][PASSED] - email = surplusKeywords.RandomEmail.getEmail("emailUser", "gmail.com"): surplusKeywords.RandomEmail.getEmail is PASSED

2023-04-01 11:31:25 - [MESSAGE][PASSED] - surplusKeywords.RandomEmail.getEmail is PASSED

2023-04-01 11:31:25 - [TEST_STEP][PASSED] - email = email: null

2023-04-01 11:31:25 - [TEST_STEP][PASSED] - out.println(email): null

2023-04-01 11:31:25 - [TEST_STEP][PASSED] - currentRelativePath = Paths.get(""): null

2023-04-01 11:31:25 - [TEST_STEP][PASSED] - s = toAbsolutePath().toString(): null

2023-04-01 11:31:25 - [TEST_STEP][PASSED] - out.println("Current absolute path is: " + s): null

2023-04-01 11:31:25 - [TEST_STEP][PASSED] - s = s + "\Data Files\APK Android\SampleAndroidApp-LoginTes_4.0_Apkpure.apk": null

2023-04-01 11:31:25 - [TEST_STEP][PASSED] - out.println("Current absolute path is: " + s): null

2023-04-01 11:31:25 - [TEST_STEP][PASSED] - startApplication(s, false): Started app at: 'D:\JOB SEEKER\SURPLUS\Automation Script\Data Files\APK Android\SampleAndroidApp-LoginTes_4.0_Apkpure.apk'

2023-04-01 11:31:46 - [MESSAGE][PASSED] - Started app at: 'D:\JOB SEEKER\SURPLUS\Automation Script\Data Files\APK Android\SampleAndroidApp-LoginTes_4.0_Apkpure.apk'

2023-04-01 11:31:46 - [TEST_STEP][PASSED] - delay(5, STOP_ON_FAILURE): Delayed 5 second(s)

2023-04-01 11:31:51 - [MESSAGE][PASSED] - Delayed 5 second(s)

2023-04-01 11:31:51 - [TEST_STEP][PASSED] - tap(findTestObject("MOBILE OBJECT/Register/lbl_createAccount"), 10): Tapped on element 'Object Repository/MOBILE OBJECT/Register/lbl_createAccount'

2023-04-01 11:31:53 - [MESSAGE][PASSED] - Tapped on element 'Object Repository/MOBILE OBJECT/Register/lbl_createAccount'

2023-04-01 11:31:53 - [TEST_STEP][PASSED] - setText(findTestObject("MOBILE OBJECT/Register/txt_add_name"), firstName, 10): Text 'Ellis' has been set to element 'Object Repository/MOBILE OBJECT/Register/txt_add_name'

2023-04-01 11:31:55 - [MESSAGE][PASSED] - Text 'Ellis' has been set to element 'Object Repository/MOBILE OBJECT/Register/txt_add_name'

2023-04-01 11:31:55 - [TEST_STEP][PASSED] - setText(findTestObject("MOBILE OBJECT/Register/txt_add_email"), email, 10): Text 'emailUser56@gmail.com' has been set to element 'Object Repository/MOBILE OBJECT/Register/txt_add_email'

2023-04-01 11:31:57 - [MESSAGE][PASSED] - Text 'emailUser56@gmail.com' has been set to element 'Object Repository/MOBILE OBJECT/Register/txt_add_email'

2023-04-01 11:31:57 - [TEST_STEP][PASSED] - setEncryptedText(findTestObject("MOBILE OBJECT/Register/txt_add_password"), "7ZTatM+q3vAyZQd2ps7zRg==", 10): Encrypted text '7ZTatM+q3vAyZQd2ps7zRg==' has been set to element 'Object Repository/MOBILE OBJECT/Register/txt_add_password'

2023-04-01 11:31:58 - [MESSAGE][PASSED] - Encrypted text '7ZTatM+q3vAyZQd2ps7zRg==' has been set to element 'Object Repository/MOBILE OBJECT/Register/txt_add_password'

2023-04-01 11:31:58 - [TEST_STEP][PASSED] - setEncryptedText(findTestObject("MOBILE OBJECT/Register/txt_add_confirmPassword"), "7ZTatM+q3vBgFR2tafRiBEjvq10dNwjr", 10): Encrypted text '7ZTatM+q3vBgFR2tafRiBEjvq10dNwjr' has been set to element 'Object Repository/MOBILE OBJECT/Register/txt_add_confirmPassword'

2023-04-01 11:32:00 - [MESSAGE][PASSED] - Encrypted text '7ZTatM+q3vBgFR2tafRiBEjvq10dNwjr' has been set to element 'Object Repository/MOBILE OBJECT/Register/txt_add_confirmPassword'

2023-04-01 11:32:00 - [TEST_STEP][PASSED] - tap(findTestObject("MOBILE OBJECT/Register/btn_register"), 10): Tapped on element 'Object Repository/MOBILE OBJECT/Register/btn_register'

2023-04-01 11:32:02 - [MESSAGE][PASSED] - Tapped on element 'Object Repository/MOBILE OBJECT/Register/btn_register'

2023-04-01 11:32:02 - [TEST_STEP][PASSED] - verifyElementVisible(findTestObject("MOBILE OBJECT/errorMessage_confirmPassword"), 10): Element 'Object Repository/MOBILE OBJECT/errorMessage_confirmPassword' is visible

2023-04-01 11:32:03 - [MESSAGE][PASSED] - Element 'Object Repository/MOBILE OBJECT/errorMessage_confirmPassword' is visible

2023-04-01 11:32:03 - [TEST_STEP][PASSED] - errorMessageConfirmPassword = getText(findTestObject("MOBILE OBJECT/errorMessage_confirmPassword"), 10): Text of element 'Object Repository/MOBILE OBJECT/errorMessage_confirmPassword' is: 'Password Does Not Matches'

2023-04-01 11:32:03 - [MESSAGE][PASSED] - Text of element 'Object Repository/MOBILE OBJECT/errorMessage_confirmPassword' is: 'Password Does Not Matches'

2023-04-01 11:32:03 - [TEST_STEP][PASSED] - verifyMatch(errorMessageConfirmPassword, "Password Does Not Matches", false): Actual text 'Password Does Not Matches' and expected text 'Password Does Not Matches' are matched 

2023-04-01 11:32:03 - [MESSAGE][PASSED] - Actual text 'Password Does Not Matches' and expected text 'Password Does Not Matches' are matched 

2023-04-01 11:32:03 - [TEST_STEP][PASSED] - pressBack(): Press back button successfully

2023-04-01 11:32:04 - [MESSAGE][PASSED] - Press back button successfully]]></system-out>
         <system-err><![CDATA[]]></system-err>
      </testcase>
      <system-out><![CDATA[2023-04-01 11:27:38 - [TEST_SUITE][PASSED] - Test Suite Mobile: Test Cases/Negative Case Mobile - Register - Password Does Not Matches]]></system-out>
      <system-err><![CDATA[]]></system-err>
   </testsuite>
</testsuites>
