<?xml version="1.0" encoding="UTF-8"?>
<testsuites name="Test Suite Mobile" time="446.966" tests="12" failures="0" errors="0">
   <testsuite name="Test Suite Mobile" tests="12" failures="0" errors="0" time="446.966" skipped="0" timestamp="2023-04-01 13:43:44" hostname="asus - LAPTOP-LUVALEJ3" id="Test Suites/Mobile/Test Suite Mobile">
      <properties>
         <property name="deviceName" value="emulator-5554 (AOSP on IA Emulator - Android 9)"/>
         <property name="devicePlatform" value=""/>
         <property name="logFolder" value="D:\\JOB SEEKER\\SURPLUS\\Automation Script\\Reports\\20230401_134311\\Mobile\\Test Suite Mobile\\20230401_134311"/>
         <property name="logFiles" value="D:\\JOB SEEKER\\SURPLUS\\Automation Script\\Reports\\20230401_134311\\Mobile\\Test Suite Mobile\\20230401_134311\\appium.log, D:\\JOB SEEKER\\SURPLUS\\Automation Script\\Reports\\20230401_134311\\Mobile\\Test Suite Mobile\\20230401_134311\\execution0.log"/>
         <property name="attachments" value=""/>
         <property name="hostName" value="asus - LAPTOP-LUVALEJ3"/>
         <property name="os" value="Windows 10 64bit"/>
         <property name="appiumServerStatus" value="{&quot;value&quot;:{&quot;build&quot;:{&quot;version&quot;:&quot;1.22.3&quot;}},&quot;sessionId&quot;:null,&quot;status&quot;:0}"/>
         <property name="katalonVersion" value="8.4.0.208"/>
         <property name="deviceOS" value="Android"/>
         <property name="appiumVersion" value="1.22.3"/>
         <property name="deviceModel" value="AOSP on IA Emulator"/>
         <property name="hostAddress" value="172.20.10.3"/>
         <property name="deviceManufacturer" value="Google"/>
         <property name="deviceId" value="emulator-5554"/>
         <property name="deviceName" value="emulator-5554 (AOSP on IA Emulator - Android 9)"/>
         <property name="deviceOSVersion" value="9"/>
      </properties>
      <testcase name="Test Cases/Mobile - Register" time="55.592" classname="Test Cases/Mobile - Register" status="PASSED">
         <system-out><![CDATA[2023-04-01 13:43:45 - [TEST_CASE][PASSED] - Test Cases/Mobile - Register: Test Cases/Mobile - Register

2023-04-01 13:43:46 - [TEST_STEP][PASSED] - faker = new com.github.javafaker.Faker(): null

2023-04-01 13:43:46 - [TEST_STEP][PASSED] - firstName = name().firstName(): null

2023-04-01 13:43:46 - [TEST_STEP][PASSED] - name = firstName: null

2023-04-01 13:43:46 - [TEST_STEP][PASSED] - email = surplusKeywords.RandomEmail.getEmail("emailUser", "gmail.com"): surplusKeywords.RandomEmail.getEmail is PASSED

2023-04-01 13:43:46 - [MESSAGE][PASSED] - surplusKeywords.RandomEmail.getEmail is PASSED

2023-04-01 13:43:46 - [TEST_STEP][PASSED] - email = email: null

2023-04-01 13:43:46 - [TEST_STEP][PASSED] - out.println(email): null

2023-04-01 13:43:46 - [TEST_STEP][PASSED] - currentRelativePath = Paths.get(""): null

2023-04-01 13:43:46 - [TEST_STEP][PASSED] - s = toAbsolutePath().toString(): null

2023-04-01 13:43:46 - [TEST_STEP][PASSED] - out.println("Current absolute path is: " + s): null

2023-04-01 13:43:46 - [TEST_STEP][PASSED] - s = s + "\Data Files\APK Android\SampleAndroidApp-LoginTes_4.0_Apkpure.apk": null

2023-04-01 13:43:46 - [TEST_STEP][PASSED] - out.println("Current absolute path is: " + s): null

2023-04-01 13:43:46 - [TEST_STEP][PASSED] - startApplication(s, false): Started app at: 'D:\JOB SEEKER\SURPLUS\Automation Script\Data Files\APK Android\SampleAndroidApp-LoginTes_4.0_Apkpure.apk'

2023-04-01 13:43:48 - [MESSAGE][INFO] - Detected NodeJS location: "C:\Program Files\nodejs\node.exe"

2023-04-01 13:43:51 - [MESSAGE][INFO] - Appium server started on port 52,631

2023-04-01 13:44:23 - [MESSAGE][PASSED] - Started app at: 'D:\JOB SEEKER\SURPLUS\Automation Script\Data Files\APK Android\SampleAndroidApp-LoginTes_4.0_Apkpure.apk'

2023-04-01 13:44:23 - [TEST_STEP][PASSED] - delay(5, STOP_ON_FAILURE): Delayed 5 second(s)

2023-04-01 13:44:28 - [MESSAGE][PASSED] - Delayed 5 second(s)

2023-04-01 13:44:28 - [TEST_STEP][PASSED] - tap(findTestObject("MOBILE OBJECT/Register/lbl_createAccount"), 10): Tapped on element 'Object Repository/MOBILE OBJECT/Register/lbl_createAccount'

2023-04-01 13:44:32 - [MESSAGE][PASSED] - Tapped on element 'Object Repository/MOBILE OBJECT/Register/lbl_createAccount'

2023-04-01 13:44:32 - [TEST_STEP][PASSED] - setText(findTestObject("MOBILE OBJECT/Register/txt_add_name"), name, 10): Text 'Rickey' has been set to element 'Object Repository/MOBILE OBJECT/Register/txt_add_name'

2023-04-01 13:44:35 - [MESSAGE][PASSED] - Text 'Rickey' has been set to element 'Object Repository/MOBILE OBJECT/Register/txt_add_name'

2023-04-01 13:44:35 - [TEST_STEP][PASSED] - setText(findTestObject("MOBILE OBJECT/Register/txt_add_email"), email, 10): Text 'emailUser328@gmail.com' has been set to element 'Object Repository/MOBILE OBJECT/Register/txt_add_email'

2023-04-01 13:44:36 - [MESSAGE][PASSED] - Text 'emailUser328@gmail.com' has been set to element 'Object Repository/MOBILE OBJECT/Register/txt_add_email'

2023-04-01 13:44:36 - [TEST_STEP][PASSED] - setEncryptedText(findTestObject("MOBILE OBJECT/Register/txt_add_password"), "7ZTatM+q3vAyZQd2ps7zRg==", 10): Encrypted text '7ZTatM+q3vAyZQd2ps7zRg==' has been set to element 'Object Repository/MOBILE OBJECT/Register/txt_add_password'

2023-04-01 13:44:38 - [MESSAGE][PASSED] - Encrypted text '7ZTatM+q3vAyZQd2ps7zRg==' has been set to element 'Object Repository/MOBILE OBJECT/Register/txt_add_password'

2023-04-01 13:44:38 - [TEST_STEP][PASSED] - setEncryptedText(findTestObject("MOBILE OBJECT/Register/txt_add_confirmPassword"), "7ZTatM+q3vAyZQd2ps7zRg==", 10): Encrypted text '7ZTatM+q3vAyZQd2ps7zRg==' has been set to element 'Object Repository/MOBILE OBJECT/Register/txt_add_confirmPassword'

2023-04-01 13:44:39 - [MESSAGE][PASSED] - Encrypted text '7ZTatM+q3vAyZQd2ps7zRg==' has been set to element 'Object Repository/MOBILE OBJECT/Register/txt_add_confirmPassword'

2023-04-01 13:44:39 - [TEST_STEP][PASSED] - tap(findTestObject("MOBILE OBJECT/Register/btn_register"), 10): Tapped on element 'Object Repository/MOBILE OBJECT/Register/btn_register'

2023-04-01 13:44:40 - [MESSAGE][PASSED] - Tapped on element 'Object Repository/MOBILE OBJECT/Register/btn_register'

2023-04-01 13:44:40 - [TEST_STEP][PASSED] - pressBack(): Press back button successfully

2023-04-01 13:44:40 - [MESSAGE][PASSED] - Press back button successfully]]></system-out>
         <system-err><![CDATA[]]></system-err>
      </testcase>
      <testcase name="Test Cases/Negative Case Mobile - Register - Email has been taken" time="34.963" classname="Test Cases/Negative Case Mobile - Register - Email has been taken" status="PASSED">
         <system-out><![CDATA[2023-04-01 13:44:41 - [TEST_CASE][PASSED] - Test Cases/Negative Case Mobile - Register - Email has been taken: Test Cases/Negative Case Mobile - Register - Email has been taken

2023-04-01 13:44:41 - [TEST_STEP][PASSED] - faker = new com.github.javafaker.Faker(): null

2023-04-01 13:44:41 - [TEST_STEP][PASSED] - firstName = name().firstName(): null

2023-04-01 13:44:41 - [TEST_STEP][PASSED] - name = firstName: null

2023-04-01 13:44:41 - [TEST_STEP][PASSED] - currentRelativePath = Paths.get(""): null

2023-04-01 13:44:41 - [TEST_STEP][PASSED] - s = toAbsolutePath().toString(): null

2023-04-01 13:44:41 - [TEST_STEP][PASSED] - out.println("Current absolute path is: " + s): null

2023-04-01 13:44:41 - [TEST_STEP][PASSED] - s = s + "\Data Files\APK Android\SampleAndroidApp-LoginTes_4.0_Apkpure.apk": null

2023-04-01 13:44:41 - [TEST_STEP][PASSED] - out.println("Current absolute path is: " + s): null

2023-04-01 13:44:41 - [TEST_STEP][PASSED] - startApplication(s, false): Started app at: 'D:\JOB SEEKER\SURPLUS\Automation Script\Data Files\APK Android\SampleAndroidApp-LoginTes_4.0_Apkpure.apk'

2023-04-01 13:45:02 - [MESSAGE][PASSED] - Started app at: 'D:\JOB SEEKER\SURPLUS\Automation Script\Data Files\APK Android\SampleAndroidApp-LoginTes_4.0_Apkpure.apk'

2023-04-01 13:45:02 - [TEST_STEP][PASSED] - delay(5, STOP_ON_FAILURE): Delayed 5 second(s)

2023-04-01 13:45:07 - [MESSAGE][PASSED] - Delayed 5 second(s)

2023-04-01 13:45:07 - [TEST_STEP][PASSED] - tap(findTestObject("MOBILE OBJECT/Register/lbl_createAccount"), 10): Tapped on element 'Object Repository/MOBILE OBJECT/Register/lbl_createAccount'

2023-04-01 13:45:08 - [MESSAGE][PASSED] - Tapped on element 'Object Repository/MOBILE OBJECT/Register/lbl_createAccount'

2023-04-01 13:45:08 - [TEST_STEP][PASSED] - setText(findTestObject("MOBILE OBJECT/Register/txt_add_name"), firstName, 10): Text 'Carlo' has been set to element 'Object Repository/MOBILE OBJECT/Register/txt_add_name'

2023-04-01 13:45:09 - [MESSAGE][PASSED] - Text 'Carlo' has been set to element 'Object Repository/MOBILE OBJECT/Register/txt_add_name'

2023-04-01 13:45:09 - [TEST_STEP][PASSED] - setText(findTestObject("MOBILE OBJECT/Register/txt_add_email"), "sopigp@gmail.com", 10): Text 'sopigp@gmail.com' has been set to element 'Object Repository/MOBILE OBJECT/Register/txt_add_email'

2023-04-01 13:45:11 - [MESSAGE][PASSED] - Text 'sopigp@gmail.com' has been set to element 'Object Repository/MOBILE OBJECT/Register/txt_add_email'

2023-04-01 13:45:11 - [TEST_STEP][PASSED] - setEncryptedText(findTestObject("MOBILE OBJECT/Register/txt_add_password"), "7ZTatM+q3vAyZQd2ps7zRg==", 10): Encrypted text '7ZTatM+q3vAyZQd2ps7zRg==' has been set to element 'Object Repository/MOBILE OBJECT/Register/txt_add_password'

2023-04-01 13:45:12 - [MESSAGE][PASSED] - Encrypted text '7ZTatM+q3vAyZQd2ps7zRg==' has been set to element 'Object Repository/MOBILE OBJECT/Register/txt_add_password'

2023-04-01 13:45:12 - [TEST_STEP][PASSED] - setEncryptedText(findTestObject("MOBILE OBJECT/Register/txt_add_confirmPassword"), "7ZTatM+q3vAyZQd2ps7zRg==", 10): Encrypted text '7ZTatM+q3vAyZQd2ps7zRg==' has been set to element 'Object Repository/MOBILE OBJECT/Register/txt_add_confirmPassword'

2023-04-01 13:45:14 - [MESSAGE][PASSED] - Encrypted text '7ZTatM+q3vAyZQd2ps7zRg==' has been set to element 'Object Repository/MOBILE OBJECT/Register/txt_add_confirmPassword'

2023-04-01 13:45:14 - [TEST_STEP][PASSED] - tap(findTestObject("MOBILE OBJECT/Register/btn_register"), 10): Tapped on element 'Object Repository/MOBILE OBJECT/Register/btn_register'

2023-04-01 13:45:15 - [MESSAGE][PASSED] - Tapped on element 'Object Repository/MOBILE OBJECT/Register/btn_register'

2023-04-01 13:45:15 - [TEST_STEP][PASSED] - pressBack(): Press back button successfully

2023-04-01 13:45:15 - [MESSAGE][PASSED] - Press back button successfully]]></system-out>
         <system-err><![CDATA[]]></system-err>
      </testcase>
      <testcase name="Test Cases/Negative Case Mobile - Register - Empty Value" time="62.876" classname="Test Cases/Negative Case Mobile - Register - Empty Value" status="PASSED">
         <system-out><![CDATA[2023-04-01 13:45:15 - [TEST_CASE][PASSED] - Test Cases/Negative Case Mobile - Register - Empty Value: Test Cases/Negative Case Mobile - Register - Empty Value

2023-04-01 13:45:16 - [TEST_STEP][PASSED] - faker = new com.github.javafaker.Faker(): null

2023-04-01 13:45:16 - [TEST_STEP][PASSED] - firstName = name().firstName(): null

2023-04-01 13:45:17 - [TEST_STEP][PASSED] - name = firstName: null

2023-04-01 13:45:17 - [TEST_STEP][PASSED] - email = surplusKeywords.RandomEmail.getEmail("emailUser", "gmail.com"): surplusKeywords.RandomEmail.getEmail is PASSED

2023-04-01 13:45:17 - [MESSAGE][PASSED] - surplusKeywords.RandomEmail.getEmail is PASSED

2023-04-01 13:45:17 - [TEST_STEP][PASSED] - email = email: null

2023-04-01 13:45:17 - [TEST_STEP][PASSED] - out.println(email): null

2023-04-01 13:45:17 - [TEST_STEP][PASSED] - currentRelativePath = Paths.get(""): null

2023-04-01 13:45:17 - [TEST_STEP][PASSED] - s = toAbsolutePath().toString(): null

2023-04-01 13:45:17 - [TEST_STEP][PASSED] - out.println("Current absolute path is: " + s): null

2023-04-01 13:45:17 - [TEST_STEP][PASSED] - s = s + "\Data Files\APK Android\SampleAndroidApp-LoginTes_4.0_Apkpure.apk": null

2023-04-01 13:45:17 - [TEST_STEP][PASSED] - out.println("Current absolute path is: " + s): null

2023-04-01 13:45:17 - [TEST_STEP][PASSED] - startApplication(s, false): Started app at: 'D:\JOB SEEKER\SURPLUS\Automation Script\Data Files\APK Android\SampleAndroidApp-LoginTes_4.0_Apkpure.apk'

2023-04-01 13:45:31 - [MESSAGE][PASSED] - Started app at: 'D:\JOB SEEKER\SURPLUS\Automation Script\Data Files\APK Android\SampleAndroidApp-LoginTes_4.0_Apkpure.apk'

2023-04-01 13:45:31 - [TEST_STEP][PASSED] - delay(5, STOP_ON_FAILURE): Delayed 5 second(s)

2023-04-01 13:45:36 - [MESSAGE][PASSED] - Delayed 5 second(s)

2023-04-01 13:45:36 - [TEST_STEP][PASSED] - tap(findTestObject("MOBILE OBJECT/Register/lbl_createAccount"), 10): Tapped on element 'Object Repository/MOBILE OBJECT/Register/lbl_createAccount'

2023-04-01 13:45:38 - [MESSAGE][PASSED] - Tapped on element 'Object Repository/MOBILE OBJECT/Register/lbl_createAccount'

2023-04-01 13:45:38 - [TEST_STEP][PASSED] - setText(findTestObject("MOBILE OBJECT/Register/txt_add_name"), "", 0): Text '' has been set to element 'Object Repository/MOBILE OBJECT/Register/txt_add_name'

2023-04-01 13:45:39 - [MESSAGE][WARNING] - Timeout '0' is invalid. Using default page load timeout: '30'

2023-04-01 13:45:41 - [MESSAGE][PASSED] - Text '' has been set to element 'Object Repository/MOBILE OBJECT/Register/txt_add_name'

2023-04-01 13:45:41 - [TEST_STEP][PASSED] - setText(findTestObject("MOBILE OBJECT/Register/txt_add_email"), "", 0): Text '' has been set to element 'Object Repository/MOBILE OBJECT/Register/txt_add_email'

2023-04-01 13:45:41 - [MESSAGE][WARNING] - Timeout '0' is invalid. Using default page load timeout: '30'

2023-04-01 13:45:42 - [MESSAGE][PASSED] - Text '' has been set to element 'Object Repository/MOBILE OBJECT/Register/txt_add_email'

2023-04-01 13:45:42 - [TEST_STEP][PASSED] - setText(findTestObject("MOBILE OBJECT/Register/txt_add_password"), "", 0): Text '' has been set to element 'Object Repository/MOBILE OBJECT/Register/txt_add_password'

2023-04-01 13:45:42 - [MESSAGE][WARNING] - Timeout '0' is invalid. Using default page load timeout: '30'

2023-04-01 13:45:43 - [MESSAGE][PASSED] - Text '' has been set to element 'Object Repository/MOBILE OBJECT/Register/txt_add_password'

2023-04-01 13:45:43 - [TEST_STEP][PASSED] - setText(findTestObject("MOBILE OBJECT/Register/txt_add_confirmPassword"), "", 0): Text '' has been set to element 'Object Repository/MOBILE OBJECT/Register/txt_add_confirmPassword'

2023-04-01 13:45:43 - [MESSAGE][WARNING] - Timeout '0' is invalid. Using default page load timeout: '30'

2023-04-01 13:45:44 - [MESSAGE][PASSED] - Text '' has been set to element 'Object Repository/MOBILE OBJECT/Register/txt_add_confirmPassword'

2023-04-01 13:45:44 - [TEST_STEP][PASSED] - tap(findTestObject("MOBILE OBJECT/Register/btn_register"), 10): Tapped on element 'Object Repository/MOBILE OBJECT/Register/btn_register'

2023-04-01 13:45:45 - [MESSAGE][PASSED] - Tapped on element 'Object Repository/MOBILE OBJECT/Register/btn_register'

2023-04-01 13:45:45 - [TEST_STEP][PASSED] - verifyElementVisible(findTestObject("MOBILE OBJECT/Register/errorMessage_name"), 10): Element 'Object Repository/MOBILE OBJECT/Register/errorMessage_name' is visible

2023-04-01 13:45:46 - [MESSAGE][PASSED] - Element 'Object Repository/MOBILE OBJECT/Register/errorMessage_name' is visible

2023-04-01 13:45:46 - [TEST_STEP][PASSED] - errorMessageName = getText(findTestObject("MOBILE OBJECT/Register/errorMessage_name"), 10): Text of element 'Object Repository/MOBILE OBJECT/Register/errorMessage_name' is: 'Enter Full Name'

2023-04-01 13:45:46 - [MESSAGE][PASSED] - Text of element 'Object Repository/MOBILE OBJECT/Register/errorMessage_name' is: 'Enter Full Name'

2023-04-01 13:45:46 - [TEST_STEP][PASSED] - verifyMatch(errorMessageName, "Enter Full Name", false): Actual text 'Enter Full Name' and expected text 'Enter Full Name' are matched 

2023-04-01 13:45:46 - [MESSAGE][PASSED] - Actual text 'Enter Full Name' and expected text 'Enter Full Name' are matched 

2023-04-01 13:45:46 - [TEST_STEP][PASSED] - pressBack(): Press back button successfully

2023-04-01 13:45:46 - [MESSAGE][PASSED] - Press back button successfully

2023-04-01 13:45:46 - [TEST_STEP][PASSED] - tap(findTestObject("MOBILE OBJECT/Register/lbl_createAccount"), 10): Tapped on element 'Object Repository/MOBILE OBJECT/Register/lbl_createAccount'

2023-04-01 13:45:48 - [MESSAGE][PASSED] - Tapped on element 'Object Repository/MOBILE OBJECT/Register/lbl_createAccount'

2023-04-01 13:45:48 - [TEST_STEP][PASSED] - setText(findTestObject("MOBILE OBJECT/Register/txt_add_name"), firstName, 10): Text 'Shaneka' has been set to element 'Object Repository/MOBILE OBJECT/Register/txt_add_name'

2023-04-01 13:45:49 - [MESSAGE][PASSED] - Text 'Shaneka' has been set to element 'Object Repository/MOBILE OBJECT/Register/txt_add_name'

2023-04-01 13:45:49 - [TEST_STEP][PASSED] - setText(findTestObject("MOBILE OBJECT/Register/txt_add_email"), "", 0): Text '' has been set to element 'Object Repository/MOBILE OBJECT/Register/txt_add_email'

2023-04-01 13:45:49 - [MESSAGE][WARNING] - Timeout '0' is invalid. Using default page load timeout: '30'

2023-04-01 13:45:50 - [MESSAGE][PASSED] - Text '' has been set to element 'Object Repository/MOBILE OBJECT/Register/txt_add_email'

2023-04-01 13:45:50 - [TEST_STEP][PASSED] - setText(findTestObject("MOBILE OBJECT/Register/txt_add_password"), "", 0): Text '' has been set to element 'Object Repository/MOBILE OBJECT/Register/txt_add_password'

2023-04-01 13:45:51 - [MESSAGE][WARNING] - Timeout '0' is invalid. Using default page load timeout: '30'

2023-04-01 13:45:52 - [MESSAGE][PASSED] - Text '' has been set to element 'Object Repository/MOBILE OBJECT/Register/txt_add_password'

2023-04-01 13:45:52 - [TEST_STEP][PASSED] - setText(findTestObject("MOBILE OBJECT/Register/txt_add_confirmPassword"), "", 0): Text '' has been set to element 'Object Repository/MOBILE OBJECT/Register/txt_add_confirmPassword'

2023-04-01 13:45:52 - [MESSAGE][WARNING] - Timeout '0' is invalid. Using default page load timeout: '30'

2023-04-01 13:45:53 - [MESSAGE][PASSED] - Text '' has been set to element 'Object Repository/MOBILE OBJECT/Register/txt_add_confirmPassword'

2023-04-01 13:45:53 - [TEST_STEP][PASSED] - tap(findTestObject("MOBILE OBJECT/Register/btn_register"), 10): Tapped on element 'Object Repository/MOBILE OBJECT/Register/btn_register'

2023-04-01 13:45:54 - [MESSAGE][PASSED] - Tapped on element 'Object Repository/MOBILE OBJECT/Register/btn_register'

2023-04-01 13:45:54 - [TEST_STEP][PASSED] - verifyElementVisible(findTestObject("MOBILE OBJECT/Register/errorMessage_email"), 10): Element 'Object Repository/MOBILE OBJECT/Register/errorMessage_email' is visible

2023-04-01 13:45:54 - [MESSAGE][PASSED] - Element 'Object Repository/MOBILE OBJECT/Register/errorMessage_email' is visible

2023-04-01 13:45:54 - [TEST_STEP][PASSED] - errorMessageEmail = getText(findTestObject("MOBILE OBJECT/Register/errorMessage_email"), 10): Text of element 'Object Repository/MOBILE OBJECT/Register/errorMessage_email' is: 'Enter Valid Email'

2023-04-01 13:45:55 - [MESSAGE][PASSED] - Text of element 'Object Repository/MOBILE OBJECT/Register/errorMessage_email' is: 'Enter Valid Email'

2023-04-01 13:45:55 - [TEST_STEP][PASSED] - verifyMatch(errorMessageEmail, "Enter Valid Email", false): Actual text 'Enter Valid Email' and expected text 'Enter Valid Email' are matched 

2023-04-01 13:45:55 - [MESSAGE][PASSED] - Actual text 'Enter Valid Email' and expected text 'Enter Valid Email' are matched 

2023-04-01 13:45:55 - [TEST_STEP][PASSED] - pressBack(): Press back button successfully

2023-04-01 13:45:55 - [MESSAGE][PASSED] - Press back button successfully

2023-04-01 13:45:55 - [TEST_STEP][PASSED] - tap(findTestObject("MOBILE OBJECT/Register/lbl_createAccount"), 10): Tapped on element 'Object Repository/MOBILE OBJECT/Register/lbl_createAccount'

2023-04-01 13:45:56 - [MESSAGE][PASSED] - Tapped on element 'Object Repository/MOBILE OBJECT/Register/lbl_createAccount'

2023-04-01 13:45:56 - [TEST_STEP][PASSED] - setText(findTestObject("MOBILE OBJECT/Register/txt_add_name"), firstName, 10): Text 'Shaneka' has been set to element 'Object Repository/MOBILE OBJECT/Register/txt_add_name'

2023-04-01 13:45:57 - [MESSAGE][PASSED] - Text 'Shaneka' has been set to element 'Object Repository/MOBILE OBJECT/Register/txt_add_name'

2023-04-01 13:45:57 - [TEST_STEP][PASSED] - setText(findTestObject("MOBILE OBJECT/Register/txt_add_email"), email, 10): Text 'emailUser459@gmail.com' has been set to element 'Object Repository/MOBILE OBJECT/Register/txt_add_email'

2023-04-01 13:45:59 - [MESSAGE][PASSED] - Text 'emailUser459@gmail.com' has been set to element 'Object Repository/MOBILE OBJECT/Register/txt_add_email'

2023-04-01 13:45:59 - [TEST_STEP][PASSED] - setText(findTestObject("MOBILE OBJECT/Register/txt_add_password"), "", 0): Text '' has been set to element 'Object Repository/MOBILE OBJECT/Register/txt_add_password'

2023-04-01 13:45:59 - [MESSAGE][WARNING] - Timeout '0' is invalid. Using default page load timeout: '30'

2023-04-01 13:46:00 - [MESSAGE][PASSED] - Text '' has been set to element 'Object Repository/MOBILE OBJECT/Register/txt_add_password'

2023-04-01 13:46:00 - [TEST_STEP][PASSED] - setText(findTestObject("MOBILE OBJECT/Register/txt_add_confirmPassword"), "", 0): Text '' has been set to element 'Object Repository/MOBILE OBJECT/Register/txt_add_confirmPassword'

2023-04-01 13:46:00 - [MESSAGE][WARNING] - Timeout '0' is invalid. Using default page load timeout: '30'

2023-04-01 13:46:01 - [MESSAGE][PASSED] - Text '' has been set to element 'Object Repository/MOBILE OBJECT/Register/txt_add_confirmPassword'

2023-04-01 13:46:01 - [TEST_STEP][PASSED] - tap(findTestObject("MOBILE OBJECT/Register/btn_register"), 10): Tapped on element 'Object Repository/MOBILE OBJECT/Register/btn_register'

2023-04-01 13:46:02 - [MESSAGE][PASSED] - Tapped on element 'Object Repository/MOBILE OBJECT/Register/btn_register'

2023-04-01 13:46:02 - [TEST_STEP][PASSED] - verifyElementVisible(findTestObject("MOBILE OBJECT/Register/errorMessage_password"), 10): Element 'Object Repository/MOBILE OBJECT/Register/errorMessage_password' is visible

2023-04-01 13:46:03 - [MESSAGE][PASSED] - Element 'Object Repository/MOBILE OBJECT/Register/errorMessage_password' is visible

2023-04-01 13:46:03 - [TEST_STEP][PASSED] - errorMessagePassword = getText(findTestObject("MOBILE OBJECT/Register/errorMessage_password"), 10): Text of element 'Object Repository/MOBILE OBJECT/Register/errorMessage_password' is: 'Enter Password'

2023-04-01 13:46:04 - [MESSAGE][PASSED] - Text of element 'Object Repository/MOBILE OBJECT/Register/errorMessage_password' is: 'Enter Password'

2023-04-01 13:46:04 - [TEST_STEP][PASSED] - verifyMatch(errorMessagePassword, "Enter Password", false): Actual text 'Enter Password' and expected text 'Enter Password' are matched 

2023-04-01 13:46:04 - [MESSAGE][PASSED] - Actual text 'Enter Password' and expected text 'Enter Password' are matched 

2023-04-01 13:46:04 - [TEST_STEP][PASSED] - pressBack(): Press back button successfully

2023-04-01 13:46:04 - [MESSAGE][PASSED] - Press back button successfully

2023-04-01 13:46:04 - [TEST_STEP][PASSED] - tap(findTestObject("MOBILE OBJECT/Register/lbl_createAccount"), 10): Tapped on element 'Object Repository/MOBILE OBJECT/Register/lbl_createAccount'

2023-04-01 13:46:06 - [MESSAGE][PASSED] - Tapped on element 'Object Repository/MOBILE OBJECT/Register/lbl_createAccount'

2023-04-01 13:46:06 - [TEST_STEP][PASSED] - setText(findTestObject("MOBILE OBJECT/Register/txt_add_name"), firstName, 10): Text 'Shaneka' has been set to element 'Object Repository/MOBILE OBJECT/Register/txt_add_name'

2023-04-01 13:46:07 - [MESSAGE][PASSED] - Text 'Shaneka' has been set to element 'Object Repository/MOBILE OBJECT/Register/txt_add_name'

2023-04-01 13:46:07 - [TEST_STEP][PASSED] - setText(findTestObject("MOBILE OBJECT/Register/txt_add_email"), email, 10): Text 'emailUser459@gmail.com' has been set to element 'Object Repository/MOBILE OBJECT/Register/txt_add_email'

2023-04-01 13:46:09 - [MESSAGE][PASSED] - Text 'emailUser459@gmail.com' has been set to element 'Object Repository/MOBILE OBJECT/Register/txt_add_email'

2023-04-01 13:46:09 - [TEST_STEP][PASSED] - setEncryptedText(findTestObject("MOBILE OBJECT/Register/txt_add_password"), "7ZTatM+q3vAyZQd2ps7zRg==", 10): Encrypted text '7ZTatM+q3vAyZQd2ps7zRg==' has been set to element 'Object Repository/MOBILE OBJECT/Register/txt_add_password'

2023-04-01 13:46:10 - [MESSAGE][PASSED] - Encrypted text '7ZTatM+q3vAyZQd2ps7zRg==' has been set to element 'Object Repository/MOBILE OBJECT/Register/txt_add_password'

2023-04-01 13:46:10 - [TEST_STEP][PASSED] - setText(findTestObject("MOBILE OBJECT/Register/txt_add_confirmPassword"), "", 0): Text '' has been set to element 'Object Repository/MOBILE OBJECT/Register/txt_add_confirmPassword'

2023-04-01 13:46:10 - [MESSAGE][WARNING] - Timeout '0' is invalid. Using default page load timeout: '30'

2023-04-01 13:46:12 - [MESSAGE][PASSED] - Text '' has been set to element 'Object Repository/MOBILE OBJECT/Register/txt_add_confirmPassword'

2023-04-01 13:46:12 - [TEST_STEP][PASSED] - tap(findTestObject("MOBILE OBJECT/Register/btn_register"), 10): Tapped on element 'Object Repository/MOBILE OBJECT/Register/btn_register'

2023-04-01 13:46:14 - [MESSAGE][PASSED] - Tapped on element 'Object Repository/MOBILE OBJECT/Register/btn_register'

2023-04-01 13:46:14 - [TEST_STEP][PASSED] - verifyElementVisible(findTestObject("MOBILE OBJECT/Register/errorMessage_confirmPassword"), 10): Element 'Object Repository/MOBILE OBJECT/Register/errorMessage_confirmPassword' is visible

2023-04-01 13:46:17 - [MESSAGE][PASSED] - Element 'Object Repository/MOBILE OBJECT/Register/errorMessage_confirmPassword' is visible

2023-04-01 13:46:17 - [TEST_STEP][PASSED] - errorMessageConfirmPassword = getText(findTestObject("MOBILE OBJECT/Register/errorMessage_confirmPassword"), 10): Text of element 'Object Repository/MOBILE OBJECT/Register/errorMessage_confirmPassword' is: 'Password Does Not Matches'

2023-04-01 13:46:18 - [MESSAGE][PASSED] - Text of element 'Object Repository/MOBILE OBJECT/Register/errorMessage_confirmPassword' is: 'Password Does Not Matches'

2023-04-01 13:46:18 - [TEST_STEP][PASSED] - verifyMatch(errorMessageConfirmPassword, "Password Does Not Matches", false): Actual text 'Password Does Not Matches' and expected text 'Password Does Not Matches' are matched 

2023-04-01 13:46:18 - [MESSAGE][PASSED] - Actual text 'Password Does Not Matches' and expected text 'Password Does Not Matches' are matched 

2023-04-01 13:46:18 - [TEST_STEP][PASSED] - pressBack(): Press back button successfully

2023-04-01 13:46:18 - [MESSAGE][PASSED] - Press back button successfully]]></system-out>
         <system-err><![CDATA[]]></system-err>
      </testcase>
      <testcase name="Test Cases/Negative Case Mobile - Register - Invalid Email" time="53.901" classname="Test Cases/Negative Case Mobile - Register - Invalid Email" status="PASSED">
         <system-out><![CDATA[2023-04-01 13:46:18 - [TEST_CASE][PASSED] - Test Cases/Negative Case Mobile - Register - Invalid Email: Test Cases/Negative Case Mobile - Register - Invalid Email

2023-04-01 13:46:20 - [TEST_STEP][PASSED] - faker = new com.github.javafaker.Faker(): null

2023-04-01 13:46:20 - [TEST_STEP][PASSED] - firstName = name().firstName(): null

2023-04-01 13:46:20 - [TEST_STEP][PASSED] - name = firstName: null

2023-04-01 13:46:20 - [TEST_STEP][PASSED] - email = surplusKeywords.RandomEmail.getEmail("emailUser", "gmail.com"): surplusKeywords.RandomEmail.getEmail is PASSED

2023-04-01 13:46:20 - [MESSAGE][PASSED] - surplusKeywords.RandomEmail.getEmail is PASSED

2023-04-01 13:46:20 - [TEST_STEP][PASSED] - email = email: null

2023-04-01 13:46:20 - [TEST_STEP][PASSED] - out.println(email): null

2023-04-01 13:46:20 - [TEST_STEP][PASSED] - currentRelativePath = Paths.get(""): null

2023-04-01 13:46:20 - [TEST_STEP][PASSED] - s = toAbsolutePath().toString(): null

2023-04-01 13:46:20 - [TEST_STEP][PASSED] - out.println("Current absolute path is: " + s): null

2023-04-01 13:46:20 - [TEST_STEP][PASSED] - s = s + "\Data Files\APK Android\SampleAndroidApp-LoginTes_4.0_Apkpure.apk": null

2023-04-01 13:46:20 - [TEST_STEP][PASSED] - out.println("Current absolute path is: " + s): null

2023-04-01 13:46:20 - [TEST_STEP][PASSED] - startApplication(s, false): Started app at: 'D:\JOB SEEKER\SURPLUS\Automation Script\Data Files\APK Android\SampleAndroidApp-LoginTes_4.0_Apkpure.apk'

2023-04-01 13:46:58 - [MESSAGE][PASSED] - Started app at: 'D:\JOB SEEKER\SURPLUS\Automation Script\Data Files\APK Android\SampleAndroidApp-LoginTes_4.0_Apkpure.apk'

2023-04-01 13:46:58 - [TEST_STEP][PASSED] - delay(5, STOP_ON_FAILURE): Delayed 5 second(s)

2023-04-01 13:47:03 - [MESSAGE][PASSED] - Delayed 5 second(s)

2023-04-01 13:47:03 - [TEST_STEP][PASSED] - tap(findTestObject("MOBILE OBJECT/Register/lbl_createAccount"), 10): Tapped on element 'Object Repository/MOBILE OBJECT/Register/lbl_createAccount'

2023-04-01 13:47:04 - [MESSAGE][PASSED] - Tapped on element 'Object Repository/MOBILE OBJECT/Register/lbl_createAccount'

2023-04-01 13:47:04 - [TEST_STEP][PASSED] - setText(findTestObject("MOBILE OBJECT/Register/txt_add_name"), firstName, 10): Text 'Virgilio' has been set to element 'Object Repository/MOBILE OBJECT/Register/txt_add_name'

2023-04-01 13:47:06 - [MESSAGE][PASSED] - Text 'Virgilio' has been set to element 'Object Repository/MOBILE OBJECT/Register/txt_add_name'

2023-04-01 13:47:06 - [TEST_STEP][PASSED] - setText(findTestObject("MOBILE OBJECT/Register/txt_add_email"), "sopigp.com", 10): Text 'sopigp.com' has been set to element 'Object Repository/MOBILE OBJECT/Register/txt_add_email'

2023-04-01 13:47:07 - [MESSAGE][PASSED] - Text 'sopigp.com' has been set to element 'Object Repository/MOBILE OBJECT/Register/txt_add_email'

2023-04-01 13:47:07 - [TEST_STEP][PASSED] - setEncryptedText(findTestObject("MOBILE OBJECT/Register/txt_add_password"), "7ZTatM+q3vAyZQd2ps7zRg==", 10): Encrypted text '7ZTatM+q3vAyZQd2ps7zRg==' has been set to element 'Object Repository/MOBILE OBJECT/Register/txt_add_password'

2023-04-01 13:47:08 - [MESSAGE][PASSED] - Encrypted text '7ZTatM+q3vAyZQd2ps7zRg==' has been set to element 'Object Repository/MOBILE OBJECT/Register/txt_add_password'

2023-04-01 13:47:08 - [TEST_STEP][PASSED] - setEncryptedText(findTestObject("MOBILE OBJECT/Register/txt_add_confirmPassword"), "7ZTatM+q3vAyZQd2ps7zRg==", 10): Encrypted text '7ZTatM+q3vAyZQd2ps7zRg==' has been set to element 'Object Repository/MOBILE OBJECT/Register/txt_add_confirmPassword'

2023-04-01 13:47:09 - [MESSAGE][PASSED] - Encrypted text '7ZTatM+q3vAyZQd2ps7zRg==' has been set to element 'Object Repository/MOBILE OBJECT/Register/txt_add_confirmPassword'

2023-04-01 13:47:09 - [TEST_STEP][PASSED] - tap(findTestObject("MOBILE OBJECT/Register/btn_register"), 10): Tapped on element 'Object Repository/MOBILE OBJECT/Register/btn_register'

2023-04-01 13:47:10 - [MESSAGE][PASSED] - Tapped on element 'Object Repository/MOBILE OBJECT/Register/btn_register'

2023-04-01 13:47:10 - [TEST_STEP][PASSED] - verifyElementVisible(findTestObject("MOBILE OBJECT/Register/errorMessage_email"), 10): Element 'Object Repository/MOBILE OBJECT/Register/errorMessage_email' is visible

2023-04-01 13:47:11 - [MESSAGE][PASSED] - Element 'Object Repository/MOBILE OBJECT/Register/errorMessage_email' is visible

2023-04-01 13:47:11 - [TEST_STEP][PASSED] - errorMessageEmail = getText(findTestObject("MOBILE OBJECT/Register/errorMessage_email"), 10): Text of element 'Object Repository/MOBILE OBJECT/Register/errorMessage_email' is: 'Enter Valid Email'

2023-04-01 13:47:12 - [MESSAGE][PASSED] - Text of element 'Object Repository/MOBILE OBJECT/Register/errorMessage_email' is: 'Enter Valid Email'

2023-04-01 13:47:12 - [TEST_STEP][PASSED] - verifyMatch(errorMessageEmail, "Enter Valid Email", false): Actual text 'Enter Valid Email' and expected text 'Enter Valid Email' are matched 

2023-04-01 13:47:12 - [MESSAGE][PASSED] - Actual text 'Enter Valid Email' and expected text 'Enter Valid Email' are matched 

2023-04-01 13:47:12 - [TEST_STEP][PASSED] - pressBack(): Press back button successfully

2023-04-01 13:47:12 - [MESSAGE][PASSED] - Press back button successfully]]></system-out>
         <system-err><![CDATA[]]></system-err>
      </testcase>
      <testcase name="Test Cases/Negative Case Mobile - Register - Max Characters" time="38.236" classname="Test Cases/Negative Case Mobile - Register - Max Characters" status="PASSED">
         <system-out><![CDATA[2023-04-01 13:47:12 - [TEST_CASE][PASSED] - Test Cases/Negative Case Mobile - Register - Max Characters: Test Cases/Negative Case Mobile - Register - Max Characters

2023-04-01 13:47:14 - [TEST_STEP][PASSED] - randomStringName = RandomStringUtils.randomAlphabetic(100): null

2023-04-01 13:47:14 - [TEST_STEP][PASSED] - faker = new com.github.javafaker.Faker(): null

2023-04-01 13:47:14 - [TEST_STEP][PASSED] - firstName = name().firstName(): null

2023-04-01 13:47:14 - [TEST_STEP][PASSED] - name = firstName: null

2023-04-01 13:47:14 - [TEST_STEP][PASSED] - email = surplusKeywords.RandomEmail.getEmail("emailUser", "gmail.com"): surplusKeywords.RandomEmail.getEmail is PASSED

2023-04-01 13:47:14 - [MESSAGE][PASSED] - surplusKeywords.RandomEmail.getEmail is PASSED

2023-04-01 13:47:14 - [TEST_STEP][PASSED] - email = email: null

2023-04-01 13:47:14 - [TEST_STEP][PASSED] - out.println(email): null

2023-04-01 13:47:14 - [TEST_STEP][PASSED] - currentRelativePath = Paths.get(""): null

2023-04-01 13:47:14 - [TEST_STEP][PASSED] - s = toAbsolutePath().toString(): null

2023-04-01 13:47:14 - [TEST_STEP][PASSED] - out.println("Current absolute path is: " + s): null

2023-04-01 13:47:14 - [TEST_STEP][PASSED] - s = s + "\Data Files\APK Android\SampleAndroidApp-LoginTes_4.0_Apkpure.apk": null

2023-04-01 13:47:14 - [TEST_STEP][PASSED] - out.println("Current absolute path is: " + s): null

2023-04-01 13:47:14 - [TEST_STEP][PASSED] - startApplication(s, false): Started app at: 'D:\JOB SEEKER\SURPLUS\Automation Script\Data Files\APK Android\SampleAndroidApp-LoginTes_4.0_Apkpure.apk'

2023-04-01 13:47:32 - [MESSAGE][PASSED] - Started app at: 'D:\JOB SEEKER\SURPLUS\Automation Script\Data Files\APK Android\SampleAndroidApp-LoginTes_4.0_Apkpure.apk'

2023-04-01 13:47:32 - [TEST_STEP][PASSED] - delay(5, STOP_ON_FAILURE): Delayed 5 second(s)

2023-04-01 13:47:37 - [MESSAGE][PASSED] - Delayed 5 second(s)

2023-04-01 13:47:37 - [TEST_STEP][PASSED] - tap(findTestObject("MOBILE OBJECT/Register/lbl_createAccount"), 10): Tapped on element 'Object Repository/MOBILE OBJECT/Register/lbl_createAccount'

2023-04-01 13:47:40 - [MESSAGE][PASSED] - Tapped on element 'Object Repository/MOBILE OBJECT/Register/lbl_createAccount'

2023-04-01 13:47:40 - [TEST_STEP][PASSED] - setText(findTestObject("MOBILE OBJECT/Register/txt_add_name"), randomStringName, 10): Text 'ojzolmpTTdKMJueTDokXEdhtMrflSrDiAnnyggjcBocBAQVNggqKewRdCfbETupmivnKTyPwxzFvqShEqluVRMpAzUpGINhOnBeW' has been set to element 'Object Repository/MOBILE OBJECT/Register/txt_add_name'

2023-04-01 13:47:43 - [MESSAGE][PASSED] - Text 'ojzolmpTTdKMJueTDokXEdhtMrflSrDiAnnyggjcBocBAQVNggqKewRdCfbETupmivnKTyPwxzFvqShEqluVRMpAzUpGINhOnBeW' has been set to element 'Object Repository/MOBILE OBJECT/Register/txt_add_name'

2023-04-01 13:47:43 - [TEST_STEP][PASSED] - setText(findTestObject("MOBILE OBJECT/Register/txt_add_email"), email, 10): Text 'emailUser704@gmail.com' has been set to element 'Object Repository/MOBILE OBJECT/Register/txt_add_email'

2023-04-01 13:47:45 - [MESSAGE][PASSED] - Text 'emailUser704@gmail.com' has been set to element 'Object Repository/MOBILE OBJECT/Register/txt_add_email'

2023-04-01 13:47:45 - [TEST_STEP][PASSED] - setEncryptedText(findTestObject("MOBILE OBJECT/Register/txt_add_password"), "7ZTatM+q3vAyZQd2ps7zRg==", 10): Encrypted text '7ZTatM+q3vAyZQd2ps7zRg==' has been set to element 'Object Repository/MOBILE OBJECT/Register/txt_add_password'

2023-04-01 13:47:46 - [MESSAGE][PASSED] - Encrypted text '7ZTatM+q3vAyZQd2ps7zRg==' has been set to element 'Object Repository/MOBILE OBJECT/Register/txt_add_password'

2023-04-01 13:47:46 - [TEST_STEP][PASSED] - setEncryptedText(findTestObject("MOBILE OBJECT/Register/txt_add_confirmPassword"), "7ZTatM+q3vAyZQd2ps7zRg==", 10): Encrypted text '7ZTatM+q3vAyZQd2ps7zRg==' has been set to element 'Object Repository/MOBILE OBJECT/Register/txt_add_confirmPassword'

2023-04-01 13:47:48 - [MESSAGE][PASSED] - Encrypted text '7ZTatM+q3vAyZQd2ps7zRg==' has been set to element 'Object Repository/MOBILE OBJECT/Register/txt_add_confirmPassword'

2023-04-01 13:47:48 - [TEST_STEP][PASSED] - tap(findTestObject("MOBILE OBJECT/Register/btn_register"), 10): Tapped on element 'Object Repository/MOBILE OBJECT/Register/btn_register'

2023-04-01 13:47:49 - [MESSAGE][PASSED] - Tapped on element 'Object Repository/MOBILE OBJECT/Register/btn_register'

2023-04-01 13:47:49 - [TEST_STEP][PASSED] - pressBack(): Press back button successfully

2023-04-01 13:47:51 - [MESSAGE][PASSED] - Press back button successfully]]></system-out>
         <system-err><![CDATA[]]></system-err>
      </testcase>
      <testcase name="Test Cases/Negative Case Mobile - Register - Min Characters" time="39.708" classname="Test Cases/Negative Case Mobile - Register - Min Characters" status="PASSED">
         <system-out><![CDATA[2023-04-01 13:47:51 - [TEST_CASE][PASSED] - Test Cases/Negative Case Mobile - Register - Min Characters: Test Cases/Negative Case Mobile - Register - Min Characters

2023-04-01 13:47:53 - [TEST_STEP][PASSED] - currentRelativePath = Paths.get(""): null

2023-04-01 13:47:53 - [TEST_STEP][PASSED] - s = toAbsolutePath().toString(): null

2023-04-01 13:47:53 - [TEST_STEP][PASSED] - out.println("Current absolute path is: " + s): null

2023-04-01 13:47:53 - [TEST_STEP][PASSED] - s = s + "\Data Files\APK Android\SampleAndroidApp-LoginTes_4.0_Apkpure.apk": null

2023-04-01 13:47:53 - [TEST_STEP][PASSED] - out.println("Current absolute path is: " + s): null

2023-04-01 13:47:53 - [TEST_STEP][PASSED] - startApplication(s, false): Started app at: 'D:\JOB SEEKER\SURPLUS\Automation Script\Data Files\APK Android\SampleAndroidApp-LoginTes_4.0_Apkpure.apk'

2023-04-01 13:48:15 - [MESSAGE][PASSED] - Started app at: 'D:\JOB SEEKER\SURPLUS\Automation Script\Data Files\APK Android\SampleAndroidApp-LoginTes_4.0_Apkpure.apk'

2023-04-01 13:48:15 - [TEST_STEP][PASSED] - delay(5, STOP_ON_FAILURE): Delayed 5 second(s)

2023-04-01 13:48:20 - [MESSAGE][PASSED] - Delayed 5 second(s)

2023-04-01 13:48:20 - [TEST_STEP][PASSED] - tap(findTestObject("MOBILE OBJECT/Register/lbl_createAccount"), 10): Tapped on element 'Object Repository/MOBILE OBJECT/Register/lbl_createAccount'

2023-04-01 13:48:22 - [MESSAGE][PASSED] - Tapped on element 'Object Repository/MOBILE OBJECT/Register/lbl_createAccount'

2023-04-01 13:48:22 - [TEST_STEP][PASSED] - setText(findTestObject("MOBILE OBJECT/Register/txt_add_name"), "a", 10): Text 'a' has been set to element 'Object Repository/MOBILE OBJECT/Register/txt_add_name'

2023-04-01 13:48:24 - [MESSAGE][PASSED] - Text 'a' has been set to element 'Object Repository/MOBILE OBJECT/Register/txt_add_name'

2023-04-01 13:48:24 - [TEST_STEP][PASSED] - setText(findTestObject("MOBILE OBJECT/Register/txt_add_email"), "a@gmail.com", 10): Text 'a@gmail.com' has been set to element 'Object Repository/MOBILE OBJECT/Register/txt_add_email'

2023-04-01 13:48:26 - [MESSAGE][PASSED] - Text 'a@gmail.com' has been set to element 'Object Repository/MOBILE OBJECT/Register/txt_add_email'

2023-04-01 13:48:26 - [TEST_STEP][PASSED] - setEncryptedText(findTestObject("MOBILE OBJECT/Register/txt_add_password"), "J7R4ejOak4Y=", 10): Encrypted text 'J7R4ejOak4Y=' has been set to element 'Object Repository/MOBILE OBJECT/Register/txt_add_password'

2023-04-01 13:48:27 - [MESSAGE][PASSED] - Encrypted text 'J7R4ejOak4Y=' has been set to element 'Object Repository/MOBILE OBJECT/Register/txt_add_password'

2023-04-01 13:48:27 - [TEST_STEP][PASSED] - setEncryptedText(findTestObject("MOBILE OBJECT/Register/txt_add_confirmPassword"), "J7R4ejOak4Y=", 10): Encrypted text 'J7R4ejOak4Y=' has been set to element 'Object Repository/MOBILE OBJECT/Register/txt_add_confirmPassword'

2023-04-01 13:48:29 - [MESSAGE][PASSED] - Encrypted text 'J7R4ejOak4Y=' has been set to element 'Object Repository/MOBILE OBJECT/Register/txt_add_confirmPassword'

2023-04-01 13:48:29 - [TEST_STEP][PASSED] - tap(findTestObject("MOBILE OBJECT/Register/btn_register"), 10): Tapped on element 'Object Repository/MOBILE OBJECT/Register/btn_register'

2023-04-01 13:48:29 - [MESSAGE][PASSED] - Tapped on element 'Object Repository/MOBILE OBJECT/Register/btn_register'

2023-04-01 13:48:29 - [TEST_STEP][PASSED] - pressBack(): Press back button successfully

2023-04-01 13:48:30 - [MESSAGE][PASSED] - Press back button successfully]]></system-out>
         <system-err><![CDATA[]]></system-err>
      </testcase>
      <testcase name="Test Cases/Negative Case Mobile - Register - Password Does Not Matches" time="28.808" classname="Test Cases/Negative Case Mobile - Register - Password Does Not Matches" status="PASSED">
         <system-out><![CDATA[2023-04-01 13:48:30 - [TEST_CASE][PASSED] - Test Cases/Negative Case Mobile - Register - Password Does Not Matches: Test Cases/Negative Case Mobile - Register - Password Does Not Matches

2023-04-01 13:48:31 - [TEST_STEP][PASSED] - faker = new com.github.javafaker.Faker(): null

2023-04-01 13:48:31 - [TEST_STEP][PASSED] - firstName = name().firstName(): null

2023-04-01 13:48:31 - [TEST_STEP][PASSED] - name = firstName: null

2023-04-01 13:48:31 - [TEST_STEP][PASSED] - email = surplusKeywords.RandomEmail.getEmail("emailUser", "gmail.com"): surplusKeywords.RandomEmail.getEmail is PASSED

2023-04-01 13:48:31 - [MESSAGE][PASSED] - surplusKeywords.RandomEmail.getEmail is PASSED

2023-04-01 13:48:31 - [TEST_STEP][PASSED] - email = email: null

2023-04-01 13:48:31 - [TEST_STEP][PASSED] - out.println(email): null

2023-04-01 13:48:31 - [TEST_STEP][PASSED] - currentRelativePath = Paths.get(""): null

2023-04-01 13:48:31 - [TEST_STEP][PASSED] - s = toAbsolutePath().toString(): null

2023-04-01 13:48:31 - [TEST_STEP][PASSED] - out.println("Current absolute path is: " + s): null

2023-04-01 13:48:31 - [TEST_STEP][PASSED] - s = s + "\Data Files\APK Android\SampleAndroidApp-LoginTes_4.0_Apkpure.apk": null

2023-04-01 13:48:31 - [TEST_STEP][PASSED] - out.println("Current absolute path is: " + s): null

2023-04-01 13:48:31 - [TEST_STEP][PASSED] - startApplication(s, false): Started app at: 'D:\JOB SEEKER\SURPLUS\Automation Script\Data Files\APK Android\SampleAndroidApp-LoginTes_4.0_Apkpure.apk'

2023-04-01 13:48:45 - [MESSAGE][PASSED] - Started app at: 'D:\JOB SEEKER\SURPLUS\Automation Script\Data Files\APK Android\SampleAndroidApp-LoginTes_4.0_Apkpure.apk'

2023-04-01 13:48:45 - [TEST_STEP][PASSED] - delay(5, STOP_ON_FAILURE): Delayed 5 second(s)

2023-04-01 13:48:50 - [MESSAGE][PASSED] - Delayed 5 second(s)

2023-04-01 13:48:50 - [TEST_STEP][PASSED] - tap(findTestObject("MOBILE OBJECT/Register/lbl_createAccount"), 10): Tapped on element 'Object Repository/MOBILE OBJECT/Register/lbl_createAccount'

2023-04-01 13:48:51 - [MESSAGE][PASSED] - Tapped on element 'Object Repository/MOBILE OBJECT/Register/lbl_createAccount'

2023-04-01 13:48:51 - [TEST_STEP][PASSED] - setText(findTestObject("MOBILE OBJECT/Register/txt_add_name"), firstName, 10): Text 'Willie' has been set to element 'Object Repository/MOBILE OBJECT/Register/txt_add_name'

2023-04-01 13:48:53 - [MESSAGE][PASSED] - Text 'Willie' has been set to element 'Object Repository/MOBILE OBJECT/Register/txt_add_name'

2023-04-01 13:48:53 - [TEST_STEP][PASSED] - setText(findTestObject("MOBILE OBJECT/Register/txt_add_email"), email, 10): Text 'emailUser426@gmail.com' has been set to element 'Object Repository/MOBILE OBJECT/Register/txt_add_email'

2023-04-01 13:48:54 - [MESSAGE][PASSED] - Text 'emailUser426@gmail.com' has been set to element 'Object Repository/MOBILE OBJECT/Register/txt_add_email'

2023-04-01 13:48:54 - [TEST_STEP][PASSED] - setEncryptedText(findTestObject("MOBILE OBJECT/Register/txt_add_password"), "7ZTatM+q3vAyZQd2ps7zRg==", 10): Encrypted text '7ZTatM+q3vAyZQd2ps7zRg==' has been set to element 'Object Repository/MOBILE OBJECT/Register/txt_add_password'

2023-04-01 13:48:56 - [MESSAGE][PASSED] - Encrypted text '7ZTatM+q3vAyZQd2ps7zRg==' has been set to element 'Object Repository/MOBILE OBJECT/Register/txt_add_password'

2023-04-01 13:48:56 - [TEST_STEP][PASSED] - setEncryptedText(findTestObject("MOBILE OBJECT/Register/txt_add_confirmPassword"), "7ZTatM+q3vBgFR2tafRiBEjvq10dNwjr", 10): Encrypted text '7ZTatM+q3vBgFR2tafRiBEjvq10dNwjr' has been set to element 'Object Repository/MOBILE OBJECT/Register/txt_add_confirmPassword'

2023-04-01 13:48:57 - [MESSAGE][PASSED] - Encrypted text '7ZTatM+q3vBgFR2tafRiBEjvq10dNwjr' has been set to element 'Object Repository/MOBILE OBJECT/Register/txt_add_confirmPassword'

2023-04-01 13:48:57 - [TEST_STEP][PASSED] - tap(findTestObject("MOBILE OBJECT/Register/btn_register"), 10): Tapped on element 'Object Repository/MOBILE OBJECT/Register/btn_register'

2023-04-01 13:48:58 - [MESSAGE][PASSED] - Tapped on element 'Object Repository/MOBILE OBJECT/Register/btn_register'

2023-04-01 13:48:58 - [TEST_STEP][PASSED] - verifyElementVisible(findTestObject("MOBILE OBJECT/Register/errorMessage_confirmPassword"), 10): Element 'Object Repository/MOBILE OBJECT/Register/errorMessage_confirmPassword' is visible

2023-04-01 13:48:58 - [MESSAGE][PASSED] - Element 'Object Repository/MOBILE OBJECT/Register/errorMessage_confirmPassword' is visible

2023-04-01 13:48:58 - [TEST_STEP][PASSED] - errorMessageConfirmPassword = getText(findTestObject("MOBILE OBJECT/Register/errorMessage_confirmPassword"), 10): Text of element 'Object Repository/MOBILE OBJECT/Register/errorMessage_confirmPassword' is: 'Password Does Not Matches'

2023-04-01 13:48:59 - [MESSAGE][PASSED] - Text of element 'Object Repository/MOBILE OBJECT/Register/errorMessage_confirmPassword' is: 'Password Does Not Matches'

2023-04-01 13:48:59 - [TEST_STEP][PASSED] - verifyMatch(errorMessageConfirmPassword, "Password Does Not Matches", false): Actual text 'Password Does Not Matches' and expected text 'Password Does Not Matches' are matched 

2023-04-01 13:48:59 - [MESSAGE][PASSED] - Actual text 'Password Does Not Matches' and expected text 'Password Does Not Matches' are matched 

2023-04-01 13:48:59 - [TEST_STEP][PASSED] - pressBack(): Press back button successfully

2023-04-01 13:48:59 - [MESSAGE][PASSED] - Press back button successfully]]></system-out>
         <system-err><![CDATA[]]></system-err>
      </testcase>
      <testcase name="Test Cases/Mobile - Login" time="22.549" classname="Test Cases/Mobile - Login" status="PASSED">
         <system-out><![CDATA[2023-04-01 13:48:59 - [TEST_CASE][PASSED] - Test Cases/Mobile - Login: Test Cases/Mobile - Login

2023-04-01 13:49:00 - [TEST_STEP][PASSED] - faker = new com.github.javafaker.Faker(): null

2023-04-01 13:49:00 - [TEST_STEP][PASSED] - firstName = name().firstName(): null

2023-04-01 13:49:00 - [TEST_STEP][PASSED] - name = firstName: null

2023-04-01 13:49:00 - [TEST_STEP][PASSED] - email = surplusKeywords.RandomEmail.getEmail("emailUser", "gmail.com"): surplusKeywords.RandomEmail.getEmail is PASSED

2023-04-01 13:49:00 - [MESSAGE][PASSED] - surplusKeywords.RandomEmail.getEmail is PASSED

2023-04-01 13:49:00 - [TEST_STEP][PASSED] - email = email: null

2023-04-01 13:49:00 - [TEST_STEP][PASSED] - out.println(email): null

2023-04-01 13:49:00 - [TEST_STEP][PASSED] - currentRelativePath = Paths.get(""): null

2023-04-01 13:49:00 - [TEST_STEP][PASSED] - s = toAbsolutePath().toString(): null

2023-04-01 13:49:00 - [TEST_STEP][PASSED] - out.println("Current absolute path is: " + s): null

2023-04-01 13:49:00 - [TEST_STEP][PASSED] - s = s + "\Data Files\APK Android\SampleAndroidApp-LoginTes_4.0_Apkpure.apk": null

2023-04-01 13:49:00 - [TEST_STEP][PASSED] - out.println("Current absolute path is: " + s): null

2023-04-01 13:49:00 - [TEST_STEP][PASSED] - startApplication(s, false): Started app at: 'D:\JOB SEEKER\SURPLUS\Automation Script\Data Files\APK Android\SampleAndroidApp-LoginTes_4.0_Apkpure.apk'

2023-04-01 13:49:12 - [MESSAGE][PASSED] - Started app at: 'D:\JOB SEEKER\SURPLUS\Automation Script\Data Files\APK Android\SampleAndroidApp-LoginTes_4.0_Apkpure.apk'

2023-04-01 13:49:12 - [TEST_STEP][PASSED] - delay(5, STOP_ON_FAILURE): Delayed 5 second(s)

2023-04-01 13:49:17 - [MESSAGE][PASSED] - Delayed 5 second(s)

2023-04-01 13:49:17 - [TEST_STEP][PASSED] - setText(findTestObject("MOBILE OBJECT/Register/txt_add_email"), email_real_mobile, 10): Text 'sopigp@gmail.com' has been set to element 'Object Repository/MOBILE OBJECT/Register/txt_add_email'

2023-04-01 13:49:20 - [MESSAGE][PASSED] - Text 'sopigp@gmail.com' has been set to element 'Object Repository/MOBILE OBJECT/Register/txt_add_email'

2023-04-01 13:49:20 - [TEST_STEP][PASSED] - setEncryptedText(findTestObject("MOBILE OBJECT/Register/txt_add_password"), "7ZTatM+q3vAyZQd2ps7zRg==", 10): Encrypted text '7ZTatM+q3vAyZQd2ps7zRg==' has been set to element 'Object Repository/MOBILE OBJECT/Register/txt_add_password'

2023-04-01 13:49:21 - [MESSAGE][PASSED] - Encrypted text '7ZTatM+q3vAyZQd2ps7zRg==' has been set to element 'Object Repository/MOBILE OBJECT/Register/txt_add_password'

2023-04-01 13:49:21 - [TEST_STEP][PASSED] - tap(findTestObject("MOBILE OBJECT/Login/btn_login"), 10): Tapped on element 'Object Repository/MOBILE OBJECT/Login/btn_login'

2023-04-01 13:49:22 - [MESSAGE][PASSED] - Tapped on element 'Object Repository/MOBILE OBJECT/Login/btn_login']]></system-out>
         <system-err><![CDATA[]]></system-err>
      </testcase>
      <testcase name="Test Cases/Mobile - Login - Empty Value" time="33.064" classname="Test Cases/Mobile - Login - Empty Value" status="PASSED">
         <system-out><![CDATA[2023-04-01 13:49:22 - [TEST_CASE][PASSED] - Test Cases/Mobile - Login - Empty Value: Test Cases/Mobile - Login - Empty Value

2023-04-01 13:49:22 - [TEST_STEP][PASSED] - currentRelativePath = Paths.get(""): null

2023-04-01 13:49:22 - [TEST_STEP][PASSED] - s = toAbsolutePath().toString(): null

2023-04-01 13:49:22 - [TEST_STEP][PASSED] - out.println("Current absolute path is: " + s): null

2023-04-01 13:49:22 - [TEST_STEP][PASSED] - s = s + "\Data Files\APK Android\SampleAndroidApp-LoginTes_4.0_Apkpure.apk": null

2023-04-01 13:49:22 - [TEST_STEP][PASSED] - out.println("Current absolute path is: " + s): null

2023-04-01 13:49:22 - [TEST_STEP][PASSED] - startApplication(s, false): Started app at: 'D:\JOB SEEKER\SURPLUS\Automation Script\Data Files\APK Android\SampleAndroidApp-LoginTes_4.0_Apkpure.apk'

2023-04-01 13:49:40 - [MESSAGE][PASSED] - Started app at: 'D:\JOB SEEKER\SURPLUS\Automation Script\Data Files\APK Android\SampleAndroidApp-LoginTes_4.0_Apkpure.apk'

2023-04-01 13:49:40 - [TEST_STEP][PASSED] - delay(5, STOP_ON_FAILURE): Delayed 5 second(s)

2023-04-01 13:49:45 - [MESSAGE][PASSED] - Delayed 5 second(s)

2023-04-01 13:49:45 - [TEST_STEP][PASSED] - setText(findTestObject("MOBILE OBJECT/Register/txt_add_email"), "", 10): Text '' has been set to element 'Object Repository/MOBILE OBJECT/Register/txt_add_email'

2023-04-01 13:49:47 - [MESSAGE][PASSED] - Text '' has been set to element 'Object Repository/MOBILE OBJECT/Register/txt_add_email'

2023-04-01 13:49:47 - [TEST_STEP][PASSED] - setEncryptedText(findTestObject("MOBILE OBJECT/Register/txt_add_password"), "7ZTatM+q3vAyZQd2ps7zRg==", 10): Encrypted text '7ZTatM+q3vAyZQd2ps7zRg==' has been set to element 'Object Repository/MOBILE OBJECT/Register/txt_add_password'

2023-04-01 13:49:48 - [MESSAGE][PASSED] - Encrypted text '7ZTatM+q3vAyZQd2ps7zRg==' has been set to element 'Object Repository/MOBILE OBJECT/Register/txt_add_password'

2023-04-01 13:49:48 - [TEST_STEP][PASSED] - tap(findTestObject("MOBILE OBJECT/Login/btn_login"), 10): Tapped on element 'Object Repository/MOBILE OBJECT/Login/btn_login'

2023-04-01 13:49:49 - [MESSAGE][PASSED] - Tapped on element 'Object Repository/MOBILE OBJECT/Login/btn_login'

2023-04-01 13:49:49 - [TEST_STEP][PASSED] - verifyElementVisible(findTestObject("MOBILE OBJECT/Login/errorMassage_email"), 10): Element 'Object Repository/MOBILE OBJECT/Login/errorMassage_email' is visible

2023-04-01 13:49:50 - [MESSAGE][PASSED] - Element 'Object Repository/MOBILE OBJECT/Login/errorMassage_email' is visible

2023-04-01 13:49:50 - [TEST_STEP][PASSED] - errorMessageEmail = getText(findTestObject("MOBILE OBJECT/Login/errorMassage_email"), 10): Text of element 'Object Repository/MOBILE OBJECT/Login/errorMassage_email' is: 'Enter Valid Email'

2023-04-01 13:49:50 - [MESSAGE][PASSED] - Text of element 'Object Repository/MOBILE OBJECT/Login/errorMassage_email' is: 'Enter Valid Email'

2023-04-01 13:49:50 - [TEST_STEP][PASSED] - verifyMatch(errorMessageEmail, "Enter Valid Email", false): Actual text 'Enter Valid Email' and expected text 'Enter Valid Email' are matched 

2023-04-01 13:49:50 - [MESSAGE][PASSED] - Actual text 'Enter Valid Email' and expected text 'Enter Valid Email' are matched 

2023-04-01 13:49:50 - [TEST_STEP][PASSED] - setText(findTestObject("MOBILE OBJECT/Register/txt_add_email"), "sopigp@gmail.com", 10): Text 'sopigp@gmail.com' has been set to element 'Object Repository/MOBILE OBJECT/Register/txt_add_email'

2023-04-01 13:49:51 - [MESSAGE][PASSED] - Text 'sopigp@gmail.com' has been set to element 'Object Repository/MOBILE OBJECT/Register/txt_add_email'

2023-04-01 13:49:51 - [TEST_STEP][PASSED] - setEncryptedText(findTestObject("MOBILE OBJECT/Register/txt_add_password"), "", 10): Encrypted text '' has been set to element 'Object Repository/MOBILE OBJECT/Register/txt_add_password'

2023-04-01 13:49:52 - [MESSAGE][PASSED] - Encrypted text '' has been set to element 'Object Repository/MOBILE OBJECT/Register/txt_add_password'

2023-04-01 13:49:52 - [TEST_STEP][PASSED] - tap(findTestObject("MOBILE OBJECT/Login/btn_login"), 10): Tapped on element 'Object Repository/MOBILE OBJECT/Login/btn_login'

2023-04-01 13:49:53 - [MESSAGE][PASSED] - Tapped on element 'Object Repository/MOBILE OBJECT/Login/btn_login'

2023-04-01 13:49:53 - [TEST_STEP][PASSED] - verifyElementVisible(findTestObject("MOBILE OBJECT/Login/errorMessage_password"), 10): Element 'Object Repository/MOBILE OBJECT/Login/errorMessage_password' is visible

2023-04-01 13:49:54 - [MESSAGE][PASSED] - Element 'Object Repository/MOBILE OBJECT/Login/errorMessage_password' is visible

2023-04-01 13:49:54 - [TEST_STEP][PASSED] - errorMessagePassword = getText(findTestObject("MOBILE OBJECT/Login/errorMessage_password"), 10): Text of element 'Object Repository/MOBILE OBJECT/Login/errorMessage_password' is: 'Enter Valid Email'

2023-04-01 13:49:55 - [MESSAGE][PASSED] - Text of element 'Object Repository/MOBILE OBJECT/Login/errorMessage_password' is: 'Enter Valid Email'

2023-04-01 13:49:55 - [TEST_STEP][PASSED] - verifyMatch(errorMessagePassword, "Enter Valid Email", false): Actual text 'Enter Valid Email' and expected text 'Enter Valid Email' are matched 

2023-04-01 13:49:55 - [MESSAGE][PASSED] - Actual text 'Enter Valid Email' and expected text 'Enter Valid Email' are matched]]></system-out>
         <system-err><![CDATA[]]></system-err>
      </testcase>
      <testcase name="Test Cases/Mobile - Login - Invalid Email" time="24.639" classname="Test Cases/Mobile - Login - Invalid Email" status="PASSED">
         <system-out><![CDATA[2023-04-01 13:49:55 - [TEST_CASE][PASSED] - Test Cases/Mobile - Login - Invalid Email: Test Cases/Mobile - Login - Invalid Email

2023-04-01 13:49:56 - [TEST_STEP][PASSED] - currentRelativePath = Paths.get(""): null

2023-04-01 13:49:56 - [TEST_STEP][PASSED] - s = toAbsolutePath().toString(): null

2023-04-01 13:49:56 - [TEST_STEP][PASSED] - out.println("Current absolute path is: " + s): null

2023-04-01 13:49:56 - [TEST_STEP][PASSED] - s = s + "\Data Files\APK Android\SampleAndroidApp-LoginTes_4.0_Apkpure.apk": null

2023-04-01 13:49:56 - [TEST_STEP][PASSED] - out.println("Current absolute path is: " + s): null

2023-04-01 13:49:56 - [TEST_STEP][PASSED] - startApplication(s, false): Started app at: 'D:\JOB SEEKER\SURPLUS\Automation Script\Data Files\APK Android\SampleAndroidApp-LoginTes_4.0_Apkpure.apk'

2023-04-01 13:50:10 - [MESSAGE][PASSED] - Started app at: 'D:\JOB SEEKER\SURPLUS\Automation Script\Data Files\APK Android\SampleAndroidApp-LoginTes_4.0_Apkpure.apk'

2023-04-01 13:50:10 - [TEST_STEP][PASSED] - delay(5, STOP_ON_FAILURE): Delayed 5 second(s)

2023-04-01 13:50:15 - [MESSAGE][PASSED] - Delayed 5 second(s)

2023-04-01 13:50:15 - [TEST_STEP][PASSED] - setText(findTestObject("MOBILE OBJECT/Register/txt_add_email"), "sopi.com", 10): Text 'sopi.com' has been set to element 'Object Repository/MOBILE OBJECT/Register/txt_add_email'

2023-04-01 13:50:16 - [MESSAGE][PASSED] - Text 'sopi.com' has been set to element 'Object Repository/MOBILE OBJECT/Register/txt_add_email'

2023-04-01 13:50:16 - [TEST_STEP][PASSED] - setEncryptedText(findTestObject("MOBILE OBJECT/Register/txt_add_password"), "7ZTatM+q3vAyZQd2ps7zRg==", 10): Encrypted text '7ZTatM+q3vAyZQd2ps7zRg==' has been set to element 'Object Repository/MOBILE OBJECT/Register/txt_add_password'

2023-04-01 13:50:17 - [MESSAGE][PASSED] - Encrypted text '7ZTatM+q3vAyZQd2ps7zRg==' has been set to element 'Object Repository/MOBILE OBJECT/Register/txt_add_password'

2023-04-01 13:50:17 - [TEST_STEP][PASSED] - tap(findTestObject("MOBILE OBJECT/Login/btn_login"), 10): Tapped on element 'Object Repository/MOBILE OBJECT/Login/btn_login'

2023-04-01 13:50:18 - [MESSAGE][PASSED] - Tapped on element 'Object Repository/MOBILE OBJECT/Login/btn_login'

2023-04-01 13:50:18 - [TEST_STEP][PASSED] - verifyElementVisible(findTestObject("MOBILE OBJECT/Login/errorMassage_email"), 10): Element 'Object Repository/MOBILE OBJECT/Login/errorMassage_email' is visible

2023-04-01 13:50:19 - [MESSAGE][PASSED] - Element 'Object Repository/MOBILE OBJECT/Login/errorMassage_email' is visible

2023-04-01 13:50:19 - [TEST_STEP][PASSED] - errorMessageEmail = getText(findTestObject("MOBILE OBJECT/Login/errorMassage_email"), 10): Text of element 'Object Repository/MOBILE OBJECT/Login/errorMassage_email' is: 'Enter Valid Email'

2023-04-01 13:50:19 - [MESSAGE][PASSED] - Text of element 'Object Repository/MOBILE OBJECT/Login/errorMassage_email' is: 'Enter Valid Email'

2023-04-01 13:50:19 - [TEST_STEP][PASSED] - verifyMatch(errorMessageEmail, "Enter Valid Email", false): Actual text 'Enter Valid Email' and expected text 'Enter Valid Email' are matched 

2023-04-01 13:50:19 - [MESSAGE][PASSED] - Actual text 'Enter Valid Email' and expected text 'Enter Valid Email' are matched]]></system-out>
         <system-err><![CDATA[]]></system-err>
      </testcase>
      <testcase name="Test Cases/Mobile - Login - Wrong Password" time="25.828" classname="Test Cases/Mobile - Login - Wrong Password" status="PASSED">
         <system-out><![CDATA[2023-04-01 13:50:19 - [TEST_CASE][PASSED] - Test Cases/Mobile - Login - Wrong Password: Test Cases/Mobile - Login - Wrong Password

2023-04-01 13:50:20 - [TEST_STEP][PASSED] - currentRelativePath = Paths.get(""): null

2023-04-01 13:50:20 - [TEST_STEP][PASSED] - s = toAbsolutePath().toString(): null

2023-04-01 13:50:20 - [TEST_STEP][PASSED] - out.println("Current absolute path is: " + s): null

2023-04-01 13:50:20 - [TEST_STEP][PASSED] - s = s + "\Data Files\APK Android\SampleAndroidApp-LoginTes_4.0_Apkpure.apk": null

2023-04-01 13:50:20 - [TEST_STEP][PASSED] - out.println("Current absolute path is: " + s): null

2023-04-01 13:50:20 - [TEST_STEP][PASSED] - startApplication(s, false): Started app at: 'D:\JOB SEEKER\SURPLUS\Automation Script\Data Files\APK Android\SampleAndroidApp-LoginTes_4.0_Apkpure.apk'

2023-04-01 13:50:35 - [MESSAGE][PASSED] - Started app at: 'D:\JOB SEEKER\SURPLUS\Automation Script\Data Files\APK Android\SampleAndroidApp-LoginTes_4.0_Apkpure.apk'

2023-04-01 13:50:35 - [TEST_STEP][PASSED] - delay(5, STOP_ON_FAILURE): Delayed 5 second(s)

2023-04-01 13:50:40 - [MESSAGE][PASSED] - Delayed 5 second(s)

2023-04-01 13:50:40 - [TEST_STEP][PASSED] - setText(findTestObject("MOBILE OBJECT/Register/txt_add_email"), "sopigp@gmail.com", 10): Text 'sopigp@gmail.com' has been set to element 'Object Repository/MOBILE OBJECT/Register/txt_add_email'

2023-04-01 13:50:42 - [MESSAGE][PASSED] - Text 'sopigp@gmail.com' has been set to element 'Object Repository/MOBILE OBJECT/Register/txt_add_email'

2023-04-01 13:50:42 - [TEST_STEP][PASSED] - setEncryptedText(findTestObject("MOBILE OBJECT/Register/txt_add_password"), "7ZTatM+q3vAi+bI5S4PYCw==", 10): Encrypted text '7ZTatM+q3vAi+bI5S4PYCw==' has been set to element 'Object Repository/MOBILE OBJECT/Register/txt_add_password'

2023-04-01 13:50:44 - [MESSAGE][PASSED] - Encrypted text '7ZTatM+q3vAi+bI5S4PYCw==' has been set to element 'Object Repository/MOBILE OBJECT/Register/txt_add_password'

2023-04-01 13:50:44 - [TEST_STEP][PASSED] - tap(findTestObject("MOBILE OBJECT/Login/btn_login"), 10): Tapped on element 'Object Repository/MOBILE OBJECT/Login/btn_login'

2023-04-01 13:50:45 - [MESSAGE][PASSED] - Tapped on element 'Object Repository/MOBILE OBJECT/Login/btn_login']]></system-out>
         <system-err><![CDATA[]]></system-err>
      </testcase>
      <testcase name="Test Cases/Mobile - Login - Email not yet registered" time="26.279" classname="Test Cases/Mobile - Login - Email not yet registered" status="PASSED">
         <system-out><![CDATA[2023-04-01 13:50:45 - [TEST_CASE][PASSED] - Test Cases/Mobile - Login - Email not yet registered: Test Cases/Mobile - Login - Email not yet registered

2023-04-01 13:50:46 - [TEST_STEP][PASSED] - faker = new com.github.javafaker.Faker(): null

2023-04-01 13:50:46 - [TEST_STEP][PASSED] - email = surplusKeywords.RandomEmail.getEmail("emailUser", "gmail.com"): surplusKeywords.RandomEmail.getEmail is PASSED

2023-04-01 13:50:46 - [MESSAGE][PASSED] - surplusKeywords.RandomEmail.getEmail is PASSED

2023-04-01 13:50:46 - [TEST_STEP][PASSED] - email = email: null

2023-04-01 13:50:46 - [TEST_STEP][PASSED] - out.println(email): null

2023-04-01 13:50:46 - [TEST_STEP][PASSED] - currentRelativePath = Paths.get(""): null

2023-04-01 13:50:46 - [TEST_STEP][PASSED] - s = toAbsolutePath().toString(): null

2023-04-01 13:50:46 - [TEST_STEP][PASSED] - out.println("Current absolute path is: " + s): null

2023-04-01 13:50:46 - [TEST_STEP][PASSED] - s = s + "\Data Files\APK Android\SampleAndroidApp-LoginTes_4.0_Apkpure.apk": null

2023-04-01 13:50:46 - [TEST_STEP][PASSED] - out.println("Current absolute path is: " + s): null

2023-04-01 13:50:46 - [TEST_STEP][PASSED] - startApplication(s, false): Started app at: 'D:\JOB SEEKER\SURPLUS\Automation Script\Data Files\APK Android\SampleAndroidApp-LoginTes_4.0_Apkpure.apk'

2023-04-01 13:51:03 - [MESSAGE][PASSED] - Started app at: 'D:\JOB SEEKER\SURPLUS\Automation Script\Data Files\APK Android\SampleAndroidApp-LoginTes_4.0_Apkpure.apk'

2023-04-01 13:51:03 - [TEST_STEP][PASSED] - delay(5, STOP_ON_FAILURE): Delayed 5 second(s)

2023-04-01 13:51:08 - [MESSAGE][PASSED] - Delayed 5 second(s)

2023-04-01 13:51:08 - [TEST_STEP][PASSED] - setText(findTestObject("MOBILE OBJECT/Register/txt_add_email"), email, 10): Text 'emailUser370@gmail.com' has been set to element 'Object Repository/MOBILE OBJECT/Register/txt_add_email'

2023-04-01 13:51:09 - [MESSAGE][PASSED] - Text 'emailUser370@gmail.com' has been set to element 'Object Repository/MOBILE OBJECT/Register/txt_add_email'

2023-04-01 13:51:09 - [TEST_STEP][PASSED] - setEncryptedText(findTestObject("MOBILE OBJECT/Register/txt_add_password"), "7ZTatM+q3vAyZQd2ps7zRg==", 10): Encrypted text '7ZTatM+q3vAyZQd2ps7zRg==' has been set to element 'Object Repository/MOBILE OBJECT/Register/txt_add_password'

2023-04-01 13:51:10 - [MESSAGE][PASSED] - Encrypted text '7ZTatM+q3vAyZQd2ps7zRg==' has been set to element 'Object Repository/MOBILE OBJECT/Register/txt_add_password'

2023-04-01 13:51:10 - [TEST_STEP][PASSED] - tap(findTestObject("MOBILE OBJECT/Login/btn_login"), 10): Tapped on element 'Object Repository/MOBILE OBJECT/Login/btn_login'

2023-04-01 13:51:11 - [MESSAGE][PASSED] - Tapped on element 'Object Repository/MOBILE OBJECT/Login/btn_login']]></system-out>
         <system-err><![CDATA[]]></system-err>
      </testcase>
      <system-out><![CDATA[2023-04-01 13:43:44 - [TEST_SUITE][PASSED] - Test Suite Mobile: Test Cases/Mobile - Login - Email not yet registered]]></system-out>
      <system-err><![CDATA[]]></system-err>
   </testsuite>
</testsuites>
